[0.197s] DEBUG:colcon:Command line arguments: ['/usr/bin/colcon', 'build']
[0.197s] DEBUG:colcon:Parsed command line arguments: Namespace(log_base=None, log_level=None, verb_name='build', build_base='build', install_base='install', merge_install=False, symlink_install=False, test_result_base=None, continue_on_error=False, executor='parallel', parallel_workers=16, event_handlers=None, ignore_user_meta=False, metas=['./colcon.meta'], base_paths=['.'], packages_ignore=None, packages_ignore_regex=None, paths=None, packages_up_to=None, packages_up_to_regex=None, packages_above=None, packages_above_and_dependencies=None, packages_above_depth=None, packages_select_by_dep=None, packages_skip_by_dep=None, packages_skip_up_to=None, packages_select_build_failed=False, packages_skip_build_finished=False, packages_select_test_failures=False, packages_skip_test_passed=False, packages_select=None, packages_skip=None, packages_select_regex=None, packages_skip_regex=None, packages_start=None, packages_end=None, allow_overriding=[], cmake_args=None, cmake_target=None, cmake_target_skip_unavailable=False, cmake_clean_cache=False, cmake_clean_first=False, cmake_force_configure=False, ament_cmake_args=None, catkin_cmake_args=None, catkin_skip_building_tests=False, mixin_files=None, mixin=None, verb_parser=<colcon_mixin.mixin.mixin_argument.MixinArgumentDecorator object at 0x7336424529e0>, verb_extension=<colcon_core.verb.build.BuildVerb object at 0x733642452410>, main=<bound method BuildVerb.main of <colcon_core.verb.build.BuildVerb object at 0x733642452410>>, mixin_verb=('build',))
[0.388s] Level 1:colcon.colcon_core.package_discovery:discover_packages(colcon_meta) check parameters
[0.388s] Level 1:colcon.colcon_core.package_discovery:discover_packages(recursive) check parameters
[0.388s] Level 1:colcon.colcon_core.package_discovery:discover_packages(ignore) check parameters
[0.388s] Level 1:colcon.colcon_core.package_discovery:discover_packages(path) check parameters
[0.388s] Level 1:colcon.colcon_core.package_discovery:discover_packages(colcon_meta) discover
[0.389s] Level 1:colcon.colcon_core.package_discovery:discover_packages(recursive) discover
[0.389s] INFO:colcon.colcon_core.package_discovery:Crawling recursively for packages in '/home/akshat/ROS-Humble-BlueRov2-Driver'
[0.389s] Level 1:colcon.colcon_core.package_identification:_identify(.) by extensions ['ignore', 'ignore_ament_install']
[0.389s] Level 1:colcon.colcon_core.package_identification:_identify(.) by extension 'ignore'
[0.389s] Level 1:colcon.colcon_core.package_identification:_identify(.) by extension 'ignore_ament_install'
[0.389s] Level 1:colcon.colcon_core.package_identification:_identify(.) by extensions ['colcon_pkg']
[0.389s] Level 1:colcon.colcon_core.package_identification:_identify(.) by extension 'colcon_pkg'
[0.389s] Level 1:colcon.colcon_core.package_identification:_identify(.) by extensions ['colcon_meta']
[0.389s] Level 1:colcon.colcon_core.package_identification:_identify(.) by extension 'colcon_meta'
[0.389s] Level 1:colcon.colcon_core.package_identification:_identify(.) by extensions ['ros']
[0.389s] Level 1:colcon.colcon_core.package_identification:_identify(.) by extension 'ros'
[0.420s] Level 1:colcon.colcon_core.package_identification:_identify(.) by extensions ['cmake', 'python']
[0.420s] Level 1:colcon.colcon_core.package_identification:_identify(.) by extension 'cmake'
[0.420s] Level 1:colcon.colcon_core.package_identification:_identify(.) by extension 'python'
[0.420s] Level 1:colcon.colcon_core.package_identification:_identify(.) by extensions ['python_setup_py']
[0.420s] Level 1:colcon.colcon_core.package_identification:_identify(.) by extension 'python_setup_py'
[0.420s] Level 1:colcon.colcon_core.package_identification:_identify(build) by extensions ['ignore', 'ignore_ament_install']
[0.420s] Level 1:colcon.colcon_core.package_identification:_identify(build) by extension 'ignore'
[0.420s] Level 1:colcon.colcon_core.package_identification:_identify(build) ignored
[0.421s] Level 1:colcon.colcon_core.package_identification:_identify(img) by extensions ['ignore', 'ignore_ament_install']
[0.421s] Level 1:colcon.colcon_core.package_identification:_identify(img) by extension 'ignore'
[0.421s] Level 1:colcon.colcon_core.package_identification:_identify(img) by extension 'ignore_ament_install'
[0.421s] Level 1:colcon.colcon_core.package_identification:_identify(img) by extensions ['colcon_pkg']
[0.421s] Level 1:colcon.colcon_core.package_identification:_identify(img) by extension 'colcon_pkg'
[0.421s] Level 1:colcon.colcon_core.package_identification:_identify(img) by extensions ['colcon_meta']
[0.421s] Level 1:colcon.colcon_core.package_identification:_identify(img) by extension 'colcon_meta'
[0.421s] Level 1:colcon.colcon_core.package_identification:_identify(img) by extensions ['ros']
[0.421s] Level 1:colcon.colcon_core.package_identification:_identify(img) by extension 'ros'
[0.421s] Level 1:colcon.colcon_core.package_identification:_identify(img) by extensions ['cmake', 'python']
[0.421s] Level 1:colcon.colcon_core.package_identification:_identify(img) by extension 'cmake'
[0.421s] Level 1:colcon.colcon_core.package_identification:_identify(img) by extension 'python'
[0.421s] Level 1:colcon.colcon_core.package_identification:_identify(img) by extensions ['python_setup_py']
[0.421s] Level 1:colcon.colcon_core.package_identification:_identify(img) by extension 'python_setup_py'
[0.422s] Level 1:colcon.colcon_core.package_identification:_identify(install) by extensions ['ignore', 'ignore_ament_install']
[0.422s] Level 1:colcon.colcon_core.package_identification:_identify(install) by extension 'ignore'
[0.422s] Level 1:colcon.colcon_core.package_identification:_identify(install) ignored
[0.422s] Level 1:colcon.colcon_core.package_identification:_identify(log) by extensions ['ignore', 'ignore_ament_install']
[0.422s] Level 1:colcon.colcon_core.package_identification:_identify(log) by extension 'ignore'
[0.422s] Level 1:colcon.colcon_core.package_identification:_identify(log) ignored
[0.422s] Level 1:colcon.colcon_core.package_identification:_identify(src) by extensions ['ignore', 'ignore_ament_install']
[0.422s] Level 1:colcon.colcon_core.package_identification:_identify(src) by extension 'ignore'
[0.423s] Level 1:colcon.colcon_core.package_identification:_identify(src) by extension 'ignore_ament_install'
[0.423s] Level 1:colcon.colcon_core.package_identification:_identify(src) by extensions ['colcon_pkg']
[0.423s] Level 1:colcon.colcon_core.package_identification:_identify(src) by extension 'colcon_pkg'
[0.423s] Level 1:colcon.colcon_core.package_identification:_identify(src) by extensions ['colcon_meta']
[0.423s] Level 1:colcon.colcon_core.package_identification:_identify(src) by extension 'colcon_meta'
[0.423s] Level 1:colcon.colcon_core.package_identification:_identify(src) by extensions ['ros']
[0.423s] Level 1:colcon.colcon_core.package_identification:_identify(src) by extension 'ros'
[0.423s] Level 1:colcon.colcon_core.package_identification:_identify(src) by extensions ['cmake', 'python']
[0.423s] Level 1:colcon.colcon_core.package_identification:_identify(src) by extension 'cmake'
[0.423s] Level 1:colcon.colcon_core.package_identification:_identify(src) by extension 'python'
[0.423s] Level 1:colcon.colcon_core.package_identification:_identify(src) by extensions ['python_setup_py']
[0.423s] Level 1:colcon.colcon_core.package_identification:_identify(src) by extension 'python_setup_py'
[0.423s] Level 1:colcon.colcon_core.package_identification:_identify(src/bluerov2_bringup) by extensions ['ignore', 'ignore_ament_install']
[0.423s] Level 1:colcon.colcon_core.package_identification:_identify(src/bluerov2_bringup) by extension 'ignore'
[0.423s] Level 1:colcon.colcon_core.package_identification:_identify(src/bluerov2_bringup) by extension 'ignore_ament_install'
[0.423s] Level 1:colcon.colcon_core.package_identification:_identify(src/bluerov2_bringup) by extensions ['colcon_pkg']
[0.423s] Level 1:colcon.colcon_core.package_identification:_identify(src/bluerov2_bringup) by extension 'colcon_pkg'
[0.423s] Level 1:colcon.colcon_core.package_identification:_identify(src/bluerov2_bringup) by extensions ['colcon_meta']
[0.423s] Level 1:colcon.colcon_core.package_identification:_identify(src/bluerov2_bringup) by extension 'colcon_meta'
[0.423s] Level 1:colcon.colcon_core.package_identification:_identify(src/bluerov2_bringup) by extensions ['ros']
[0.423s] Level 1:colcon.colcon_core.package_identification:_identify(src/bluerov2_bringup) by extension 'ros'
[0.427s] DEBUG:colcon.colcon_core.package_identification:Package 'src/bluerov2_bringup' with type 'ros.ament_cmake' and name 'bluerov2_bringup'
[0.427s] Level 1:colcon.colcon_core.package_identification:_identify(src/bluerov2_controller) by extensions ['ignore', 'ignore_ament_install']
[0.427s] Level 1:colcon.colcon_core.package_identification:_identify(src/bluerov2_controller) by extension 'ignore'
[0.427s] Level 1:colcon.colcon_core.package_identification:_identify(src/bluerov2_controller) by extension 'ignore_ament_install'
[0.427s] Level 1:colcon.colcon_core.package_identification:_identify(src/bluerov2_controller) by extensions ['colcon_pkg']
[0.427s] Level 1:colcon.colcon_core.package_identification:_identify(src/bluerov2_controller) by extension 'colcon_pkg'
[0.427s] Level 1:colcon.colcon_core.package_identification:_identify(src/bluerov2_controller) by extensions ['colcon_meta']
[0.427s] Level 1:colcon.colcon_core.package_identification:_identify(src/bluerov2_controller) by extension 'colcon_meta'
[0.427s] Level 1:colcon.colcon_core.package_identification:_identify(src/bluerov2_controller) by extensions ['ros']
[0.427s] Level 1:colcon.colcon_core.package_identification:_identify(src/bluerov2_controller) by extension 'ros'
[0.428s] DEBUG:colcon.colcon_core.package_identification:Package 'src/bluerov2_controller' with type 'ros.ament_python' and name 'bluerov2_controller'
[0.428s] Level 1:colcon.colcon_core.package_identification:_identify(src/bluerov2_interfaces) by extensions ['ignore', 'ignore_ament_install']
[0.428s] Level 1:colcon.colcon_core.package_identification:_identify(src/bluerov2_interfaces) by extension 'ignore'
[0.428s] Level 1:colcon.colcon_core.package_identification:_identify(src/bluerov2_interfaces) by extension 'ignore_ament_install'
[0.428s] Level 1:colcon.colcon_core.package_identification:_identify(src/bluerov2_interfaces) by extensions ['colcon_pkg']
[0.428s] Level 1:colcon.colcon_core.package_identification:_identify(src/bluerov2_interfaces) by extension 'colcon_pkg'
[0.428s] Level 1:colcon.colcon_core.package_identification:_identify(src/bluerov2_interfaces) by extensions ['colcon_meta']
[0.428s] Level 1:colcon.colcon_core.package_identification:_identify(src/bluerov2_interfaces) by extension 'colcon_meta'
[0.428s] Level 1:colcon.colcon_core.package_identification:_identify(src/bluerov2_interfaces) by extensions ['ros']
[0.428s] Level 1:colcon.colcon_core.package_identification:_identify(src/bluerov2_interfaces) by extension 'ros'
[0.428s] DEBUG:colcon.colcon_core.package_identification:Package 'src/bluerov2_interfaces' with type 'ros.ament_cmake' and name 'bluerov2_interfaces'
[0.429s] Level 1:colcon.colcon_core.package_identification:_identify(src/tritech_micron) by extensions ['ignore', 'ignore_ament_install']
[0.429s] Level 1:colcon.colcon_core.package_identification:_identify(src/tritech_micron) by extension 'ignore'
[0.429s] Level 1:colcon.colcon_core.package_identification:_identify(src/tritech_micron) by extension 'ignore_ament_install'
[0.429s] Level 1:colcon.colcon_core.package_identification:_identify(src/tritech_micron) by extensions ['colcon_pkg']
[0.429s] Level 1:colcon.colcon_core.package_identification:_identify(src/tritech_micron) by extension 'colcon_pkg'
[0.429s] Level 1:colcon.colcon_core.package_identification:_identify(src/tritech_micron) by extensions ['colcon_meta']
[0.429s] Level 1:colcon.colcon_core.package_identification:_identify(src/tritech_micron) by extension 'colcon_meta'
[0.429s] Level 1:colcon.colcon_core.package_identification:_identify(src/tritech_micron) by extensions ['ros']
[0.429s] Level 1:colcon.colcon_core.package_identification:_identify(src/tritech_micron) by extension 'ros'
[0.429s] DEBUG:colcon.colcon_core.package_identification:Package 'src/tritech_micron' with type 'ros.ament_python' and name 'tritech_micron'
[0.429s] Level 1:colcon.colcon_core.package_identification:_identify(src/tritech_micron_interfaces) by extensions ['ignore', 'ignore_ament_install']
[0.430s] Level 1:colcon.colcon_core.package_identification:_identify(src/tritech_micron_interfaces) by extension 'ignore'
[0.430s] Level 1:colcon.colcon_core.package_identification:_identify(src/tritech_micron_interfaces) by extension 'ignore_ament_install'
[0.430s] Level 1:colcon.colcon_core.package_identification:_identify(src/tritech_micron_interfaces) by extensions ['colcon_pkg']
[0.430s] Level 1:colcon.colcon_core.package_identification:_identify(src/tritech_micron_interfaces) by extension 'colcon_pkg'
[0.430s] Level 1:colcon.colcon_core.package_identification:_identify(src/tritech_micron_interfaces) by extensions ['colcon_meta']
[0.430s] Level 1:colcon.colcon_core.package_identification:_identify(src/tritech_micron_interfaces) by extension 'colcon_meta'
[0.430s] Level 1:colcon.colcon_core.package_identification:_identify(src/tritech_micron_interfaces) by extensions ['ros']
[0.430s] Level 1:colcon.colcon_core.package_identification:_identify(src/tritech_micron_interfaces) by extension 'ros'
[0.430s] DEBUG:colcon.colcon_core.package_identification:Package 'src/tritech_micron_interfaces' with type 'ros.ament_cmake' and name 'tritech_micron_interfaces'
[0.430s] Level 1:colcon.colcon_core.package_discovery:discover_packages(recursive) using defaults
[0.430s] Level 1:colcon.colcon_core.package_discovery:discover_packages(ignore) discover
[0.430s] Level 1:colcon.colcon_core.package_discovery:discover_packages(ignore) using defaults
[0.430s] Level 1:colcon.colcon_core.package_discovery:discover_packages(path) discover
[0.430s] Level 1:colcon.colcon_core.package_discovery:discover_packages(path) using defaults
[0.457s] Level 1:colcon.colcon_core.package_discovery:discover_packages(prefix_path) check parameters
[0.457s] Level 1:colcon.colcon_core.package_discovery:discover_packages(prefix_path) discover
[0.462s] DEBUG:colcon.colcon_installed_package_information.package_discovery:Found 1 installed packages in /home/akshat/my_ros2_ws/install
[0.463s] DEBUG:colcon.colcon_installed_package_information.package_discovery:Found 20 installed packages in /home/akshat/simulation_ws/install
[0.465s] DEBUG:colcon.colcon_installed_package_information.package_discovery:Found 3 installed packages in /home/akshat/tele_ws/install
[0.465s] DEBUG:colcon.colcon_installed_package_information.package_discovery:Found 1 installed packages in /home/akshat/Documents/GitHub/SJO038/tb3_ws/install
[0.465s] DEBUG:colcon.colcon_installed_package_information.package_discovery:Found 15 installed packages in /home/akshat/Documents/GitHub/SJO038/turtlebot3_ws/install
[0.466s] DEBUG:colcon.colcon_installed_package_information.package_discovery:Found 4 installed packages in /home/akshat/Documents/GitHub/SJO038/ros2_ws/install
[0.468s] DEBUG:colcon.colcon_installed_package_information.package_discovery:Found 447 installed packages in /opt/ros/humble
[0.469s] Level 1:colcon.colcon_core.package_discovery:discover_packages(prefix_path) using defaults
[0.541s] Level 5:colcon.colcon_core.verb:set package 'bluerov2_interfaces' build argument 'cmake_args' from command line to 'None'
[0.541s] Level 5:colcon.colcon_core.verb:set package 'bluerov2_interfaces' build argument 'cmake_target' from command line to 'None'
[0.541s] Level 5:colcon.colcon_core.verb:set package 'bluerov2_interfaces' build argument 'cmake_target_skip_unavailable' from command line to 'False'
[0.541s] Level 5:colcon.colcon_core.verb:set package 'bluerov2_interfaces' build argument 'cmake_clean_cache' from command line to 'False'
[0.541s] Level 5:colcon.colcon_core.verb:set package 'bluerov2_interfaces' build argument 'cmake_clean_first' from command line to 'False'
[0.541s] Level 5:colcon.colcon_core.verb:set package 'bluerov2_interfaces' build argument 'cmake_force_configure' from command line to 'False'
[0.541s] Level 5:colcon.colcon_core.verb:set package 'bluerov2_interfaces' build argument 'ament_cmake_args' from command line to 'None'
[0.541s] Level 5:colcon.colcon_core.verb:set package 'bluerov2_interfaces' build argument 'catkin_cmake_args' from command line to 'None'
[0.541s] Level 5:colcon.colcon_core.verb:set package 'bluerov2_interfaces' build argument 'catkin_skip_building_tests' from command line to 'False'
[0.541s] DEBUG:colcon.colcon_core.verb:Building package 'bluerov2_interfaces' with the following arguments: {'ament_cmake_args': None, 'build_base': '/home/akshat/ROS-Humble-BlueRov2-Driver/build/bluerov2_interfaces', 'catkin_cmake_args': None, 'catkin_skip_building_tests': False, 'cmake_args': None, 'cmake_clean_cache': False, 'cmake_clean_first': False, 'cmake_force_configure': False, 'cmake_target': None, 'cmake_target_skip_unavailable': False, 'install_base': '/home/akshat/ROS-Humble-BlueRov2-Driver/install/bluerov2_interfaces', 'merge_install': False, 'path': '/home/akshat/ROS-Humble-BlueRov2-Driver/src/bluerov2_interfaces', 'symlink_install': False, 'test_result_base': None}
[0.542s] Level 5:colcon.colcon_core.verb:set package 'tritech_micron_interfaces' build argument 'cmake_args' from command line to 'None'
[0.542s] Level 5:colcon.colcon_core.verb:set package 'tritech_micron_interfaces' build argument 'cmake_target' from command line to 'None'
[0.542s] Level 5:colcon.colcon_core.verb:set package 'tritech_micron_interfaces' build argument 'cmake_target_skip_unavailable' from command line to 'False'
[0.542s] Level 5:colcon.colcon_core.verb:set package 'tritech_micron_interfaces' build argument 'cmake_clean_cache' from command line to 'False'
[0.542s] Level 5:colcon.colcon_core.verb:set package 'tritech_micron_interfaces' build argument 'cmake_clean_first' from command line to 'False'
[0.542s] Level 5:colcon.colcon_core.verb:set package 'tritech_micron_interfaces' build argument 'cmake_force_configure' from command line to 'False'
[0.542s] Level 5:colcon.colcon_core.verb:set package 'tritech_micron_interfaces' build argument 'ament_cmake_args' from command line to 'None'
[0.542s] Level 5:colcon.colcon_core.verb:set package 'tritech_micron_interfaces' build argument 'catkin_cmake_args' from command line to 'None'
[0.542s] Level 5:colcon.colcon_core.verb:set package 'tritech_micron_interfaces' build argument 'catkin_skip_building_tests' from command line to 'False'
[0.542s] DEBUG:colcon.colcon_core.verb:Building package 'tritech_micron_interfaces' with the following arguments: {'ament_cmake_args': None, 'build_base': '/home/akshat/ROS-Humble-BlueRov2-Driver/build/tritech_micron_interfaces', 'catkin_cmake_args': None, 'catkin_skip_building_tests': False, 'cmake_args': None, 'cmake_clean_cache': False, 'cmake_clean_first': False, 'cmake_force_configure': False, 'cmake_target': None, 'cmake_target_skip_unavailable': False, 'install_base': '/home/akshat/ROS-Humble-BlueRov2-Driver/install/tritech_micron_interfaces', 'merge_install': False, 'path': '/home/akshat/ROS-Humble-BlueRov2-Driver/src/tritech_micron_interfaces', 'symlink_install': False, 'test_result_base': None}
[0.542s] Level 5:colcon.colcon_core.verb:set package 'bluerov2_controller' build argument 'cmake_args' from command line to 'None'
[0.542s] Level 5:colcon.colcon_core.verb:set package 'bluerov2_controller' build argument 'cmake_target' from command line to 'None'
[0.542s] Level 5:colcon.colcon_core.verb:set package 'bluerov2_controller' build argument 'cmake_target_skip_unavailable' from command line to 'False'
[0.542s] Level 5:colcon.colcon_core.verb:set package 'bluerov2_controller' build argument 'cmake_clean_cache' from command line to 'False'
[0.542s] Level 5:colcon.colcon_core.verb:set package 'bluerov2_controller' build argument 'cmake_clean_first' from command line to 'False'
[0.542s] Level 5:colcon.colcon_core.verb:set package 'bluerov2_controller' build argument 'cmake_force_configure' from command line to 'False'
[0.542s] Level 5:colcon.colcon_core.verb:set package 'bluerov2_controller' build argument 'ament_cmake_args' from command line to 'None'
[0.542s] Level 5:colcon.colcon_core.verb:set package 'bluerov2_controller' build argument 'catkin_cmake_args' from command line to 'None'
[0.542s] Level 5:colcon.colcon_core.verb:set package 'bluerov2_controller' build argument 'catkin_skip_building_tests' from command line to 'False'
[0.542s] DEBUG:colcon.colcon_core.verb:Building package 'bluerov2_controller' with the following arguments: {'ament_cmake_args': None, 'build_base': '/home/akshat/ROS-Humble-BlueRov2-Driver/build/bluerov2_controller', 'catkin_cmake_args': None, 'catkin_skip_building_tests': False, 'cmake_args': None, 'cmake_clean_cache': False, 'cmake_clean_first': False, 'cmake_force_configure': False, 'cmake_target': None, 'cmake_target_skip_unavailable': False, 'install_base': '/home/akshat/ROS-Humble-BlueRov2-Driver/install/bluerov2_controller', 'merge_install': False, 'path': '/home/akshat/ROS-Humble-BlueRov2-Driver/src/bluerov2_controller', 'symlink_install': False, 'test_result_base': None}
[0.543s] Level 5:colcon.colcon_core.verb:set package 'tritech_micron' build argument 'cmake_args' from command line to 'None'
[0.543s] Level 5:colcon.colcon_core.verb:set package 'tritech_micron' build argument 'cmake_target' from command line to 'None'
[0.543s] Level 5:colcon.colcon_core.verb:set package 'tritech_micron' build argument 'cmake_target_skip_unavailable' from command line to 'False'
[0.543s] Level 5:colcon.colcon_core.verb:set package 'tritech_micron' build argument 'cmake_clean_cache' from command line to 'False'
[0.543s] Level 5:colcon.colcon_core.verb:set package 'tritech_micron' build argument 'cmake_clean_first' from command line to 'False'
[0.543s] Level 5:colcon.colcon_core.verb:set package 'tritech_micron' build argument 'cmake_force_configure' from command line to 'False'
[0.543s] Level 5:colcon.colcon_core.verb:set package 'tritech_micron' build argument 'ament_cmake_args' from command line to 'None'
[0.543s] Level 5:colcon.colcon_core.verb:set package 'tritech_micron' build argument 'catkin_cmake_args' from command line to 'None'
[0.543s] Level 5:colcon.colcon_core.verb:set package 'tritech_micron' build argument 'catkin_skip_building_tests' from command line to 'False'
[0.543s] DEBUG:colcon.colcon_core.verb:Building package 'tritech_micron' with the following arguments: {'ament_cmake_args': None, 'build_base': '/home/akshat/ROS-Humble-BlueRov2-Driver/build/tritech_micron', 'catkin_cmake_args': None, 'catkin_skip_building_tests': False, 'cmake_args': None, 'cmake_clean_cache': False, 'cmake_clean_first': False, 'cmake_force_configure': False, 'cmake_target': None, 'cmake_target_skip_unavailable': False, 'install_base': '/home/akshat/ROS-Humble-BlueRov2-Driver/install/tritech_micron', 'merge_install': False, 'path': '/home/akshat/ROS-Humble-BlueRov2-Driver/src/tritech_micron', 'symlink_install': False, 'test_result_base': None}
[0.543s] Level 5:colcon.colcon_core.verb:set package 'bluerov2_bringup' build argument 'cmake_args' from command line to 'None'
[0.543s] Level 5:colcon.colcon_core.verb:set package 'bluerov2_bringup' build argument 'cmake_target' from command line to 'None'
[0.543s] Level 5:colcon.colcon_core.verb:set package 'bluerov2_bringup' build argument 'cmake_target_skip_unavailable' from command line to 'False'
[0.543s] Level 5:colcon.colcon_core.verb:set package 'bluerov2_bringup' build argument 'cmake_clean_cache' from command line to 'False'
[0.543s] Level 5:colcon.colcon_core.verb:set package 'bluerov2_bringup' build argument 'cmake_clean_first' from command line to 'False'
[0.543s] Level 5:colcon.colcon_core.verb:set package 'bluerov2_bringup' build argument 'cmake_force_configure' from command line to 'False'
[0.543s] Level 5:colcon.colcon_core.verb:set package 'bluerov2_bringup' build argument 'ament_cmake_args' from command line to 'None'
[0.543s] Level 5:colcon.colcon_core.verb:set package 'bluerov2_bringup' build argument 'catkin_cmake_args' from command line to 'None'
[0.543s] Level 5:colcon.colcon_core.verb:set package 'bluerov2_bringup' build argument 'catkin_skip_building_tests' from command line to 'False'
[0.543s] DEBUG:colcon.colcon_core.verb:Building package 'bluerov2_bringup' with the following arguments: {'ament_cmake_args': None, 'build_base': '/home/akshat/ROS-Humble-BlueRov2-Driver/build/bluerov2_bringup', 'catkin_cmake_args': None, 'catkin_skip_building_tests': False, 'cmake_args': None, 'cmake_clean_cache': False, 'cmake_clean_first': False, 'cmake_force_configure': False, 'cmake_target': None, 'cmake_target_skip_unavailable': False, 'install_base': '/home/akshat/ROS-Humble-BlueRov2-Driver/install/bluerov2_bringup', 'merge_install': False, 'path': '/home/akshat/ROS-Humble-BlueRov2-Driver/src/bluerov2_bringup', 'symlink_install': False, 'test_result_base': None}
[0.543s] INFO:colcon.colcon_core.executor:Executing jobs using 'parallel' executor
[0.545s] DEBUG:colcon.colcon_parallel_executor.executor.parallel:run_until_complete
[0.545s] INFO:colcon.colcon_ros.task.ament_cmake.build:Building ROS package in '/home/akshat/ROS-Humble-BlueRov2-Driver/src/bluerov2_interfaces' with build type 'ament_cmake'
[0.545s] INFO:colcon.colcon_cmake.task.cmake.build:Building CMake package in '/home/akshat/ROS-Humble-BlueRov2-Driver/src/bluerov2_interfaces'
[0.550s] INFO:colcon.colcon_core.plugin_system:Skipping extension 'colcon_core.shell.bat': Not used on non-Windows systems
[0.550s] INFO:colcon.colcon_core.shell:Skip shell extension 'powershell' for command environment: Not usable outside of PowerShell
[0.550s] DEBUG:colcon.colcon_core.shell:Skip shell extension 'dsv' for command environment
[0.559s] INFO:colcon.colcon_ros.task.ament_cmake.build:Building ROS package in '/home/akshat/ROS-Humble-BlueRov2-Driver/src/tritech_micron_interfaces' with build type 'ament_cmake'
[0.559s] INFO:colcon.colcon_cmake.task.cmake.build:Building CMake package in '/home/akshat/ROS-Humble-BlueRov2-Driver/src/tritech_micron_interfaces'
[0.560s] INFO:colcon.colcon_core.shell:Skip shell extension 'powershell' for command environment: Not usable outside of PowerShell
[0.560s] DEBUG:colcon.colcon_core.shell:Skip shell extension 'dsv' for command environment
[0.569s] DEBUG:colcon.colcon_core.event_handler.log_command:Invoking command in '/home/akshat/ROS-Humble-BlueRov2-Driver/build/bluerov2_interfaces': CMAKE_PREFIX_PATH=${CMAKE_PREFIX_PATH}:/home/akshat/my_ros2_ws/install/ur_custom_control:/home/akshat/simulation_ws/install/py_trees_ros_viewer:/home/akshat/simulation_ws/install/blue_localization:/home/akshat/simulation_ws/install/angler_utils:/home/akshat/simulation_ws/install/angler_planning:/home/akshat/simulation_ws/install/angler_mux:/home/akshat/simulation_ws/install/angler_kinematics:/home/akshat/simulation_ws/install/angler_control:/home/akshat/simulation_ws/install/angler_behaviors:/home/akshat/tele_ws/install/ros_tcp_endpoint:/home/akshat/tele_ws/install/bluerov_grasp:/home/akshat/tele_ws/install/autonomous_rov:/home/akshat/Documents/GitHub/SJO038/turtlebot3_ws/install/turtlebot3_teleop:/home/akshat/Documents/GitHub/SJO038/turtlebot3_ws/install/turtlebot3_example:/opt/ros/humble /usr/bin/cmake /home/akshat/ROS-Humble-BlueRov2-Driver/src/bluerov2_interfaces -DCMAKE_INSTALL_PREFIX=/home/akshat/ROS-Humble-BlueRov2-Driver/install/bluerov2_interfaces
[0.578s] DEBUG:colcon.colcon_core.event_handler.log_command:Invoking command in '/home/akshat/ROS-Humble-BlueRov2-Driver/build/tritech_micron_interfaces': CMAKE_PREFIX_PATH=${CMAKE_PREFIX_PATH}:/home/akshat/my_ros2_ws/install/ur_custom_control:/home/akshat/simulation_ws/install/py_trees_ros_viewer:/home/akshat/simulation_ws/install/blue_localization:/home/akshat/simulation_ws/install/angler_utils:/home/akshat/simulation_ws/install/angler_planning:/home/akshat/simulation_ws/install/angler_mux:/home/akshat/simulation_ws/install/angler_kinematics:/home/akshat/simulation_ws/install/angler_control:/home/akshat/simulation_ws/install/angler_behaviors:/home/akshat/tele_ws/install/ros_tcp_endpoint:/home/akshat/tele_ws/install/bluerov_grasp:/home/akshat/tele_ws/install/autonomous_rov:/home/akshat/Documents/GitHub/SJO038/turtlebot3_ws/install/turtlebot3_teleop:/home/akshat/Documents/GitHub/SJO038/turtlebot3_ws/install/turtlebot3_example:/opt/ros/humble /usr/bin/cmake /home/akshat/ROS-Humble-BlueRov2-Driver/src/tritech_micron_interfaces -DCMAKE_INSTALL_PREFIX=/home/akshat/ROS-Humble-BlueRov2-Driver/install/tritech_micron_interfaces
[2.555s] DEBUG:colcon.colcon_core.event_handler.log_command:Invoked command in '/home/akshat/ROS-Humble-BlueRov2-Driver/build/bluerov2_interfaces' returned '0': CMAKE_PREFIX_PATH=${CMAKE_PREFIX_PATH}:/home/akshat/my_ros2_ws/install/ur_custom_control:/home/akshat/simulation_ws/install/py_trees_ros_viewer:/home/akshat/simulation_ws/install/blue_localization:/home/akshat/simulation_ws/install/angler_utils:/home/akshat/simulation_ws/install/angler_planning:/home/akshat/simulation_ws/install/angler_mux:/home/akshat/simulation_ws/install/angler_kinematics:/home/akshat/simulation_ws/install/angler_control:/home/akshat/simulation_ws/install/angler_behaviors:/home/akshat/tele_ws/install/ros_tcp_endpoint:/home/akshat/tele_ws/install/bluerov_grasp:/home/akshat/tele_ws/install/autonomous_rov:/home/akshat/Documents/GitHub/SJO038/turtlebot3_ws/install/turtlebot3_teleop:/home/akshat/Documents/GitHub/SJO038/turtlebot3_ws/install/turtlebot3_example:/opt/ros/humble /usr/bin/cmake /home/akshat/ROS-Humble-BlueRov2-Driver/src/bluerov2_interfaces -DCMAKE_INSTALL_PREFIX=/home/akshat/ROS-Humble-BlueRov2-Driver/install/bluerov2_interfaces
[2.558s] DEBUG:colcon.colcon_core.event_handler.log_command:Invoking command in '/home/akshat/ROS-Humble-BlueRov2-Driver/build/bluerov2_interfaces': CMAKE_PREFIX_PATH=${CMAKE_PREFIX_PATH}:/home/akshat/my_ros2_ws/install/ur_custom_control:/home/akshat/simulation_ws/install/py_trees_ros_viewer:/home/akshat/simulation_ws/install/blue_localization:/home/akshat/simulation_ws/install/angler_utils:/home/akshat/simulation_ws/install/angler_planning:/home/akshat/simulation_ws/install/angler_mux:/home/akshat/simulation_ws/install/angler_kinematics:/home/akshat/simulation_ws/install/angler_control:/home/akshat/simulation_ws/install/angler_behaviors:/home/akshat/tele_ws/install/ros_tcp_endpoint:/home/akshat/tele_ws/install/bluerov_grasp:/home/akshat/tele_ws/install/autonomous_rov:/home/akshat/Documents/GitHub/SJO038/turtlebot3_ws/install/turtlebot3_teleop:/home/akshat/Documents/GitHub/SJO038/turtlebot3_ws/install/turtlebot3_example:/opt/ros/humble /usr/bin/cmake --build /home/akshat/ROS-Humble-BlueRov2-Driver/build/bluerov2_interfaces -- -j16 -l16
[2.671s] DEBUG:colcon.colcon_core.event_handler.log_command:Invoked command in '/home/akshat/ROS-Humble-BlueRov2-Driver/build/tritech_micron_interfaces' returned '0': CMAKE_PREFIX_PATH=${CMAKE_PREFIX_PATH}:/home/akshat/my_ros2_ws/install/ur_custom_control:/home/akshat/simulation_ws/install/py_trees_ros_viewer:/home/akshat/simulation_ws/install/blue_localization:/home/akshat/simulation_ws/install/angler_utils:/home/akshat/simulation_ws/install/angler_planning:/home/akshat/simulation_ws/install/angler_mux:/home/akshat/simulation_ws/install/angler_kinematics:/home/akshat/simulation_ws/install/angler_control:/home/akshat/simulation_ws/install/angler_behaviors:/home/akshat/tele_ws/install/ros_tcp_endpoint:/home/akshat/tele_ws/install/bluerov_grasp:/home/akshat/tele_ws/install/autonomous_rov:/home/akshat/Documents/GitHub/SJO038/turtlebot3_ws/install/turtlebot3_teleop:/home/akshat/Documents/GitHub/SJO038/turtlebot3_ws/install/turtlebot3_example:/opt/ros/humble /usr/bin/cmake /home/akshat/ROS-Humble-BlueRov2-Driver/src/tritech_micron_interfaces -DCMAKE_INSTALL_PREFIX=/home/akshat/ROS-Humble-BlueRov2-Driver/install/tritech_micron_interfaces
[2.673s] DEBUG:colcon.colcon_core.event_handler.log_command:Invoking command in '/home/akshat/ROS-Humble-BlueRov2-Driver/build/tritech_micron_interfaces': CMAKE_PREFIX_PATH=${CMAKE_PREFIX_PATH}:/home/akshat/my_ros2_ws/install/ur_custom_control:/home/akshat/simulation_ws/install/py_trees_ros_viewer:/home/akshat/simulation_ws/install/blue_localization:/home/akshat/simulation_ws/install/angler_utils:/home/akshat/simulation_ws/install/angler_planning:/home/akshat/simulation_ws/install/angler_mux:/home/akshat/simulation_ws/install/angler_kinematics:/home/akshat/simulation_ws/install/angler_control:/home/akshat/simulation_ws/install/angler_behaviors:/home/akshat/tele_ws/install/ros_tcp_endpoint:/home/akshat/tele_ws/install/bluerov_grasp:/home/akshat/tele_ws/install/autonomous_rov:/home/akshat/Documents/GitHub/SJO038/turtlebot3_ws/install/turtlebot3_teleop:/home/akshat/Documents/GitHub/SJO038/turtlebot3_ws/install/turtlebot3_example:/opt/ros/humble /usr/bin/cmake --build /home/akshat/ROS-Humble-BlueRov2-Driver/build/tritech_micron_interfaces -- -j16 -l16
[5.306s] DEBUG:colcon.colcon_core.event_handler.log_command:Invoked command in '/home/akshat/ROS-Humble-BlueRov2-Driver/build/bluerov2_interfaces' returned '0': CMAKE_PREFIX_PATH=${CMAKE_PREFIX_PATH}:/home/akshat/my_ros2_ws/install/ur_custom_control:/home/akshat/simulation_ws/install/py_trees_ros_viewer:/home/akshat/simulation_ws/install/blue_localization:/home/akshat/simulation_ws/install/angler_utils:/home/akshat/simulation_ws/install/angler_planning:/home/akshat/simulation_ws/install/angler_mux:/home/akshat/simulation_ws/install/angler_kinematics:/home/akshat/simulation_ws/install/angler_control:/home/akshat/simulation_ws/install/angler_behaviors:/home/akshat/tele_ws/install/ros_tcp_endpoint:/home/akshat/tele_ws/install/bluerov_grasp:/home/akshat/tele_ws/install/autonomous_rov:/home/akshat/Documents/GitHub/SJO038/turtlebot3_ws/install/turtlebot3_teleop:/home/akshat/Documents/GitHub/SJO038/turtlebot3_ws/install/turtlebot3_example:/opt/ros/humble /usr/bin/cmake --build /home/akshat/ROS-Humble-BlueRov2-Driver/build/bluerov2_interfaces -- -j16 -l16
[5.320s] DEBUG:colcon.colcon_core.event_handler.log_command:Invoked command in '/home/akshat/ROS-Humble-BlueRov2-Driver/build/tritech_micron_interfaces' returned '0': CMAKE_PREFIX_PATH=${CMAKE_PREFIX_PATH}:/home/akshat/my_ros2_ws/install/ur_custom_control:/home/akshat/simulation_ws/install/py_trees_ros_viewer:/home/akshat/simulation_ws/install/blue_localization:/home/akshat/simulation_ws/install/angler_utils:/home/akshat/simulation_ws/install/angler_planning:/home/akshat/simulation_ws/install/angler_mux:/home/akshat/simulation_ws/install/angler_kinematics:/home/akshat/simulation_ws/install/angler_control:/home/akshat/simulation_ws/install/angler_behaviors:/home/akshat/tele_ws/install/ros_tcp_endpoint:/home/akshat/tele_ws/install/bluerov_grasp:/home/akshat/tele_ws/install/autonomous_rov:/home/akshat/Documents/GitHub/SJO038/turtlebot3_ws/install/turtlebot3_teleop:/home/akshat/Documents/GitHub/SJO038/turtlebot3_ws/install/turtlebot3_example:/opt/ros/humble /usr/bin/cmake --build /home/akshat/ROS-Humble-BlueRov2-Driver/build/tritech_micron_interfaces -- -j16 -l16
[5.434s] DEBUG:colcon.colcon_core.event_handler.log_command:Invoking command in '/home/akshat/ROS-Humble-BlueRov2-Driver/build/tritech_micron_interfaces': CMAKE_PREFIX_PATH=${CMAKE_PREFIX_PATH}:/home/akshat/my_ros2_ws/install/ur_custom_control:/home/akshat/simulation_ws/install/py_trees_ros_viewer:/home/akshat/simulation_ws/install/blue_localization:/home/akshat/simulation_ws/install/angler_utils:/home/akshat/simulation_ws/install/angler_planning:/home/akshat/simulation_ws/install/angler_mux:/home/akshat/simulation_ws/install/angler_kinematics:/home/akshat/simulation_ws/install/angler_control:/home/akshat/simulation_ws/install/angler_behaviors:/home/akshat/tele_ws/install/ros_tcp_endpoint:/home/akshat/tele_ws/install/bluerov_grasp:/home/akshat/tele_ws/install/autonomous_rov:/home/akshat/Documents/GitHub/SJO038/turtlebot3_ws/install/turtlebot3_teleop:/home/akshat/Documents/GitHub/SJO038/turtlebot3_ws/install/turtlebot3_example:/opt/ros/humble /usr/bin/cmake --install /home/akshat/ROS-Humble-BlueRov2-Driver/build/tritech_micron_interfaces
[5.476s] DEBUG:colcon.colcon_core.event_handler.log_command:Invoking command in '/home/akshat/ROS-Humble-BlueRov2-Driver/build/bluerov2_interfaces': CMAKE_PREFIX_PATH=${CMAKE_PREFIX_PATH}:/home/akshat/my_ros2_ws/install/ur_custom_control:/home/akshat/simulation_ws/install/py_trees_ros_viewer:/home/akshat/simulation_ws/install/blue_localization:/home/akshat/simulation_ws/install/angler_utils:/home/akshat/simulation_ws/install/angler_planning:/home/akshat/simulation_ws/install/angler_mux:/home/akshat/simulation_ws/install/angler_kinematics:/home/akshat/simulation_ws/install/angler_control:/home/akshat/simulation_ws/install/angler_behaviors:/home/akshat/tele_ws/install/ros_tcp_endpoint:/home/akshat/tele_ws/install/bluerov_grasp:/home/akshat/tele_ws/install/autonomous_rov:/home/akshat/Documents/GitHub/SJO038/turtlebot3_ws/install/turtlebot3_teleop:/home/akshat/Documents/GitHub/SJO038/turtlebot3_ws/install/turtlebot3_example:/opt/ros/humble /usr/bin/cmake --install /home/akshat/ROS-Humble-BlueRov2-Driver/build/bluerov2_interfaces
[5.539s] Level 1:colcon.colcon_core.environment:create_environment_scripts_only(tritech_micron_interfaces)
[5.540s] DEBUG:colcon.colcon_core.event_handler.log_command:Invoked command in '/home/akshat/ROS-Humble-BlueRov2-Driver/build/tritech_micron_interfaces' returned '0': CMAKE_PREFIX_PATH=${CMAKE_PREFIX_PATH}:/home/akshat/my_ros2_ws/install/ur_custom_control:/home/akshat/simulation_ws/install/py_trees_ros_viewer:/home/akshat/simulation_ws/install/blue_localization:/home/akshat/simulation_ws/install/angler_utils:/home/akshat/simulation_ws/install/angler_planning:/home/akshat/simulation_ws/install/angler_mux:/home/akshat/simulation_ws/install/angler_kinematics:/home/akshat/simulation_ws/install/angler_control:/home/akshat/simulation_ws/install/angler_behaviors:/home/akshat/tele_ws/install/ros_tcp_endpoint:/home/akshat/tele_ws/install/bluerov_grasp:/home/akshat/tele_ws/install/autonomous_rov:/home/akshat/Documents/GitHub/SJO038/turtlebot3_ws/install/turtlebot3_teleop:/home/akshat/Documents/GitHub/SJO038/turtlebot3_ws/install/turtlebot3_example:/opt/ros/humble /usr/bin/cmake --install /home/akshat/ROS-Humble-BlueRov2-Driver/build/tritech_micron_interfaces
[5.559s] Level 1:colcon.colcon_core.environment:checking '/home/akshat/ROS-Humble-BlueRov2-Driver/install/tritech_micron_interfaces' for CMake module files
[5.561s] Level 1:colcon.colcon_core.environment:checking '/home/akshat/ROS-Humble-BlueRov2-Driver/install/tritech_micron_interfaces' for CMake config files
[5.561s] Level 1:colcon.colcon_core.shell:create_environment_hook('tritech_micron_interfaces', 'cmake_prefix_path')
[5.561s] INFO:colcon.colcon_core.shell:Creating environment hook '/home/akshat/ROS-Humble-BlueRov2-Driver/install/tritech_micron_interfaces/share/tritech_micron_interfaces/hook/cmake_prefix_path.ps1'
[5.562s] INFO:colcon.colcon_core.shell:Creating environment descriptor '/home/akshat/ROS-Humble-BlueRov2-Driver/install/tritech_micron_interfaces/share/tritech_micron_interfaces/hook/cmake_prefix_path.dsv'
[5.563s] INFO:colcon.colcon_core.shell:Creating environment hook '/home/akshat/ROS-Humble-BlueRov2-Driver/install/tritech_micron_interfaces/share/tritech_micron_interfaces/hook/cmake_prefix_path.sh'
[5.564s] Level 1:colcon.colcon_core.environment:checking '/home/akshat/ROS-Humble-BlueRov2-Driver/install/tritech_micron_interfaces/lib'
[5.564s] Level 1:colcon.colcon_core.shell:create_environment_hook('tritech_micron_interfaces', 'ld_library_path_lib')
[5.564s] INFO:colcon.colcon_core.shell:Creating environment hook '/home/akshat/ROS-Humble-BlueRov2-Driver/install/tritech_micron_interfaces/share/tritech_micron_interfaces/hook/ld_library_path_lib.ps1'
[5.565s] INFO:colcon.colcon_core.shell:Creating environment descriptor '/home/akshat/ROS-Humble-BlueRov2-Driver/install/tritech_micron_interfaces/share/tritech_micron_interfaces/hook/ld_library_path_lib.dsv'
[5.566s] INFO:colcon.colcon_core.shell:Creating environment hook '/home/akshat/ROS-Humble-BlueRov2-Driver/install/tritech_micron_interfaces/share/tritech_micron_interfaces/hook/ld_library_path_lib.sh'
[5.566s] Level 1:colcon.colcon_core.environment:checking '/home/akshat/ROS-Humble-BlueRov2-Driver/install/tritech_micron_interfaces/bin'
[5.566s] Level 1:colcon.colcon_core.environment:checking '/home/akshat/ROS-Humble-BlueRov2-Driver/install/tritech_micron_interfaces/lib/pkgconfig/tritech_micron_interfaces.pc'
[5.567s] Level 1:colcon.colcon_core.environment:checking '/home/akshat/ROS-Humble-BlueRov2-Driver/install/tritech_micron_interfaces/lib/python3.10/site-packages'
[5.567s] Level 1:colcon.colcon_core.environment:checking '/home/akshat/ROS-Humble-BlueRov2-Driver/install/tritech_micron_interfaces/bin'
[5.567s] INFO:colcon.colcon_core.shell:Creating package script '/home/akshat/ROS-Humble-BlueRov2-Driver/install/tritech_micron_interfaces/share/tritech_micron_interfaces/package.ps1'
[5.569s] INFO:colcon.colcon_core.shell:Creating package descriptor '/home/akshat/ROS-Humble-BlueRov2-Driver/install/tritech_micron_interfaces/share/tritech_micron_interfaces/package.dsv'
[5.571s] INFO:colcon.colcon_core.shell:Creating package script '/home/akshat/ROS-Humble-BlueRov2-Driver/install/tritech_micron_interfaces/share/tritech_micron_interfaces/package.sh'
[5.574s] INFO:colcon.colcon_core.shell:Creating package script '/home/akshat/ROS-Humble-BlueRov2-Driver/install/tritech_micron_interfaces/share/tritech_micron_interfaces/package.bash'
[5.576s] INFO:colcon.colcon_core.shell:Creating package script '/home/akshat/ROS-Humble-BlueRov2-Driver/install/tritech_micron_interfaces/share/tritech_micron_interfaces/package.zsh'
[5.578s] Level 1:colcon.colcon_core.environment:create_file_with_runtime_dependencies(/home/akshat/ROS-Humble-BlueRov2-Driver/install/tritech_micron_interfaces/share/colcon-core/packages/tritech_micron_interfaces)
[5.581s] Level 1:colcon.colcon_core.environment:create_environment_scripts_only(bluerov2_interfaces)
[5.582s] Level 1:colcon.colcon_core.environment:checking '/home/akshat/ROS-Humble-BlueRov2-Driver/install/bluerov2_interfaces' for CMake module files
[5.582s] DEBUG:colcon.colcon_core.event_handler.log_command:Invoked command in '/home/akshat/ROS-Humble-BlueRov2-Driver/build/bluerov2_interfaces' returned '0': CMAKE_PREFIX_PATH=${CMAKE_PREFIX_PATH}:/home/akshat/my_ros2_ws/install/ur_custom_control:/home/akshat/simulation_ws/install/py_trees_ros_viewer:/home/akshat/simulation_ws/install/blue_localization:/home/akshat/simulation_ws/install/angler_utils:/home/akshat/simulation_ws/install/angler_planning:/home/akshat/simulation_ws/install/angler_mux:/home/akshat/simulation_ws/install/angler_kinematics:/home/akshat/simulation_ws/install/angler_control:/home/akshat/simulation_ws/install/angler_behaviors:/home/akshat/tele_ws/install/ros_tcp_endpoint:/home/akshat/tele_ws/install/bluerov_grasp:/home/akshat/tele_ws/install/autonomous_rov:/home/akshat/Documents/GitHub/SJO038/turtlebot3_ws/install/turtlebot3_teleop:/home/akshat/Documents/GitHub/SJO038/turtlebot3_ws/install/turtlebot3_example:/opt/ros/humble /usr/bin/cmake --install /home/akshat/ROS-Humble-BlueRov2-Driver/build/bluerov2_interfaces
[5.583s] Level 1:colcon.colcon_core.environment:checking '/home/akshat/ROS-Humble-BlueRov2-Driver/install/bluerov2_interfaces' for CMake config files
[5.583s] Level 1:colcon.colcon_core.shell:create_environment_hook('bluerov2_interfaces', 'cmake_prefix_path')
[5.583s] INFO:colcon.colcon_core.shell:Creating environment hook '/home/akshat/ROS-Humble-BlueRov2-Driver/install/bluerov2_interfaces/share/bluerov2_interfaces/hook/cmake_prefix_path.ps1'
[5.584s] INFO:colcon.colcon_core.shell:Creating environment descriptor '/home/akshat/ROS-Humble-BlueRov2-Driver/install/bluerov2_interfaces/share/bluerov2_interfaces/hook/cmake_prefix_path.dsv'
[5.584s] INFO:colcon.colcon_core.shell:Creating environment hook '/home/akshat/ROS-Humble-BlueRov2-Driver/install/bluerov2_interfaces/share/bluerov2_interfaces/hook/cmake_prefix_path.sh'
[5.585s] Level 1:colcon.colcon_core.environment:checking '/home/akshat/ROS-Humble-BlueRov2-Driver/install/bluerov2_interfaces/lib'
[5.585s] Level 1:colcon.colcon_core.shell:create_environment_hook('bluerov2_interfaces', 'ld_library_path_lib')
[5.585s] INFO:colcon.colcon_core.shell:Creating environment hook '/home/akshat/ROS-Humble-BlueRov2-Driver/install/bluerov2_interfaces/share/bluerov2_interfaces/hook/ld_library_path_lib.ps1'
[5.585s] INFO:colcon.colcon_core.shell:Creating environment descriptor '/home/akshat/ROS-Humble-BlueRov2-Driver/install/bluerov2_interfaces/share/bluerov2_interfaces/hook/ld_library_path_lib.dsv'
[5.586s] INFO:colcon.colcon_core.shell:Creating environment hook '/home/akshat/ROS-Humble-BlueRov2-Driver/install/bluerov2_interfaces/share/bluerov2_interfaces/hook/ld_library_path_lib.sh'
[5.586s] Level 1:colcon.colcon_core.environment:checking '/home/akshat/ROS-Humble-BlueRov2-Driver/install/bluerov2_interfaces/bin'
[5.587s] Level 1:colcon.colcon_core.environment:checking '/home/akshat/ROS-Humble-BlueRov2-Driver/install/bluerov2_interfaces/lib/pkgconfig/bluerov2_interfaces.pc'
[5.587s] Level 1:colcon.colcon_core.environment:checking '/home/akshat/ROS-Humble-BlueRov2-Driver/install/bluerov2_interfaces/lib/python3.10/site-packages'
[5.587s] Level 1:colcon.colcon_core.environment:checking '/home/akshat/ROS-Humble-BlueRov2-Driver/install/bluerov2_interfaces/bin'
[5.588s] INFO:colcon.colcon_core.shell:Creating package script '/home/akshat/ROS-Humble-BlueRov2-Driver/install/bluerov2_interfaces/share/bluerov2_interfaces/package.ps1'
[5.588s] INFO:colcon.colcon_core.shell:Creating package descriptor '/home/akshat/ROS-Humble-BlueRov2-Driver/install/bluerov2_interfaces/share/bluerov2_interfaces/package.dsv'
[5.589s] INFO:colcon.colcon_core.shell:Creating package script '/home/akshat/ROS-Humble-BlueRov2-Driver/install/bluerov2_interfaces/share/bluerov2_interfaces/package.sh'
[5.589s] INFO:colcon.colcon_core.shell:Creating package script '/home/akshat/ROS-Humble-BlueRov2-Driver/install/bluerov2_interfaces/share/bluerov2_interfaces/package.bash'
[5.590s] INFO:colcon.colcon_core.shell:Creating package script '/home/akshat/ROS-Humble-BlueRov2-Driver/install/bluerov2_interfaces/share/bluerov2_interfaces/package.zsh'
[5.590s] Level 1:colcon.colcon_core.environment:create_file_with_runtime_dependencies(/home/akshat/ROS-Humble-BlueRov2-Driver/install/bluerov2_interfaces/share/colcon-core/packages/bluerov2_interfaces)
[5.687s] Level 1:colcon.colcon_core.environment:create_environment_scripts_only(tritech_micron_interfaces)
[5.688s] Level 1:colcon.colcon_core.environment:checking '/home/akshat/ROS-Humble-BlueRov2-Driver/install/tritech_micron_interfaces' for CMake module files
[5.688s] Level 1:colcon.colcon_core.environment:checking '/home/akshat/ROS-Humble-BlueRov2-Driver/install/tritech_micron_interfaces' for CMake config files
[5.689s] Level 1:colcon.colcon_core.shell:create_environment_hook('tritech_micron_interfaces', 'cmake_prefix_path')
[5.689s] INFO:colcon.colcon_core.shell:Creating environment hook '/home/akshat/ROS-Humble-BlueRov2-Driver/install/tritech_micron_interfaces/share/tritech_micron_interfaces/hook/cmake_prefix_path.ps1'
[5.690s] INFO:colcon.colcon_core.shell:Creating environment descriptor '/home/akshat/ROS-Humble-BlueRov2-Driver/install/tritech_micron_interfaces/share/tritech_micron_interfaces/hook/cmake_prefix_path.dsv'
[5.690s] INFO:colcon.colcon_core.shell:Creating environment hook '/home/akshat/ROS-Humble-BlueRov2-Driver/install/tritech_micron_interfaces/share/tritech_micron_interfaces/hook/cmake_prefix_path.sh'
[5.691s] Level 1:colcon.colcon_core.environment:checking '/home/akshat/ROS-Humble-BlueRov2-Driver/install/tritech_micron_interfaces/lib'
[5.691s] Level 1:colcon.colcon_core.shell:create_environment_hook('tritech_micron_interfaces', 'ld_library_path_lib')
[5.692s] INFO:colcon.colcon_core.shell:Creating environment hook '/home/akshat/ROS-Humble-BlueRov2-Driver/install/tritech_micron_interfaces/share/tritech_micron_interfaces/hook/ld_library_path_lib.ps1'
[5.692s] INFO:colcon.colcon_core.shell:Creating environment descriptor '/home/akshat/ROS-Humble-BlueRov2-Driver/install/tritech_micron_interfaces/share/tritech_micron_interfaces/hook/ld_library_path_lib.dsv'
[5.692s] INFO:colcon.colcon_core.shell:Creating environment hook '/home/akshat/ROS-Humble-BlueRov2-Driver/install/tritech_micron_interfaces/share/tritech_micron_interfaces/hook/ld_library_path_lib.sh'
[5.693s] Level 1:colcon.colcon_core.environment:checking '/home/akshat/ROS-Humble-BlueRov2-Driver/install/tritech_micron_interfaces/bin'
[5.693s] Level 1:colcon.colcon_core.environment:checking '/home/akshat/ROS-Humble-BlueRov2-Driver/install/tritech_micron_interfaces/lib/pkgconfig/tritech_micron_interfaces.pc'
[5.693s] Level 1:colcon.colcon_core.environment:checking '/home/akshat/ROS-Humble-BlueRov2-Driver/install/tritech_micron_interfaces/lib/python3.10/site-packages'
[5.693s] Level 1:colcon.colcon_core.environment:checking '/home/akshat/ROS-Humble-BlueRov2-Driver/install/tritech_micron_interfaces/bin'
[5.694s] INFO:colcon.colcon_core.shell:Creating package script '/home/akshat/ROS-Humble-BlueRov2-Driver/install/tritech_micron_interfaces/share/tritech_micron_interfaces/package.ps1'
[5.694s] INFO:colcon.colcon_core.shell:Creating package descriptor '/home/akshat/ROS-Humble-BlueRov2-Driver/install/tritech_micron_interfaces/share/tritech_micron_interfaces/package.dsv'
[5.695s] INFO:colcon.colcon_core.shell:Creating package script '/home/akshat/ROS-Humble-BlueRov2-Driver/install/tritech_micron_interfaces/share/tritech_micron_interfaces/package.sh'
[5.695s] INFO:colcon.colcon_core.shell:Creating package script '/home/akshat/ROS-Humble-BlueRov2-Driver/install/tritech_micron_interfaces/share/tritech_micron_interfaces/package.bash'
[5.696s] INFO:colcon.colcon_core.shell:Creating package script '/home/akshat/ROS-Humble-BlueRov2-Driver/install/tritech_micron_interfaces/share/tritech_micron_interfaces/package.zsh'
[5.696s] Level 1:colcon.colcon_core.environment:create_file_with_runtime_dependencies(/home/akshat/ROS-Humble-BlueRov2-Driver/install/tritech_micron_interfaces/share/colcon-core/packages/tritech_micron_interfaces)
[5.697s] INFO:colcon.colcon_ros.task.ament_python.build:Building ROS package in '/home/akshat/ROS-Humble-BlueRov2-Driver/src/tritech_micron' with build type 'ament_python'
[5.697s] Level 1:colcon.colcon_core.shell:create_environment_hook('tritech_micron', 'ament_prefix_path')
[5.697s] INFO:colcon.colcon_core.shell:Creating environment hook '/home/akshat/ROS-Humble-BlueRov2-Driver/install/tritech_micron/share/tritech_micron/hook/ament_prefix_path.ps1'
[5.698s] INFO:colcon.colcon_core.shell:Creating environment descriptor '/home/akshat/ROS-Humble-BlueRov2-Driver/install/tritech_micron/share/tritech_micron/hook/ament_prefix_path.dsv'
[5.698s] INFO:colcon.colcon_core.shell:Creating environment hook '/home/akshat/ROS-Humble-BlueRov2-Driver/install/tritech_micron/share/tritech_micron/hook/ament_prefix_path.sh'
[5.699s] INFO:colcon.colcon_core.shell:Skip shell extension 'powershell' for command environment: Not usable outside of PowerShell
[5.699s] DEBUG:colcon.colcon_core.shell:Skip shell extension 'dsv' for command environment
[6.078s] INFO:colcon.colcon_core.task.python.build:Building Python package in '/home/akshat/ROS-Humble-BlueRov2-Driver/src/tritech_micron'
[6.078s] INFO:colcon.colcon_core.shell:Skip shell extension 'powershell' for command environment: Not usable outside of PowerShell
[6.079s] DEBUG:colcon.colcon_core.shell:Skip shell extension 'dsv' for command environment
[6.088s] Level 1:colcon.colcon_core.environment:create_environment_scripts_only(bluerov2_interfaces)
[6.088s] Level 1:colcon.colcon_core.environment:checking '/home/akshat/ROS-Humble-BlueRov2-Driver/install/bluerov2_interfaces' for CMake module files
[6.089s] Level 1:colcon.colcon_core.environment:checking '/home/akshat/ROS-Humble-BlueRov2-Driver/install/bluerov2_interfaces' for CMake config files
[6.089s] Level 1:colcon.colcon_core.shell:create_environment_hook('bluerov2_interfaces', 'cmake_prefix_path')
[6.089s] INFO:colcon.colcon_core.shell:Creating environment hook '/home/akshat/ROS-Humble-BlueRov2-Driver/install/bluerov2_interfaces/share/bluerov2_interfaces/hook/cmake_prefix_path.ps1'
[6.090s] INFO:colcon.colcon_core.shell:Creating environment descriptor '/home/akshat/ROS-Humble-BlueRov2-Driver/install/bluerov2_interfaces/share/bluerov2_interfaces/hook/cmake_prefix_path.dsv'
[6.090s] INFO:colcon.colcon_core.shell:Creating environment hook '/home/akshat/ROS-Humble-BlueRov2-Driver/install/bluerov2_interfaces/share/bluerov2_interfaces/hook/cmake_prefix_path.sh'
[6.091s] Level 1:colcon.colcon_core.environment:checking '/home/akshat/ROS-Humble-BlueRov2-Driver/install/bluerov2_interfaces/lib'
[6.091s] Level 1:colcon.colcon_core.shell:create_environment_hook('bluerov2_interfaces', 'ld_library_path_lib')
[6.091s] INFO:colcon.colcon_core.shell:Creating environment hook '/home/akshat/ROS-Humble-BlueRov2-Driver/install/bluerov2_interfaces/share/bluerov2_interfaces/hook/ld_library_path_lib.ps1'
[6.092s] INFO:colcon.colcon_core.shell:Creating environment descriptor '/home/akshat/ROS-Humble-BlueRov2-Driver/install/bluerov2_interfaces/share/bluerov2_interfaces/hook/ld_library_path_lib.dsv'
[6.092s] INFO:colcon.colcon_core.shell:Creating environment hook '/home/akshat/ROS-Humble-BlueRov2-Driver/install/bluerov2_interfaces/share/bluerov2_interfaces/hook/ld_library_path_lib.sh'
[6.092s] Level 1:colcon.colcon_core.environment:checking '/home/akshat/ROS-Humble-BlueRov2-Driver/install/bluerov2_interfaces/bin'
[6.092s] Level 1:colcon.colcon_core.environment:checking '/home/akshat/ROS-Humble-BlueRov2-Driver/install/bluerov2_interfaces/lib/pkgconfig/bluerov2_interfaces.pc'
[6.093s] Level 1:colcon.colcon_core.environment:checking '/home/akshat/ROS-Humble-BlueRov2-Driver/install/bluerov2_interfaces/lib/python3.10/site-packages'
[6.093s] Level 1:colcon.colcon_core.environment:checking '/home/akshat/ROS-Humble-BlueRov2-Driver/install/bluerov2_interfaces/bin'
[6.093s] INFO:colcon.colcon_core.shell:Creating package script '/home/akshat/ROS-Humble-BlueRov2-Driver/install/bluerov2_interfaces/share/bluerov2_interfaces/package.ps1'
[6.094s] INFO:colcon.colcon_core.shell:Creating package descriptor '/home/akshat/ROS-Humble-BlueRov2-Driver/install/bluerov2_interfaces/share/bluerov2_interfaces/package.dsv'
[6.094s] INFO:colcon.colcon_core.shell:Creating package script '/home/akshat/ROS-Humble-BlueRov2-Driver/install/bluerov2_interfaces/share/bluerov2_interfaces/package.sh'
[6.095s] INFO:colcon.colcon_core.shell:Creating package script '/home/akshat/ROS-Humble-BlueRov2-Driver/install/bluerov2_interfaces/share/bluerov2_interfaces/package.bash'
[6.095s] INFO:colcon.colcon_core.shell:Creating package script '/home/akshat/ROS-Humble-BlueRov2-Driver/install/bluerov2_interfaces/share/bluerov2_interfaces/package.zsh'
[6.095s] Level 1:colcon.colcon_core.environment:create_file_with_runtime_dependencies(/home/akshat/ROS-Humble-BlueRov2-Driver/install/bluerov2_interfaces/share/colcon-core/packages/bluerov2_interfaces)
[6.096s] INFO:colcon.colcon_ros.task.ament_python.build:Building ROS package in '/home/akshat/ROS-Humble-BlueRov2-Driver/src/bluerov2_controller' with build type 'ament_python'
[6.096s] Level 1:colcon.colcon_core.shell:create_environment_hook('bluerov2_controller', 'ament_prefix_path')
[6.097s] INFO:colcon.colcon_core.shell:Creating environment hook '/home/akshat/ROS-Humble-BlueRov2-Driver/install/bluerov2_controller/share/bluerov2_controller/hook/ament_prefix_path.ps1'
[6.097s] INFO:colcon.colcon_core.shell:Creating environment descriptor '/home/akshat/ROS-Humble-BlueRov2-Driver/install/bluerov2_controller/share/bluerov2_controller/hook/ament_prefix_path.dsv'
[6.098s] INFO:colcon.colcon_core.shell:Creating environment hook '/home/akshat/ROS-Humble-BlueRov2-Driver/install/bluerov2_controller/share/bluerov2_controller/hook/ament_prefix_path.sh'
[6.098s] INFO:colcon.colcon_core.shell:Skip shell extension 'powershell' for command environment: Not usable outside of PowerShell
[6.098s] DEBUG:colcon.colcon_core.shell:Skip shell extension 'dsv' for command environment
[6.395s] INFO:colcon.colcon_core.task.python.build:Building Python package in '/home/akshat/ROS-Humble-BlueRov2-Driver/src/bluerov2_controller'
[6.396s] INFO:colcon.colcon_core.shell:Skip shell extension 'powershell' for command environment: Not usable outside of PowerShell
[6.396s] DEBUG:colcon.colcon_core.shell:Skip shell extension 'dsv' for command environment
[6.562s] DEBUG:colcon.colcon_core.event_handler.log_command:Invoking command in '/home/akshat/ROS-Humble-BlueRov2-Driver/src/tritech_micron': AMENT_PREFIX_PATH=/home/akshat/ROS-Humble-BlueRov2-Driver/install/tritech_micron_interfaces:${AMENT_PREFIX_PATH} CMAKE_PREFIX_PATH=/home/akshat/ROS-Humble-BlueRov2-Driver/install/tritech_micron_interfaces:${CMAKE_PREFIX_PATH} LD_LIBRARY_PATH=/home/akshat/ROS-Humble-BlueRov2-Driver/install/tritech_micron_interfaces/lib:${LD_LIBRARY_PATH} PYTHONPATH=/home/akshat/ROS-Humble-BlueRov2-Driver/build/tritech_micron/prefix_override:/usr/lib/python3/dist-packages/colcon_core/task/python/colcon_distutils_commands:/home/akshat/ROS-Humble-BlueRov2-Driver/install/tritech_micron/lib/python3.10/site-packages:/home/akshat/ROS-Humble-BlueRov2-Driver/install/tritech_micron_interfaces/local/lib/python3.10/dist-packages:${PYTHONPATH} /usr/bin/python3 -W ignore:setup.py install is deprecated setup.py egg_info --egg-base ../../build/tritech_micron build --build-base /home/akshat/ROS-Humble-BlueRov2-Driver/build/tritech_micron/build install --record /home/akshat/ROS-Humble-BlueRov2-Driver/build/tritech_micron/install.log --single-version-externally-managed install_data
[6.742s] DEBUG:colcon.colcon_core.event_handler.log_command:Invoking command in '/home/akshat/ROS-Humble-BlueRov2-Driver/src/bluerov2_controller': AMENT_PREFIX_PATH=/home/akshat/ROS-Humble-BlueRov2-Driver/install/bluerov2_interfaces:${AMENT_PREFIX_PATH} CMAKE_PREFIX_PATH=/home/akshat/ROS-Humble-BlueRov2-Driver/install/bluerov2_interfaces:${CMAKE_PREFIX_PATH} LD_LIBRARY_PATH=/home/akshat/ROS-Humble-BlueRov2-Driver/install/bluerov2_interfaces/lib:${LD_LIBRARY_PATH} PYTHONPATH=/home/akshat/ROS-Humble-BlueRov2-Driver/build/bluerov2_controller/prefix_override:/usr/lib/python3/dist-packages/colcon_core/task/python/colcon_distutils_commands:/home/akshat/ROS-Humble-BlueRov2-Driver/install/bluerov2_controller/lib/python3.10/site-packages:/home/akshat/ROS-Humble-BlueRov2-Driver/install/bluerov2_interfaces/local/lib/python3.10/dist-packages:${PYTHONPATH} /usr/bin/python3 -W ignore:setup.py install is deprecated setup.py egg_info --egg-base ../../build/bluerov2_controller build --build-base /home/akshat/ROS-Humble-BlueRov2-Driver/build/bluerov2_controller/build install --record /home/akshat/ROS-Humble-BlueRov2-Driver/build/bluerov2_controller/install.log --single-version-externally-managed install_data
[6.839s] Level 1:colcon.colcon_core.environment:checking '/home/akshat/ROS-Humble-BlueRov2-Driver/install/tritech_micron' for CMake module files
[6.840s] DEBUG:colcon.colcon_core.event_handler.log_command:Invoked command in '/home/akshat/ROS-Humble-BlueRov2-Driver/src/tritech_micron' returned '0': AMENT_PREFIX_PATH=/home/akshat/ROS-Humble-BlueRov2-Driver/install/tritech_micron_interfaces:${AMENT_PREFIX_PATH} CMAKE_PREFIX_PATH=/home/akshat/ROS-Humble-BlueRov2-Driver/install/tritech_micron_interfaces:${CMAKE_PREFIX_PATH} LD_LIBRARY_PATH=/home/akshat/ROS-Humble-BlueRov2-Driver/install/tritech_micron_interfaces/lib:${LD_LIBRARY_PATH} PYTHONPATH=/home/akshat/ROS-Humble-BlueRov2-Driver/build/tritech_micron/prefix_override:/usr/lib/python3/dist-packages/colcon_core/task/python/colcon_distutils_commands:/home/akshat/ROS-Humble-BlueRov2-Driver/install/tritech_micron/lib/python3.10/site-packages:/home/akshat/ROS-Humble-BlueRov2-Driver/install/tritech_micron_interfaces/local/lib/python3.10/dist-packages:${PYTHONPATH} /usr/bin/python3 -W ignore:setup.py install is deprecated setup.py egg_info --egg-base ../../build/tritech_micron build --build-base /home/akshat/ROS-Humble-BlueRov2-Driver/build/tritech_micron/build install --record /home/akshat/ROS-Humble-BlueRov2-Driver/build/tritech_micron/install.log --single-version-externally-managed install_data
[6.840s] Level 1:colcon.colcon_core.environment:checking '/home/akshat/ROS-Humble-BlueRov2-Driver/install/tritech_micron' for CMake config files
[6.841s] Level 1:colcon.colcon_core.environment:checking '/home/akshat/ROS-Humble-BlueRov2-Driver/install/tritech_micron/lib'
[6.841s] Level 1:colcon.colcon_core.environment:checking '/home/akshat/ROS-Humble-BlueRov2-Driver/install/tritech_micron/bin'
[6.841s] Level 1:colcon.colcon_core.environment:checking '/home/akshat/ROS-Humble-BlueRov2-Driver/install/tritech_micron/lib/pkgconfig/tritech_micron.pc'
[6.841s] Level 1:colcon.colcon_core.environment:checking '/home/akshat/ROS-Humble-BlueRov2-Driver/install/tritech_micron/lib/python3.10/site-packages'
[6.841s] Level 1:colcon.colcon_core.shell:create_environment_hook('tritech_micron', 'pythonpath')
[6.841s] INFO:colcon.colcon_core.shell:Creating environment hook '/home/akshat/ROS-Humble-BlueRov2-Driver/install/tritech_micron/share/tritech_micron/hook/pythonpath.ps1'
[6.842s] INFO:colcon.colcon_core.shell:Creating environment descriptor '/home/akshat/ROS-Humble-BlueRov2-Driver/install/tritech_micron/share/tritech_micron/hook/pythonpath.dsv'
[6.842s] INFO:colcon.colcon_core.shell:Creating environment hook '/home/akshat/ROS-Humble-BlueRov2-Driver/install/tritech_micron/share/tritech_micron/hook/pythonpath.sh'
[6.842s] Level 1:colcon.colcon_core.environment:checking '/home/akshat/ROS-Humble-BlueRov2-Driver/install/tritech_micron/bin'
[6.842s] Level 1:colcon.colcon_core.environment:create_environment_scripts_only(tritech_micron)
[6.843s] INFO:colcon.colcon_core.shell:Creating package script '/home/akshat/ROS-Humble-BlueRov2-Driver/install/tritech_micron/share/tritech_micron/package.ps1'
[6.843s] INFO:colcon.colcon_core.shell:Creating package descriptor '/home/akshat/ROS-Humble-BlueRov2-Driver/install/tritech_micron/share/tritech_micron/package.dsv'
[6.843s] INFO:colcon.colcon_core.shell:Creating package script '/home/akshat/ROS-Humble-BlueRov2-Driver/install/tritech_micron/share/tritech_micron/package.sh'
[6.844s] INFO:colcon.colcon_core.shell:Creating package script '/home/akshat/ROS-Humble-BlueRov2-Driver/install/tritech_micron/share/tritech_micron/package.bash'
[6.844s] INFO:colcon.colcon_core.shell:Creating package script '/home/akshat/ROS-Humble-BlueRov2-Driver/install/tritech_micron/share/tritech_micron/package.zsh'
[6.844s] Level 1:colcon.colcon_core.environment:create_file_with_runtime_dependencies(/home/akshat/ROS-Humble-BlueRov2-Driver/install/tritech_micron/share/colcon-core/packages/tritech_micron)
[7.006s] Level 1:colcon.colcon_core.environment:checking '/home/akshat/ROS-Humble-BlueRov2-Driver/install/bluerov2_controller' for CMake module files
[7.006s] DEBUG:colcon.colcon_core.event_handler.log_command:Invoked command in '/home/akshat/ROS-Humble-BlueRov2-Driver/src/bluerov2_controller' returned '0': AMENT_PREFIX_PATH=/home/akshat/ROS-Humble-BlueRov2-Driver/install/bluerov2_interfaces:${AMENT_PREFIX_PATH} CMAKE_PREFIX_PATH=/home/akshat/ROS-Humble-BlueRov2-Driver/install/bluerov2_interfaces:${CMAKE_PREFIX_PATH} LD_LIBRARY_PATH=/home/akshat/ROS-Humble-BlueRov2-Driver/install/bluerov2_interfaces/lib:${LD_LIBRARY_PATH} PYTHONPATH=/home/akshat/ROS-Humble-BlueRov2-Driver/build/bluerov2_controller/prefix_override:/usr/lib/python3/dist-packages/colcon_core/task/python/colcon_distutils_commands:/home/akshat/ROS-Humble-BlueRov2-Driver/install/bluerov2_controller/lib/python3.10/site-packages:/home/akshat/ROS-Humble-BlueRov2-Driver/install/bluerov2_interfaces/local/lib/python3.10/dist-packages:${PYTHONPATH} /usr/bin/python3 -W ignore:setup.py install is deprecated setup.py egg_info --egg-base ../../build/bluerov2_controller build --build-base /home/akshat/ROS-Humble-BlueRov2-Driver/build/bluerov2_controller/build install --record /home/akshat/ROS-Humble-BlueRov2-Driver/build/bluerov2_controller/install.log --single-version-externally-managed install_data
[7.007s] Level 1:colcon.colcon_core.environment:checking '/home/akshat/ROS-Humble-BlueRov2-Driver/install/bluerov2_controller' for CMake config files
[7.007s] Level 1:colcon.colcon_core.environment:checking '/home/akshat/ROS-Humble-BlueRov2-Driver/install/bluerov2_controller/lib'
[7.008s] Level 1:colcon.colcon_core.environment:checking '/home/akshat/ROS-Humble-BlueRov2-Driver/install/bluerov2_controller/bin'
[7.008s] Level 1:colcon.colcon_core.environment:checking '/home/akshat/ROS-Humble-BlueRov2-Driver/install/bluerov2_controller/lib/pkgconfig/bluerov2_controller.pc'
[7.008s] Level 1:colcon.colcon_core.environment:checking '/home/akshat/ROS-Humble-BlueRov2-Driver/install/bluerov2_controller/lib/python3.10/site-packages'
[7.008s] Level 1:colcon.colcon_core.shell:create_environment_hook('bluerov2_controller', 'pythonpath')
[7.008s] INFO:colcon.colcon_core.shell:Creating environment hook '/home/akshat/ROS-Humble-BlueRov2-Driver/install/bluerov2_controller/share/bluerov2_controller/hook/pythonpath.ps1'
[7.008s] INFO:colcon.colcon_core.shell:Creating environment descriptor '/home/akshat/ROS-Humble-BlueRov2-Driver/install/bluerov2_controller/share/bluerov2_controller/hook/pythonpath.dsv'
[7.009s] INFO:colcon.colcon_core.shell:Creating environment hook '/home/akshat/ROS-Humble-BlueRov2-Driver/install/bluerov2_controller/share/bluerov2_controller/hook/pythonpath.sh'
[7.009s] Level 1:colcon.colcon_core.environment:checking '/home/akshat/ROS-Humble-BlueRov2-Driver/install/bluerov2_controller/bin'
[7.009s] Level 1:colcon.colcon_core.environment:create_environment_scripts_only(bluerov2_controller)
[7.009s] INFO:colcon.colcon_core.shell:Creating package script '/home/akshat/ROS-Humble-BlueRov2-Driver/install/bluerov2_controller/share/bluerov2_controller/package.ps1'
[7.010s] INFO:colcon.colcon_core.shell:Creating package descriptor '/home/akshat/ROS-Humble-BlueRov2-Driver/install/bluerov2_controller/share/bluerov2_controller/package.dsv'
[7.010s] INFO:colcon.colcon_core.shell:Creating package script '/home/akshat/ROS-Humble-BlueRov2-Driver/install/bluerov2_controller/share/bluerov2_controller/package.sh'
[7.010s] INFO:colcon.colcon_core.shell:Creating package script '/home/akshat/ROS-Humble-BlueRov2-Driver/install/bluerov2_controller/share/bluerov2_controller/package.bash'
[7.010s] INFO:colcon.colcon_core.shell:Creating package script '/home/akshat/ROS-Humble-BlueRov2-Driver/install/bluerov2_controller/share/bluerov2_controller/package.zsh'
[7.011s] Level 1:colcon.colcon_core.environment:create_file_with_runtime_dependencies(/home/akshat/ROS-Humble-BlueRov2-Driver/install/bluerov2_controller/share/colcon-core/packages/bluerov2_controller)
[7.011s] INFO:colcon.colcon_ros.task.ament_cmake.build:Building ROS package in '/home/akshat/ROS-Humble-BlueRov2-Driver/src/bluerov2_bringup' with build type 'ament_cmake'
[7.011s] INFO:colcon.colcon_cmake.task.cmake.build:Building CMake package in '/home/akshat/ROS-Humble-BlueRov2-Driver/src/bluerov2_bringup'
[7.011s] INFO:colcon.colcon_core.shell:Skip shell extension 'powershell' for command environment: Not usable outside of PowerShell
[7.011s] DEBUG:colcon.colcon_core.shell:Skip shell extension 'dsv' for command environment
[7.028s] DEBUG:colcon.colcon_core.event_handler.log_command:Invoking command in '/home/akshat/ROS-Humble-BlueRov2-Driver/build/bluerov2_bringup': AMENT_PREFIX_PATH=/home/akshat/ROS-Humble-BlueRov2-Driver/install/bluerov2_controller:/home/akshat/ROS-Humble-BlueRov2-Driver/install/bluerov2_interfaces:${AMENT_PREFIX_PATH} CMAKE_PREFIX_PATH=/home/akshat/ROS-Humble-BlueRov2-Driver/install/bluerov2_interfaces:/home/akshat/Documents/GitHub/SJO038/ros2_ws/install/wander_and_avoid:/home/akshat/Documents/GitHub/SJO038/ros2_ws/install/sum:/home/akshat/Documents/GitHub/SJO038/ros2_ws/install/stats:/home/akshat/Documents/GitHub/SJO038/ros2_ws/install/examples:/home/akshat/simulation_ws/install/multi_turtlebot_sim:/home/akshat/simulation_ws/install/learning_tf2_cpp:/home/akshat/simulation_ws/install/blue_bringup:/home/akshat/simulation_ws/install/blue_description:/home/akshat/simulation_ws/install/blue_demos:/home/akshat/simulation_ws/install/angler_description:/home/akshat/simulation_ws/install/angler_bringup:/home/akshat/simulation_ws/install/alpha_bringup:/home/akshat/simulation_ws/install/alpha_hardware:/home/akshat/simulation_ws/install/alpha_driver:/home/akshat/simulation_ws/install/alpha_description:/home/akshat/Documents/GitHub/SJO038/tb3_ws/install/robot_trajectory:/home/akshat/Documents/GitHub/SJO038/turtlebot3_ws/install/turtlebot3:/home/akshat/Documents/GitHub/SJO038/turtlebot3_ws/install/turtlebot3_simulations:/home/akshat/Documents/GitHub/SJO038/turtlebot3_ws/install/turtlebot3_bringup:/home/akshat/Documents/GitHub/SJO038/turtlebot3_ws/install/turtlebot3_node:/home/akshat/Documents/GitHub/SJO038/turtlebot3_ws/install/turtlebot3_navigation2:/home/akshat/Documents/GitHub/SJO038/turtlebot3_ws/install/turtlebot3_fake_node:/home/akshat/Documents/GitHub/SJO038/turtlebot3_ws/install/turtlebot3_msgs:/home/akshat/Documents/GitHub/SJO038/turtlebot3_ws/install/turtlebot3_gazebo:/home/akshat/Documents/GitHub/SJO038/turtlebot3_ws/install/turtlebot3_description:/home/akshat/Documents/GitHub/SJO038/turtlebot3_ws/install/turtlebot3_cartographer:/home/akshat/Documents/GitHub/SJO038/turtlebot3_ws/install/dynamixel_sdk_examples:/home/akshat/Documents/GitHub/SJO038/turtlebot3_ws/install/dynamixel_sdk_custom_interfaces:/home/akshat/Documents/GitHub/SJO038/turtlebot3_ws/install/dynamixel_sdk:/home/akshat/my_ros2_ws/install/ur_custom_control:/home/akshat/simulation_ws/install/py_trees_ros_viewer:/home/akshat/simulation_ws/install/blue_localization:/home/akshat/simulation_ws/install/angler_utils:/home/akshat/simulation_ws/install/angler_planning:/home/akshat/simulation_ws/install/angler_mux:/home/akshat/simulation_ws/install/angler_kinematics:/home/akshat/simulation_ws/install/angler_control:/home/akshat/simulation_ws/install/angler_behaviors:/home/akshat/tele_ws/install/ros_tcp_endpoint:/home/akshat/tele_ws/install/bluerov_grasp:/home/akshat/tele_ws/install/autonomous_rov:/home/akshat/Documents/GitHub/SJO038/turtlebot3_ws/install/turtlebot3_teleop:/home/akshat/Documents/GitHub/SJO038/turtlebot3_ws/install/turtlebot3_example:/opt/ros/humble LD_LIBRARY_PATH=/home/akshat/ROS-Humble-BlueRov2-Driver/install/bluerov2_interfaces/lib:${LD_LIBRARY_PATH} PYTHONPATH=/home/akshat/ROS-Humble-BlueRov2-Driver/install/bluerov2_controller/lib/python3.10/site-packages:/home/akshat/ROS-Humble-BlueRov2-Driver/install/bluerov2_interfaces/local/lib/python3.10/dist-packages:${PYTHONPATH} /usr/bin/cmake /home/akshat/ROS-Humble-BlueRov2-Driver/src/bluerov2_bringup -DCMAKE_INSTALL_PREFIX=/home/akshat/ROS-Humble-BlueRov2-Driver/install/bluerov2_bringup
[7.678s] DEBUG:colcon.colcon_core.event_handler.log_command:Invoked command in '/home/akshat/ROS-Humble-BlueRov2-Driver/build/bluerov2_bringup' returned '0': AMENT_PREFIX_PATH=/home/akshat/ROS-Humble-BlueRov2-Driver/install/bluerov2_controller:/home/akshat/ROS-Humble-BlueRov2-Driver/install/bluerov2_interfaces:${AMENT_PREFIX_PATH} CMAKE_PREFIX_PATH=/home/akshat/ROS-Humble-BlueRov2-Driver/install/bluerov2_interfaces:/home/akshat/Documents/GitHub/SJO038/ros2_ws/install/wander_and_avoid:/home/akshat/Documents/GitHub/SJO038/ros2_ws/install/sum:/home/akshat/Documents/GitHub/SJO038/ros2_ws/install/stats:/home/akshat/Documents/GitHub/SJO038/ros2_ws/install/examples:/home/akshat/simulation_ws/install/multi_turtlebot_sim:/home/akshat/simulation_ws/install/learning_tf2_cpp:/home/akshat/simulation_ws/install/blue_bringup:/home/akshat/simulation_ws/install/blue_description:/home/akshat/simulation_ws/install/blue_demos:/home/akshat/simulation_ws/install/angler_description:/home/akshat/simulation_ws/install/angler_bringup:/home/akshat/simulation_ws/install/alpha_bringup:/home/akshat/simulation_ws/install/alpha_hardware:/home/akshat/simulation_ws/install/alpha_driver:/home/akshat/simulation_ws/install/alpha_description:/home/akshat/Documents/GitHub/SJO038/tb3_ws/install/robot_trajectory:/home/akshat/Documents/GitHub/SJO038/turtlebot3_ws/install/turtlebot3:/home/akshat/Documents/GitHub/SJO038/turtlebot3_ws/install/turtlebot3_simulations:/home/akshat/Documents/GitHub/SJO038/turtlebot3_ws/install/turtlebot3_bringup:/home/akshat/Documents/GitHub/SJO038/turtlebot3_ws/install/turtlebot3_node:/home/akshat/Documents/GitHub/SJO038/turtlebot3_ws/install/turtlebot3_navigation2:/home/akshat/Documents/GitHub/SJO038/turtlebot3_ws/install/turtlebot3_fake_node:/home/akshat/Documents/GitHub/SJO038/turtlebot3_ws/install/turtlebot3_msgs:/home/akshat/Documents/GitHub/SJO038/turtlebot3_ws/install/turtlebot3_gazebo:/home/akshat/Documents/GitHub/SJO038/turtlebot3_ws/install/turtlebot3_description:/home/akshat/Documents/GitHub/SJO038/turtlebot3_ws/install/turtlebot3_cartographer:/home/akshat/Documents/GitHub/SJO038/turtlebot3_ws/install/dynamixel_sdk_examples:/home/akshat/Documents/GitHub/SJO038/turtlebot3_ws/install/dynamixel_sdk_custom_interfaces:/home/akshat/Documents/GitHub/SJO038/turtlebot3_ws/install/dynamixel_sdk:/home/akshat/my_ros2_ws/install/ur_custom_control:/home/akshat/simulation_ws/install/py_trees_ros_viewer:/home/akshat/simulation_ws/install/blue_localization:/home/akshat/simulation_ws/install/angler_utils:/home/akshat/simulation_ws/install/angler_planning:/home/akshat/simulation_ws/install/angler_mux:/home/akshat/simulation_ws/install/angler_kinematics:/home/akshat/simulation_ws/install/angler_control:/home/akshat/simulation_ws/install/angler_behaviors:/home/akshat/tele_ws/install/ros_tcp_endpoint:/home/akshat/tele_ws/install/bluerov_grasp:/home/akshat/tele_ws/install/autonomous_rov:/home/akshat/Documents/GitHub/SJO038/turtlebot3_ws/install/turtlebot3_teleop:/home/akshat/Documents/GitHub/SJO038/turtlebot3_ws/install/turtlebot3_example:/opt/ros/humble LD_LIBRARY_PATH=/home/akshat/ROS-Humble-BlueRov2-Driver/install/bluerov2_interfaces/lib:${LD_LIBRARY_PATH} PYTHONPATH=/home/akshat/ROS-Humble-BlueRov2-Driver/install/bluerov2_controller/lib/python3.10/site-packages:/home/akshat/ROS-Humble-BlueRov2-Driver/install/bluerov2_interfaces/local/lib/python3.10/dist-packages:${PYTHONPATH} /usr/bin/cmake /home/akshat/ROS-Humble-BlueRov2-Driver/src/bluerov2_bringup -DCMAKE_INSTALL_PREFIX=/home/akshat/ROS-Humble-BlueRov2-Driver/install/bluerov2_bringup
[7.680s] DEBUG:colcon.colcon_core.event_handler.log_command:Invoking command in '/home/akshat/ROS-Humble-BlueRov2-Driver/build/bluerov2_bringup': AMENT_PREFIX_PATH=/home/akshat/ROS-Humble-BlueRov2-Driver/install/bluerov2_controller:/home/akshat/ROS-Humble-BlueRov2-Driver/install/bluerov2_interfaces:${AMENT_PREFIX_PATH} CMAKE_PREFIX_PATH=/home/akshat/ROS-Humble-BlueRov2-Driver/install/bluerov2_interfaces:/home/akshat/Documents/GitHub/SJO038/ros2_ws/install/wander_and_avoid:/home/akshat/Documents/GitHub/SJO038/ros2_ws/install/sum:/home/akshat/Documents/GitHub/SJO038/ros2_ws/install/stats:/home/akshat/Documents/GitHub/SJO038/ros2_ws/install/examples:/home/akshat/simulation_ws/install/multi_turtlebot_sim:/home/akshat/simulation_ws/install/learning_tf2_cpp:/home/akshat/simulation_ws/install/blue_bringup:/home/akshat/simulation_ws/install/blue_description:/home/akshat/simulation_ws/install/blue_demos:/home/akshat/simulation_ws/install/angler_description:/home/akshat/simulation_ws/install/angler_bringup:/home/akshat/simulation_ws/install/alpha_bringup:/home/akshat/simulation_ws/install/alpha_hardware:/home/akshat/simulation_ws/install/alpha_driver:/home/akshat/simulation_ws/install/alpha_description:/home/akshat/Documents/GitHub/SJO038/tb3_ws/install/robot_trajectory:/home/akshat/Documents/GitHub/SJO038/turtlebot3_ws/install/turtlebot3:/home/akshat/Documents/GitHub/SJO038/turtlebot3_ws/install/turtlebot3_simulations:/home/akshat/Documents/GitHub/SJO038/turtlebot3_ws/install/turtlebot3_bringup:/home/akshat/Documents/GitHub/SJO038/turtlebot3_ws/install/turtlebot3_node:/home/akshat/Documents/GitHub/SJO038/turtlebot3_ws/install/turtlebot3_navigation2:/home/akshat/Documents/GitHub/SJO038/turtlebot3_ws/install/turtlebot3_fake_node:/home/akshat/Documents/GitHub/SJO038/turtlebot3_ws/install/turtlebot3_msgs:/home/akshat/Documents/GitHub/SJO038/turtlebot3_ws/install/turtlebot3_gazebo:/home/akshat/Documents/GitHub/SJO038/turtlebot3_ws/install/turtlebot3_description:/home/akshat/Documents/GitHub/SJO038/turtlebot3_ws/install/turtlebot3_cartographer:/home/akshat/Documents/GitHub/SJO038/turtlebot3_ws/install/dynamixel_sdk_examples:/home/akshat/Documents/GitHub/SJO038/turtlebot3_ws/install/dynamixel_sdk_custom_interfaces:/home/akshat/Documents/GitHub/SJO038/turtlebot3_ws/install/dynamixel_sdk:/home/akshat/my_ros2_ws/install/ur_custom_control:/home/akshat/simulation_ws/install/py_trees_ros_viewer:/home/akshat/simulation_ws/install/blue_localization:/home/akshat/simulation_ws/install/angler_utils:/home/akshat/simulation_ws/install/angler_planning:/home/akshat/simulation_ws/install/angler_mux:/home/akshat/simulation_ws/install/angler_kinematics:/home/akshat/simulation_ws/install/angler_control:/home/akshat/simulation_ws/install/angler_behaviors:/home/akshat/tele_ws/install/ros_tcp_endpoint:/home/akshat/tele_ws/install/bluerov_grasp:/home/akshat/tele_ws/install/autonomous_rov:/home/akshat/Documents/GitHub/SJO038/turtlebot3_ws/install/turtlebot3_teleop:/home/akshat/Documents/GitHub/SJO038/turtlebot3_ws/install/turtlebot3_example:/opt/ros/humble LD_LIBRARY_PATH=/home/akshat/ROS-Humble-BlueRov2-Driver/install/bluerov2_interfaces/lib:${LD_LIBRARY_PATH} PYTHONPATH=/home/akshat/ROS-Humble-BlueRov2-Driver/install/bluerov2_controller/lib/python3.10/site-packages:/home/akshat/ROS-Humble-BlueRov2-Driver/install/bluerov2_interfaces/local/lib/python3.10/dist-packages:${PYTHONPATH} /usr/bin/cmake --build /home/akshat/ROS-Humble-BlueRov2-Driver/build/bluerov2_bringup -- -j16 -l16
[7.721s] DEBUG:colcon.colcon_core.event_handler.log_command:Invoked command in '/home/akshat/ROS-Humble-BlueRov2-Driver/build/bluerov2_bringup' returned '0': AMENT_PREFIX_PATH=/home/akshat/ROS-Humble-BlueRov2-Driver/install/bluerov2_controller:/home/akshat/ROS-Humble-BlueRov2-Driver/install/bluerov2_interfaces:${AMENT_PREFIX_PATH} CMAKE_PREFIX_PATH=/home/akshat/ROS-Humble-BlueRov2-Driver/install/bluerov2_interfaces:/home/akshat/Documents/GitHub/SJO038/ros2_ws/install/wander_and_avoid:/home/akshat/Documents/GitHub/SJO038/ros2_ws/install/sum:/home/akshat/Documents/GitHub/SJO038/ros2_ws/install/stats:/home/akshat/Documents/GitHub/SJO038/ros2_ws/install/examples:/home/akshat/simulation_ws/install/multi_turtlebot_sim:/home/akshat/simulation_ws/install/learning_tf2_cpp:/home/akshat/simulation_ws/install/blue_bringup:/home/akshat/simulation_ws/install/blue_description:/home/akshat/simulation_ws/install/blue_demos:/home/akshat/simulation_ws/install/angler_description:/home/akshat/simulation_ws/install/angler_bringup:/home/akshat/simulation_ws/install/alpha_bringup:/home/akshat/simulation_ws/install/alpha_hardware:/home/akshat/simulation_ws/install/alpha_driver:/home/akshat/simulation_ws/install/alpha_description:/home/akshat/Documents/GitHub/SJO038/tb3_ws/install/robot_trajectory:/home/akshat/Documents/GitHub/SJO038/turtlebot3_ws/install/turtlebot3:/home/akshat/Documents/GitHub/SJO038/turtlebot3_ws/install/turtlebot3_simulations:/home/akshat/Documents/GitHub/SJO038/turtlebot3_ws/install/turtlebot3_bringup:/home/akshat/Documents/GitHub/SJO038/turtlebot3_ws/install/turtlebot3_node:/home/akshat/Documents/GitHub/SJO038/turtlebot3_ws/install/turtlebot3_navigation2:/home/akshat/Documents/GitHub/SJO038/turtlebot3_ws/install/turtlebot3_fake_node:/home/akshat/Documents/GitHub/SJO038/turtlebot3_ws/install/turtlebot3_msgs:/home/akshat/Documents/GitHub/SJO038/turtlebot3_ws/install/turtlebot3_gazebo:/home/akshat/Documents/GitHub/SJO038/turtlebot3_ws/install/turtlebot3_description:/home/akshat/Documents/GitHub/SJO038/turtlebot3_ws/install/turtlebot3_cartographer:/home/akshat/Documents/GitHub/SJO038/turtlebot3_ws/install/dynamixel_sdk_examples:/home/akshat/Documents/GitHub/SJO038/turtlebot3_ws/install/dynamixel_sdk_custom_interfaces:/home/akshat/Documents/GitHub/SJO038/turtlebot3_ws/install/dynamixel_sdk:/home/akshat/my_ros2_ws/install/ur_custom_control:/home/akshat/simulation_ws/install/py_trees_ros_viewer:/home/akshat/simulation_ws/install/blue_localization:/home/akshat/simulation_ws/install/angler_utils:/home/akshat/simulation_ws/install/angler_planning:/home/akshat/simulation_ws/install/angler_mux:/home/akshat/simulation_ws/install/angler_kinematics:/home/akshat/simulation_ws/install/angler_control:/home/akshat/simulation_ws/install/angler_behaviors:/home/akshat/tele_ws/install/ros_tcp_endpoint:/home/akshat/tele_ws/install/bluerov_grasp:/home/akshat/tele_ws/install/autonomous_rov:/home/akshat/Documents/GitHub/SJO038/turtlebot3_ws/install/turtlebot3_teleop:/home/akshat/Documents/GitHub/SJO038/turtlebot3_ws/install/turtlebot3_example:/opt/ros/humble LD_LIBRARY_PATH=/home/akshat/ROS-Humble-BlueRov2-Driver/install/bluerov2_interfaces/lib:${LD_LIBRARY_PATH} PYTHONPATH=/home/akshat/ROS-Humble-BlueRov2-Driver/install/bluerov2_controller/lib/python3.10/site-packages:/home/akshat/ROS-Humble-BlueRov2-Driver/install/bluerov2_interfaces/local/lib/python3.10/dist-packages:${PYTHONPATH} /usr/bin/cmake --build /home/akshat/ROS-Humble-BlueRov2-Driver/build/bluerov2_bringup -- -j16 -l16
[7.755s] DEBUG:colcon.colcon_core.event_handler.log_command:Invoking command in '/home/akshat/ROS-Humble-BlueRov2-Driver/build/bluerov2_bringup': AMENT_PREFIX_PATH=/home/akshat/ROS-Humble-BlueRov2-Driver/install/bluerov2_controller:/home/akshat/ROS-Humble-BlueRov2-Driver/install/bluerov2_interfaces:${AMENT_PREFIX_PATH} CMAKE_PREFIX_PATH=/home/akshat/ROS-Humble-BlueRov2-Driver/install/bluerov2_interfaces:/home/akshat/Documents/GitHub/SJO038/ros2_ws/install/wander_and_avoid:/home/akshat/Documents/GitHub/SJO038/ros2_ws/install/sum:/home/akshat/Documents/GitHub/SJO038/ros2_ws/install/stats:/home/akshat/Documents/GitHub/SJO038/ros2_ws/install/examples:/home/akshat/simulation_ws/install/multi_turtlebot_sim:/home/akshat/simulation_ws/install/learning_tf2_cpp:/home/akshat/simulation_ws/install/blue_bringup:/home/akshat/simulation_ws/install/blue_description:/home/akshat/simulation_ws/install/blue_demos:/home/akshat/simulation_ws/install/angler_description:/home/akshat/simulation_ws/install/angler_bringup:/home/akshat/simulation_ws/install/alpha_bringup:/home/akshat/simulation_ws/install/alpha_hardware:/home/akshat/simulation_ws/install/alpha_driver:/home/akshat/simulation_ws/install/alpha_description:/home/akshat/Documents/GitHub/SJO038/tb3_ws/install/robot_trajectory:/home/akshat/Documents/GitHub/SJO038/turtlebot3_ws/install/turtlebot3:/home/akshat/Documents/GitHub/SJO038/turtlebot3_ws/install/turtlebot3_simulations:/home/akshat/Documents/GitHub/SJO038/turtlebot3_ws/install/turtlebot3_bringup:/home/akshat/Documents/GitHub/SJO038/turtlebot3_ws/install/turtlebot3_node:/home/akshat/Documents/GitHub/SJO038/turtlebot3_ws/install/turtlebot3_navigation2:/home/akshat/Documents/GitHub/SJO038/turtlebot3_ws/install/turtlebot3_fake_node:/home/akshat/Documents/GitHub/SJO038/turtlebot3_ws/install/turtlebot3_msgs:/home/akshat/Documents/GitHub/SJO038/turtlebot3_ws/install/turtlebot3_gazebo:/home/akshat/Documents/GitHub/SJO038/turtlebot3_ws/install/turtlebot3_description:/home/akshat/Documents/GitHub/SJO038/turtlebot3_ws/install/turtlebot3_cartographer:/home/akshat/Documents/GitHub/SJO038/turtlebot3_ws/install/dynamixel_sdk_examples:/home/akshat/Documents/GitHub/SJO038/turtlebot3_ws/install/dynamixel_sdk_custom_interfaces:/home/akshat/Documents/GitHub/SJO038/turtlebot3_ws/install/dynamixel_sdk:/home/akshat/my_ros2_ws/install/ur_custom_control:/home/akshat/simulation_ws/install/py_trees_ros_viewer:/home/akshat/simulation_ws/install/blue_localization:/home/akshat/simulation_ws/install/angler_utils:/home/akshat/simulation_ws/install/angler_planning:/home/akshat/simulation_ws/install/angler_mux:/home/akshat/simulation_ws/install/angler_kinematics:/home/akshat/simulation_ws/install/angler_control:/home/akshat/simulation_ws/install/angler_behaviors:/home/akshat/tele_ws/install/ros_tcp_endpoint:/home/akshat/tele_ws/install/bluerov_grasp:/home/akshat/tele_ws/install/autonomous_rov:/home/akshat/Documents/GitHub/SJO038/turtlebot3_ws/install/turtlebot3_teleop:/home/akshat/Documents/GitHub/SJO038/turtlebot3_ws/install/turtlebot3_example:/opt/ros/humble LD_LIBRARY_PATH=/home/akshat/ROS-Humble-BlueRov2-Driver/install/bluerov2_interfaces/lib:${LD_LIBRARY_PATH} PYTHONPATH=/home/akshat/ROS-Humble-BlueRov2-Driver/install/bluerov2_controller/lib/python3.10/site-packages:/home/akshat/ROS-Humble-BlueRov2-Driver/install/bluerov2_interfaces/local/lib/python3.10/dist-packages:${PYTHONPATH} /usr/bin/cmake --install /home/akshat/ROS-Humble-BlueRov2-Driver/build/bluerov2_bringup
[7.768s] Level 1:colcon.colcon_core.environment:create_environment_scripts_only(bluerov2_bringup)
[7.768s] Level 1:colcon.colcon_core.environment:checking '/home/akshat/ROS-Humble-BlueRov2-Driver/install/bluerov2_bringup' for CMake module files
[7.769s] DEBUG:colcon.colcon_core.event_handler.log_command:Invoked command in '/home/akshat/ROS-Humble-BlueRov2-Driver/build/bluerov2_bringup' returned '0': AMENT_PREFIX_PATH=/home/akshat/ROS-Humble-BlueRov2-Driver/install/bluerov2_controller:/home/akshat/ROS-Humble-BlueRov2-Driver/install/bluerov2_interfaces:${AMENT_PREFIX_PATH} CMAKE_PREFIX_PATH=/home/akshat/ROS-Humble-BlueRov2-Driver/install/bluerov2_interfaces:/home/akshat/Documents/GitHub/SJO038/ros2_ws/install/wander_and_avoid:/home/akshat/Documents/GitHub/SJO038/ros2_ws/install/sum:/home/akshat/Documents/GitHub/SJO038/ros2_ws/install/stats:/home/akshat/Documents/GitHub/SJO038/ros2_ws/install/examples:/home/akshat/simulation_ws/install/multi_turtlebot_sim:/home/akshat/simulation_ws/install/learning_tf2_cpp:/home/akshat/simulation_ws/install/blue_bringup:/home/akshat/simulation_ws/install/blue_description:/home/akshat/simulation_ws/install/blue_demos:/home/akshat/simulation_ws/install/angler_description:/home/akshat/simulation_ws/install/angler_bringup:/home/akshat/simulation_ws/install/alpha_bringup:/home/akshat/simulation_ws/install/alpha_hardware:/home/akshat/simulation_ws/install/alpha_driver:/home/akshat/simulation_ws/install/alpha_description:/home/akshat/Documents/GitHub/SJO038/tb3_ws/install/robot_trajectory:/home/akshat/Documents/GitHub/SJO038/turtlebot3_ws/install/turtlebot3:/home/akshat/Documents/GitHub/SJO038/turtlebot3_ws/install/turtlebot3_simulations:/home/akshat/Documents/GitHub/SJO038/turtlebot3_ws/install/turtlebot3_bringup:/home/akshat/Documents/GitHub/SJO038/turtlebot3_ws/install/turtlebot3_node:/home/akshat/Documents/GitHub/SJO038/turtlebot3_ws/install/turtlebot3_navigation2:/home/akshat/Documents/GitHub/SJO038/turtlebot3_ws/install/turtlebot3_fake_node:/home/akshat/Documents/GitHub/SJO038/turtlebot3_ws/install/turtlebot3_msgs:/home/akshat/Documents/GitHub/SJO038/turtlebot3_ws/install/turtlebot3_gazebo:/home/akshat/Documents/GitHub/SJO038/turtlebot3_ws/install/turtlebot3_description:/home/akshat/Documents/GitHub/SJO038/turtlebot3_ws/install/turtlebot3_cartographer:/home/akshat/Documents/GitHub/SJO038/turtlebot3_ws/install/dynamixel_sdk_examples:/home/akshat/Documents/GitHub/SJO038/turtlebot3_ws/install/dynamixel_sdk_custom_interfaces:/home/akshat/Documents/GitHub/SJO038/turtlebot3_ws/install/dynamixel_sdk:/home/akshat/my_ros2_ws/install/ur_custom_control:/home/akshat/simulation_ws/install/py_trees_ros_viewer:/home/akshat/simulation_ws/install/blue_localization:/home/akshat/simulation_ws/install/angler_utils:/home/akshat/simulation_ws/install/angler_planning:/home/akshat/simulation_ws/install/angler_mux:/home/akshat/simulation_ws/install/angler_kinematics:/home/akshat/simulation_ws/install/angler_control:/home/akshat/simulation_ws/install/angler_behaviors:/home/akshat/tele_ws/install/ros_tcp_endpoint:/home/akshat/tele_ws/install/bluerov_grasp:/home/akshat/tele_ws/install/autonomous_rov:/home/akshat/Documents/GitHub/SJO038/turtlebot3_ws/install/turtlebot3_teleop:/home/akshat/Documents/GitHub/SJO038/turtlebot3_ws/install/turtlebot3_example:/opt/ros/humble LD_LIBRARY_PATH=/home/akshat/ROS-Humble-BlueRov2-Driver/install/bluerov2_interfaces/lib:${LD_LIBRARY_PATH} PYTHONPATH=/home/akshat/ROS-Humble-BlueRov2-Driver/install/bluerov2_controller/lib/python3.10/site-packages:/home/akshat/ROS-Humble-BlueRov2-Driver/install/bluerov2_interfaces/local/lib/python3.10/dist-packages:${PYTHONPATH} /usr/bin/cmake --install /home/akshat/ROS-Humble-BlueRov2-Driver/build/bluerov2_bringup
[7.769s] Level 1:colcon.colcon_core.environment:checking '/home/akshat/ROS-Humble-BlueRov2-Driver/install/bluerov2_bringup' for CMake config files
[7.769s] Level 1:colcon.colcon_core.shell:create_environment_hook('bluerov2_bringup', 'cmake_prefix_path')
[7.770s] INFO:colcon.colcon_core.shell:Creating environment hook '/home/akshat/ROS-Humble-BlueRov2-Driver/install/bluerov2_bringup/share/bluerov2_bringup/hook/cmake_prefix_path.ps1'
[7.770s] INFO:colcon.colcon_core.shell:Creating environment descriptor '/home/akshat/ROS-Humble-BlueRov2-Driver/install/bluerov2_bringup/share/bluerov2_bringup/hook/cmake_prefix_path.dsv'
[7.770s] INFO:colcon.colcon_core.shell:Creating environment hook '/home/akshat/ROS-Humble-BlueRov2-Driver/install/bluerov2_bringup/share/bluerov2_bringup/hook/cmake_prefix_path.sh'
[7.771s] Level 1:colcon.colcon_core.environment:checking '/home/akshat/ROS-Humble-BlueRov2-Driver/install/bluerov2_bringup/bin'
[7.771s] Level 1:colcon.colcon_core.environment:checking '/home/akshat/ROS-Humble-BlueRov2-Driver/install/bluerov2_bringup/lib/pkgconfig/bluerov2_bringup.pc'
[7.771s] Level 1:colcon.colcon_core.environment:checking '/home/akshat/ROS-Humble-BlueRov2-Driver/install/bluerov2_bringup/lib/python3.10/site-packages'
[7.771s] Level 1:colcon.colcon_core.environment:checking '/home/akshat/ROS-Humble-BlueRov2-Driver/install/bluerov2_bringup/bin'
[7.771s] INFO:colcon.colcon_core.shell:Creating package script '/home/akshat/ROS-Humble-BlueRov2-Driver/install/bluerov2_bringup/share/bluerov2_bringup/package.ps1'
[7.772s] INFO:colcon.colcon_core.shell:Creating package descriptor '/home/akshat/ROS-Humble-BlueRov2-Driver/install/bluerov2_bringup/share/bluerov2_bringup/package.dsv'
[7.772s] INFO:colcon.colcon_core.shell:Creating package script '/home/akshat/ROS-Humble-BlueRov2-Driver/install/bluerov2_bringup/share/bluerov2_bringup/package.sh'
[7.772s] INFO:colcon.colcon_core.shell:Creating package script '/home/akshat/ROS-Humble-BlueRov2-Driver/install/bluerov2_bringup/share/bluerov2_bringup/package.bash'
[7.772s] INFO:colcon.colcon_core.shell:Creating package script '/home/akshat/ROS-Humble-BlueRov2-Driver/install/bluerov2_bringup/share/bluerov2_bringup/package.zsh'
[7.773s] Level 1:colcon.colcon_core.environment:create_file_with_runtime_dependencies(/home/akshat/ROS-Humble-BlueRov2-Driver/install/bluerov2_bringup/share/colcon-core/packages/bluerov2_bringup)
[7.803s] Level 1:colcon.colcon_core.environment:create_environment_scripts_only(bluerov2_bringup)
[7.803s] Level 1:colcon.colcon_core.environment:checking '/home/akshat/ROS-Humble-BlueRov2-Driver/install/bluerov2_bringup' for CMake module files
[7.803s] Level 1:colcon.colcon_core.environment:checking '/home/akshat/ROS-Humble-BlueRov2-Driver/install/bluerov2_bringup' for CMake config files
[7.803s] Level 1:colcon.colcon_core.shell:create_environment_hook('bluerov2_bringup', 'cmake_prefix_path')
[7.804s] INFO:colcon.colcon_core.shell:Creating environment hook '/home/akshat/ROS-Humble-BlueRov2-Driver/install/bluerov2_bringup/share/bluerov2_bringup/hook/cmake_prefix_path.ps1'
[7.804s] INFO:colcon.colcon_core.shell:Creating environment descriptor '/home/akshat/ROS-Humble-BlueRov2-Driver/install/bluerov2_bringup/share/bluerov2_bringup/hook/cmake_prefix_path.dsv'
[7.804s] INFO:colcon.colcon_core.shell:Creating environment hook '/home/akshat/ROS-Humble-BlueRov2-Driver/install/bluerov2_bringup/share/bluerov2_bringup/hook/cmake_prefix_path.sh'
[7.805s] Level 1:colcon.colcon_core.environment:checking '/home/akshat/ROS-Humble-BlueRov2-Driver/install/bluerov2_bringup/bin'
[7.805s] Level 1:colcon.colcon_core.environment:checking '/home/akshat/ROS-Humble-BlueRov2-Driver/install/bluerov2_bringup/lib/pkgconfig/bluerov2_bringup.pc'
[7.805s] Level 1:colcon.colcon_core.environment:checking '/home/akshat/ROS-Humble-BlueRov2-Driver/install/bluerov2_bringup/lib/python3.10/site-packages'
[7.805s] Level 1:colcon.colcon_core.environment:checking '/home/akshat/ROS-Humble-BlueRov2-Driver/install/bluerov2_bringup/bin'
[7.806s] INFO:colcon.colcon_core.shell:Creating package script '/home/akshat/ROS-Humble-BlueRov2-Driver/install/bluerov2_bringup/share/bluerov2_bringup/package.ps1'
[7.806s] INFO:colcon.colcon_core.shell:Creating package descriptor '/home/akshat/ROS-Humble-BlueRov2-Driver/install/bluerov2_bringup/share/bluerov2_bringup/package.dsv'
[7.806s] INFO:colcon.colcon_core.shell:Creating package script '/home/akshat/ROS-Humble-BlueRov2-Driver/install/bluerov2_bringup/share/bluerov2_bringup/package.sh'
[7.807s] INFO:colcon.colcon_core.shell:Creating package script '/home/akshat/ROS-Humble-BlueRov2-Driver/install/bluerov2_bringup/share/bluerov2_bringup/package.bash'
[7.807s] INFO:colcon.colcon_core.shell:Creating package script '/home/akshat/ROS-Humble-BlueRov2-Driver/install/bluerov2_bringup/share/bluerov2_bringup/package.zsh'
[7.808s] Level 1:colcon.colcon_core.environment:create_file_with_runtime_dependencies(/home/akshat/ROS-Humble-BlueRov2-Driver/install/bluerov2_bringup/share/colcon-core/packages/bluerov2_bringup)
[7.808s] DEBUG:colcon.colcon_parallel_executor.executor.parallel:closing loop
[7.808s] DEBUG:colcon.colcon_parallel_executor.executor.parallel:loop closed
[7.808s] DEBUG:colcon.colcon_parallel_executor.executor.parallel:run_until_complete finished with '0'
[7.808s] DEBUG:colcon.colcon_core.event_reactor:joining thread
[7.815s] INFO:colcon.colcon_core.plugin_system:Skipping extension 'colcon_notification.desktop_notification.terminal_notifier': Not used on non-Darwin systems
[7.815s] INFO:colcon.colcon_core.plugin_system:Skipping extension 'colcon_notification.desktop_notification.win32': Not used on non-Windows systems
[7.815s] INFO:colcon.colcon_notification.desktop_notification:Sending desktop notification using 'notify2'
[7.826s] DEBUG:colcon.colcon_core.event_reactor:joined thread
[7.826s] INFO:colcon.colcon_core.shell:Creating prefix script '/home/akshat/ROS-Humble-BlueRov2-Driver/install/local_setup.ps1'
[7.827s] INFO:colcon.colcon_core.shell:Creating prefix util module '/home/akshat/ROS-Humble-BlueRov2-Driver/install/_local_setup_util_ps1.py'
[7.829s] INFO:colcon.colcon_core.shell:Creating prefix chain script '/home/akshat/ROS-Humble-BlueRov2-Driver/install/setup.ps1'
[7.833s] INFO:colcon.colcon_core.shell:Creating prefix script '/home/akshat/ROS-Humble-BlueRov2-Driver/install/local_setup.sh'
[7.833s] INFO:colcon.colcon_core.shell:Creating prefix util module '/home/akshat/ROS-Humble-BlueRov2-Driver/install/_local_setup_util_sh.py'
[7.834s] INFO:colcon.colcon_core.shell:Creating prefix chain script '/home/akshat/ROS-Humble-BlueRov2-Driver/install/setup.sh'
[7.836s] INFO:colcon.colcon_core.shell:Creating prefix script '/home/akshat/ROS-Humble-BlueRov2-Driver/install/local_setup.bash'
[7.836s] INFO:colcon.colcon_core.shell:Creating prefix chain script '/home/akshat/ROS-Humble-BlueRov2-Driver/install/setup.bash'
[7.838s] INFO:colcon.colcon_core.shell:Creating prefix script '/home/akshat/ROS-Humble-BlueRov2-Driver/install/local_setup.zsh'
[7.839s] INFO:colcon.colcon_core.shell:Creating prefix chain script '/home/akshat/ROS-Humble-BlueRov2-Driver/install/setup.zsh'
