[0.017s] Invoking command in '/home/akshat/ROS-Humble-BlueRov2-Driver/build/tritech_micron_interfaces': CMAKE_PREFIX_PATH=${CMAKE_PREFIX_PATH}:/home/akshat/ROS-Humble-BlueRov2-Driver/install/tritech_micron:/home/akshat/ROS-Humble-BlueRov2-Driver/install/bluerov2_controller:/home/akshat/my_ros2_ws/install/ur_custom_control:/home/akshat/simulation_ws/install/py_trees_ros_viewer:/home/akshat/simulation_ws/install/blue_localization:/home/akshat/simulation_ws/install/angler_utils:/home/akshat/simulation_ws/install/angler_planning:/home/akshat/simulation_ws/install/angler_mux:/home/akshat/simulation_ws/install/angler_kinematics:/home/akshat/simulation_ws/install/angler_control:/home/akshat/simulation_ws/install/angler_behaviors:/home/akshat/tele_ws/install/ros_tcp_endpoint:/home/akshat/tele_ws/install/bluerov_grasp:/home/akshat/tele_ws/install/autonomous_rov:/home/akshat/Documents/GitHub/SJO038/turtlebot3_ws/install/turtlebot3_teleop:/home/akshat/Documents/GitHub/SJO038/turtlebot3_ws/install/turtlebot3_example:/opt/ros/humble /usr/bin/cmake --build /home/akshat/ROS-Humble-BlueRov2-Driver/build/tritech_micron_interfaces -- -j16 -l16
[0.086s] [  3%] Built target tritech_micron_interfaces__cpp
[0.089s] [ 12%] Built target tritech_micron_interfaces__rosidl_generator_c
[0.114s] [ 12%] Built target ament_cmake_python_copy_tritech_micron_interfaces
[0.138s] [ 22%] Built target tritech_micron_interfaces__rosidl_typesupport_cpp
[0.139s] [ 32%] Built target tritech_micron_interfaces__rosidl_typesupport_fastrtps_cpp
[0.139s] [ 41%] Built target tritech_micron_interfaces__rosidl_typesupport_introspection_c
[0.141s] [ 51%] Built target tritech_micron_interfaces__rosidl_typesupport_introspection_cpp
[0.142s] [ 61%] Built target tritech_micron_interfaces__rosidl_typesupport_c
[0.142s] [ 70%] Built target tritech_micron_interfaces__rosidl_typesupport_fastrtps_c
[0.172s] [ 70%] Built target tritech_micron_interfaces
[0.203s] [ 74%] Built target tritech_micron_interfaces__py
[0.236s] [ 80%] Built target tritech_micron_interfaces__rosidl_generator_py
[0.275s] [ 96%] Built target tritech_micron_interfaces__rosidl_typesupport_c__pyext
[0.275s] [100%] Built target tritech_micron_interfaces__rosidl_typesupport_introspection_c__pyext
[0.275s] [100%] Built target tritech_micron_interfaces__rosidl_typesupport_fastrtps_c__pyext
[0.472s] running egg_info
[0.472s] writing tritech_micron_interfaces.egg-info/PKG-INFO
[0.473s] writing dependency_links to tritech_micron_interfaces.egg-info/dependency_links.txt
[0.473s] writing top-level names to tritech_micron_interfaces.egg-info/top_level.txt
[0.475s] reading manifest file 'tritech_micron_interfaces.egg-info/SOURCES.txt'
[0.476s] writing manifest file 'tritech_micron_interfaces.egg-info/SOURCES.txt'
[0.522s] [100%] Built target ament_cmake_python_build_tritech_micron_interfaces_egg
[0.539s] Invoked command in '/home/akshat/ROS-Humble-BlueRov2-Driver/build/tritech_micron_interfaces' returned '0': CMAKE_PREFIX_PATH=${CMAKE_PREFIX_PATH}:/home/akshat/ROS-Humble-BlueRov2-Driver/install/tritech_micron:/home/akshat/ROS-Humble-BlueRov2-Driver/install/bluerov2_controller:/home/akshat/my_ros2_ws/install/ur_custom_control:/home/akshat/simulation_ws/install/py_trees_ros_viewer:/home/akshat/simulation_ws/install/blue_localization:/home/akshat/simulation_ws/install/angler_utils:/home/akshat/simulation_ws/install/angler_planning:/home/akshat/simulation_ws/install/angler_mux:/home/akshat/simulation_ws/install/angler_kinematics:/home/akshat/simulation_ws/install/angler_control:/home/akshat/simulation_ws/install/angler_behaviors:/home/akshat/tele_ws/install/ros_tcp_endpoint:/home/akshat/tele_ws/install/bluerov_grasp:/home/akshat/tele_ws/install/autonomous_rov:/home/akshat/Documents/GitHub/SJO038/turtlebot3_ws/install/turtlebot3_teleop:/home/akshat/Documents/GitHub/SJO038/turtlebot3_ws/install/turtlebot3_example:/opt/ros/humble /usr/bin/cmake --build /home/akshat/ROS-Humble-BlueRov2-Driver/build/tritech_micron_interfaces -- -j16 -l16
[0.642s] Invoking command in '/home/akshat/ROS-Humble-BlueRov2-Driver/build/tritech_micron_interfaces': CMAKE_PREFIX_PATH=${CMAKE_PREFIX_PATH}:/home/akshat/ROS-Humble-BlueRov2-Driver/install/tritech_micron:/home/akshat/ROS-Humble-BlueRov2-Driver/install/bluerov2_controller:/home/akshat/my_ros2_ws/install/ur_custom_control:/home/akshat/simulation_ws/install/py_trees_ros_viewer:/home/akshat/simulation_ws/install/blue_localization:/home/akshat/simulation_ws/install/angler_utils:/home/akshat/simulation_ws/install/angler_planning:/home/akshat/simulation_ws/install/angler_mux:/home/akshat/simulation_ws/install/angler_kinematics:/home/akshat/simulation_ws/install/angler_control:/home/akshat/simulation_ws/install/angler_behaviors:/home/akshat/tele_ws/install/ros_tcp_endpoint:/home/akshat/tele_ws/install/bluerov_grasp:/home/akshat/tele_ws/install/autonomous_rov:/home/akshat/Documents/GitHub/SJO038/turtlebot3_ws/install/turtlebot3_teleop:/home/akshat/Documents/GitHub/SJO038/turtlebot3_ws/install/turtlebot3_example:/opt/ros/humble /usr/bin/cmake --install /home/akshat/ROS-Humble-BlueRov2-Driver/build/tritech_micron_interfaces
[0.652s] -- Install configuration: ""
[0.652s] -- Up-to-date: /home/akshat/ROS-Humble-BlueRov2-Driver/install/tritech_micron_interfaces/share/ament_index/resource_index/rosidl_interfaces/tritech_micron_interfaces
[0.652s] -- Up-to-date: /home/akshat/ROS-Humble-BlueRov2-Driver/install/tritech_micron_interfaces/include/tritech_micron_interfaces/tritech_micron_interfaces
[0.653s] -- Up-to-date: /home/akshat/ROS-Humble-BlueRov2-Driver/install/tritech_micron_interfaces/include/tritech_micron_interfaces/tritech_micron_interfaces/msg
[0.653s] -- Up-to-date: /home/akshat/ROS-Humble-BlueRov2-Driver/install/tritech_micron_interfaces/include/tritech_micron_interfaces/tritech_micron_interfaces/msg/rosidl_generator_c__visibility_control.h
[0.653s] -- Up-to-date: /home/akshat/ROS-Humble-BlueRov2-Driver/install/tritech_micron_interfaces/include/tritech_micron_interfaces/tritech_micron_interfaces/msg/detail
[0.653s] -- Up-to-date: /home/akshat/ROS-Humble-BlueRov2-Driver/install/tritech_micron_interfaces/include/tritech_micron_interfaces/tritech_micron_interfaces/msg/detail/tritech_micron_config__functions.c
[0.653s] -- Up-to-date: /home/akshat/ROS-Humble-BlueRov2-Driver/install/tritech_micron_interfaces/include/tritech_micron_interfaces/tritech_micron_interfaces/msg/detail/tritech_micron_config__type_support.h
[0.653s] -- Up-to-date: /home/akshat/ROS-Humble-BlueRov2-Driver/install/tritech_micron_interfaces/include/tritech_micron_interfaces/tritech_micron_interfaces/msg/detail/tritech_micron_config__functions.h
[0.653s] -- Up-to-date: /home/akshat/ROS-Humble-BlueRov2-Driver/install/tritech_micron_interfaces/include/tritech_micron_interfaces/tritech_micron_interfaces/msg/detail/tritech_micron_config__struct.h
[0.653s] -- Up-to-date: /home/akshat/ROS-Humble-BlueRov2-Driver/install/tritech_micron_interfaces/include/tritech_micron_interfaces/tritech_micron_interfaces/msg/tritech_micron_config.h
[0.653s] -- Up-to-date: /home/akshat/ROS-Humble-BlueRov2-Driver/install/tritech_micron_interfaces/share/tritech_micron_interfaces/environment/library_path.sh
[0.653s] -- Up-to-date: /home/akshat/ROS-Humble-BlueRov2-Driver/install/tritech_micron_interfaces/share/tritech_micron_interfaces/environment/library_path.dsv
[0.653s] -- Up-to-date: /home/akshat/ROS-Humble-BlueRov2-Driver/install/tritech_micron_interfaces/lib/libtritech_micron_interfaces__rosidl_generator_c.so
[0.653s] -- Up-to-date: /home/akshat/ROS-Humble-BlueRov2-Driver/install/tritech_micron_interfaces/include/tritech_micron_interfaces/tritech_micron_interfaces
[0.654s] -- Up-to-date: /home/akshat/ROS-Humble-BlueRov2-Driver/install/tritech_micron_interfaces/include/tritech_micron_interfaces/tritech_micron_interfaces/msg
[0.654s] -- Up-to-date: /home/akshat/ROS-Humble-BlueRov2-Driver/install/tritech_micron_interfaces/include/tritech_micron_interfaces/tritech_micron_interfaces/msg/rosidl_typesupport_fastrtps_c__visibility_control.h
[0.654s] -- Up-to-date: /home/akshat/ROS-Humble-BlueRov2-Driver/install/tritech_micron_interfaces/include/tritech_micron_interfaces/tritech_micron_interfaces/msg/detail
[0.654s] -- Up-to-date: /home/akshat/ROS-Humble-BlueRov2-Driver/install/tritech_micron_interfaces/include/tritech_micron_interfaces/tritech_micron_interfaces/msg/detail/tritech_micron_config__rosidl_typesupport_fastrtps_c.h
[0.654s] -- Up-to-date: /home/akshat/ROS-Humble-BlueRov2-Driver/install/tritech_micron_interfaces/lib/libtritech_micron_interfaces__rosidl_typesupport_fastrtps_c.so
[0.654s] -- Up-to-date: /home/akshat/ROS-Humble-BlueRov2-Driver/install/tritech_micron_interfaces/include/tritech_micron_interfaces/tritech_micron_interfaces
[0.654s] -- Up-to-date: /home/akshat/ROS-Humble-BlueRov2-Driver/install/tritech_micron_interfaces/include/tritech_micron_interfaces/tritech_micron_interfaces/msg
[0.654s] -- Up-to-date: /home/akshat/ROS-Humble-BlueRov2-Driver/install/tritech_micron_interfaces/include/tritech_micron_interfaces/tritech_micron_interfaces/msg/detail
[0.654s] -- Up-to-date: /home/akshat/ROS-Humble-BlueRov2-Driver/install/tritech_micron_interfaces/include/tritech_micron_interfaces/tritech_micron_interfaces/msg/detail/tritech_micron_config__rosidl_typesupport_introspection_c.h
[0.654s] -- Up-to-date: /home/akshat/ROS-Humble-BlueRov2-Driver/install/tritech_micron_interfaces/include/tritech_micron_interfaces/tritech_micron_interfaces/msg/detail/tritech_micron_config__type_support.c
[0.654s] -- Up-to-date: /home/akshat/ROS-Humble-BlueRov2-Driver/install/tritech_micron_interfaces/include/tritech_micron_interfaces/tritech_micron_interfaces/msg/rosidl_typesupport_introspection_c__visibility_control.h
[0.654s] -- Up-to-date: /home/akshat/ROS-Humble-BlueRov2-Driver/install/tritech_micron_interfaces/lib/libtritech_micron_interfaces__rosidl_typesupport_introspection_c.so
[0.654s] -- Up-to-date: /home/akshat/ROS-Humble-BlueRov2-Driver/install/tritech_micron_interfaces/lib/libtritech_micron_interfaces__rosidl_typesupport_c.so
[0.655s] -- Up-to-date: /home/akshat/ROS-Humble-BlueRov2-Driver/install/tritech_micron_interfaces/include/tritech_micron_interfaces/tritech_micron_interfaces
[0.655s] -- Up-to-date: /home/akshat/ROS-Humble-BlueRov2-Driver/install/tritech_micron_interfaces/include/tritech_micron_interfaces/tritech_micron_interfaces/msg
[0.655s] -- Up-to-date: /home/akshat/ROS-Humble-BlueRov2-Driver/install/tritech_micron_interfaces/include/tritech_micron_interfaces/tritech_micron_interfaces/msg/tritech_micron_config.hpp
[0.655s] -- Up-to-date: /home/akshat/ROS-Humble-BlueRov2-Driver/install/tritech_micron_interfaces/include/tritech_micron_interfaces/tritech_micron_interfaces/msg/detail
[0.655s] -- Up-to-date: /home/akshat/ROS-Humble-BlueRov2-Driver/install/tritech_micron_interfaces/include/tritech_micron_interfaces/tritech_micron_interfaces/msg/detail/tritech_micron_config__builder.hpp
[0.655s] -- Up-to-date: /home/akshat/ROS-Humble-BlueRov2-Driver/install/tritech_micron_interfaces/include/tritech_micron_interfaces/tritech_micron_interfaces/msg/detail/tritech_micron_config__struct.hpp
[0.655s] -- Up-to-date: /home/akshat/ROS-Humble-BlueRov2-Driver/install/tritech_micron_interfaces/include/tritech_micron_interfaces/tritech_micron_interfaces/msg/detail/tritech_micron_config__traits.hpp
[0.655s] -- Up-to-date: /home/akshat/ROS-Humble-BlueRov2-Driver/install/tritech_micron_interfaces/include/tritech_micron_interfaces/tritech_micron_interfaces
[0.655s] -- Up-to-date: /home/akshat/ROS-Humble-BlueRov2-Driver/install/tritech_micron_interfaces/include/tritech_micron_interfaces/tritech_micron_interfaces/msg
[0.655s] -- Up-to-date: /home/akshat/ROS-Humble-BlueRov2-Driver/install/tritech_micron_interfaces/include/tritech_micron_interfaces/tritech_micron_interfaces/msg/rosidl_typesupport_fastrtps_cpp__visibility_control.h
[0.655s] -- Up-to-date: /home/akshat/ROS-Humble-BlueRov2-Driver/install/tritech_micron_interfaces/include/tritech_micron_interfaces/tritech_micron_interfaces/msg/detail
[0.655s] -- Up-to-date: /home/akshat/ROS-Humble-BlueRov2-Driver/install/tritech_micron_interfaces/include/tritech_micron_interfaces/tritech_micron_interfaces/msg/detail/tritech_micron_config__rosidl_typesupport_fastrtps_cpp.hpp
[0.655s] -- Up-to-date: /home/akshat/ROS-Humble-BlueRov2-Driver/install/tritech_micron_interfaces/include/tritech_micron_interfaces/tritech_micron_interfaces/msg/detail/dds_fastrtps
[0.655s] -- Up-to-date: /home/akshat/ROS-Humble-BlueRov2-Driver/install/tritech_micron_interfaces/lib/libtritech_micron_interfaces__rosidl_typesupport_fastrtps_cpp.so
[0.656s] -- Up-to-date: /home/akshat/ROS-Humble-BlueRov2-Driver/install/tritech_micron_interfaces/include/tritech_micron_interfaces/tritech_micron_interfaces
[0.656s] -- Up-to-date: /home/akshat/ROS-Humble-BlueRov2-Driver/install/tritech_micron_interfaces/include/tritech_micron_interfaces/tritech_micron_interfaces/msg
[0.656s] -- Up-to-date: /home/akshat/ROS-Humble-BlueRov2-Driver/install/tritech_micron_interfaces/include/tritech_micron_interfaces/tritech_micron_interfaces/msg/detail
[0.656s] -- Up-to-date: /home/akshat/ROS-Humble-BlueRov2-Driver/install/tritech_micron_interfaces/include/tritech_micron_interfaces/tritech_micron_interfaces/msg/detail/tritech_micron_config__type_support.cpp
[0.656s] -- Up-to-date: /home/akshat/ROS-Humble-BlueRov2-Driver/install/tritech_micron_interfaces/include/tritech_micron_interfaces/tritech_micron_interfaces/msg/detail/tritech_micron_config__rosidl_typesupport_introspection_cpp.hpp
[0.656s] -- Up-to-date: /home/akshat/ROS-Humble-BlueRov2-Driver/install/tritech_micron_interfaces/lib/libtritech_micron_interfaces__rosidl_typesupport_introspection_cpp.so
[0.656s] -- Up-to-date: /home/akshat/ROS-Humble-BlueRov2-Driver/install/tritech_micron_interfaces/lib/libtritech_micron_interfaces__rosidl_typesupport_cpp.so
[0.656s] -- Up-to-date: /home/akshat/ROS-Humble-BlueRov2-Driver/install/tritech_micron_interfaces/share/tritech_micron_interfaces/environment/pythonpath.sh
[0.656s] -- Up-to-date: /home/akshat/ROS-Humble-BlueRov2-Driver/install/tritech_micron_interfaces/share/tritech_micron_interfaces/environment/pythonpath.dsv
[0.656s] -- Up-to-date: /home/akshat/ROS-Humble-BlueRov2-Driver/install/tritech_micron_interfaces/local/lib/python3.10/dist-packages/tritech_micron_interfaces-0.0.0-py3.10.egg-info
[0.656s] -- Installing: /home/akshat/ROS-Humble-BlueRov2-Driver/install/tritech_micron_interfaces/local/lib/python3.10/dist-packages/tritech_micron_interfaces-0.0.0-py3.10.egg-info/dependency_links.txt
[0.657s] -- Installing: /home/akshat/ROS-Humble-BlueRov2-Driver/install/tritech_micron_interfaces/local/lib/python3.10/dist-packages/tritech_micron_interfaces-0.0.0-py3.10.egg-info/SOURCES.txt
[0.657s] -- Installing: /home/akshat/ROS-Humble-BlueRov2-Driver/install/tritech_micron_interfaces/local/lib/python3.10/dist-packages/tritech_micron_interfaces-0.0.0-py3.10.egg-info/top_level.txt
[0.657s] -- Installing: /home/akshat/ROS-Humble-BlueRov2-Driver/install/tritech_micron_interfaces/local/lib/python3.10/dist-packages/tritech_micron_interfaces-0.0.0-py3.10.egg-info/PKG-INFO
[0.657s] -- Up-to-date: /home/akshat/ROS-Humble-BlueRov2-Driver/install/tritech_micron_interfaces/local/lib/python3.10/dist-packages/tritech_micron_interfaces
[0.657s] -- Up-to-date: /home/akshat/ROS-Humble-BlueRov2-Driver/install/tritech_micron_interfaces/local/lib/python3.10/dist-packages/tritech_micron_interfaces/msg
[0.658s] -- Up-to-date: /home/akshat/ROS-Humble-BlueRov2-Driver/install/tritech_micron_interfaces/local/lib/python3.10/dist-packages/tritech_micron_interfaces/msg/_tritech_micron_config_s.c
[0.658s] -- Up-to-date: /home/akshat/ROS-Humble-BlueRov2-Driver/install/tritech_micron_interfaces/local/lib/python3.10/dist-packages/tritech_micron_interfaces/msg/__init__.py
[0.658s] -- Up-to-date: /home/akshat/ROS-Humble-BlueRov2-Driver/install/tritech_micron_interfaces/local/lib/python3.10/dist-packages/tritech_micron_interfaces/msg/_tritech_micron_config.py
[0.658s] -- Up-to-date: /home/akshat/ROS-Humble-BlueRov2-Driver/install/tritech_micron_interfaces/local/lib/python3.10/dist-packages/tritech_micron_interfaces/_tritech_micron_interfaces_s.ep.rosidl_typesupport_c.c
[0.658s] -- Up-to-date: /home/akshat/ROS-Humble-BlueRov2-Driver/install/tritech_micron_interfaces/local/lib/python3.10/dist-packages/tritech_micron_interfaces/_tritech_micron_interfaces_s.ep.rosidl_typesupport_introspection_c.c
[0.658s] -- Up-to-date: /home/akshat/ROS-Humble-BlueRov2-Driver/install/tritech_micron_interfaces/local/lib/python3.10/dist-packages/tritech_micron_interfaces/tritech_micron_interfaces_s__rosidl_typesupport_c.cpython-310-x86_64-linux-gnu.so
[0.658s] -- Up-to-date: /home/akshat/ROS-Humble-BlueRov2-Driver/install/tritech_micron_interfaces/local/lib/python3.10/dist-packages/tritech_micron_interfaces/libtritech_micron_interfaces__rosidl_generator_py.so
[0.658s] -- Up-to-date: /home/akshat/ROS-Humble-BlueRov2-Driver/install/tritech_micron_interfaces/local/lib/python3.10/dist-packages/tritech_micron_interfaces/__init__.py
[0.658s] -- Up-to-date: /home/akshat/ROS-Humble-BlueRov2-Driver/install/tritech_micron_interfaces/local/lib/python3.10/dist-packages/tritech_micron_interfaces/_tritech_micron_interfaces_s.ep.rosidl_typesupport_fastrtps_c.c
[0.658s] -- Up-to-date: /home/akshat/ROS-Humble-BlueRov2-Driver/install/tritech_micron_interfaces/local/lib/python3.10/dist-packages/tritech_micron_interfaces/tritech_micron_interfaces_s__rosidl_typesupport_introspection_c.cpython-310-x86_64-linux-gnu.so
[0.658s] -- Up-to-date: /home/akshat/ROS-Humble-BlueRov2-Driver/install/tritech_micron_interfaces/local/lib/python3.10/dist-packages/tritech_micron_interfaces/tritech_micron_interfaces_s__rosidl_typesupport_fastrtps_c.cpython-310-x86_64-linux-gnu.so
[0.697s] Listing '/home/akshat/ROS-Humble-BlueRov2-Driver/install/tritech_micron_interfaces/local/lib/python3.10/dist-packages/tritech_micron_interfaces'...
[0.697s] Listing '/home/akshat/ROS-Humble-BlueRov2-Driver/install/tritech_micron_interfaces/local/lib/python3.10/dist-packages/tritech_micron_interfaces/msg'...
[0.702s] -- Up-to-date: /home/akshat/ROS-Humble-BlueRov2-Driver/install/tritech_micron_interfaces/local/lib/python3.10/dist-packages/tritech_micron_interfaces/tritech_micron_interfaces_s__rosidl_typesupport_fastrtps_c.cpython-310-x86_64-linux-gnu.so
[0.702s] -- Up-to-date: /home/akshat/ROS-Humble-BlueRov2-Driver/install/tritech_micron_interfaces/local/lib/python3.10/dist-packages/tritech_micron_interfaces/tritech_micron_interfaces_s__rosidl_typesupport_introspection_c.cpython-310-x86_64-linux-gnu.so
[0.702s] -- Up-to-date: /home/akshat/ROS-Humble-BlueRov2-Driver/install/tritech_micron_interfaces/local/lib/python3.10/dist-packages/tritech_micron_interfaces/tritech_micron_interfaces_s__rosidl_typesupport_c.cpython-310-x86_64-linux-gnu.so
[0.703s] -- Up-to-date: /home/akshat/ROS-Humble-BlueRov2-Driver/install/tritech_micron_interfaces/lib/libtritech_micron_interfaces__rosidl_generator_py.so
[0.703s] -- Up-to-date: /home/akshat/ROS-Humble-BlueRov2-Driver/install/tritech_micron_interfaces/share/tritech_micron_interfaces/msg/TritechMicronConfig.idl
[0.703s] -- Up-to-date: /home/akshat/ROS-Humble-BlueRov2-Driver/install/tritech_micron_interfaces/share/tritech_micron_interfaces/msg/TritechMicronConfig.msg
[0.704s] -- Up-to-date: /home/akshat/ROS-Humble-BlueRov2-Driver/install/tritech_micron_interfaces/share/ament_index/resource_index/package_run_dependencies/tritech_micron_interfaces
[0.704s] -- Up-to-date: /home/akshat/ROS-Humble-BlueRov2-Driver/install/tritech_micron_interfaces/share/ament_index/resource_index/parent_prefix_path/tritech_micron_interfaces
[0.704s] -- Up-to-date: /home/akshat/ROS-Humble-BlueRov2-Driver/install/tritech_micron_interfaces/share/tritech_micron_interfaces/environment/ament_prefix_path.sh
[0.705s] -- Up-to-date: /home/akshat/ROS-Humble-BlueRov2-Driver/install/tritech_micron_interfaces/share/tritech_micron_interfaces/environment/ament_prefix_path.dsv
[0.705s] -- Up-to-date: /home/akshat/ROS-Humble-BlueRov2-Driver/install/tritech_micron_interfaces/share/tritech_micron_interfaces/environment/path.sh
[0.706s] -- Up-to-date: /home/akshat/ROS-Humble-BlueRov2-Driver/install/tritech_micron_interfaces/share/tritech_micron_interfaces/environment/path.dsv
[0.706s] -- Up-to-date: /home/akshat/ROS-Humble-BlueRov2-Driver/install/tritech_micron_interfaces/share/tritech_micron_interfaces/local_setup.bash
[0.706s] -- Up-to-date: /home/akshat/ROS-Humble-BlueRov2-Driver/install/tritech_micron_interfaces/share/tritech_micron_interfaces/local_setup.sh
[0.707s] -- Up-to-date: /home/akshat/ROS-Humble-BlueRov2-Driver/install/tritech_micron_interfaces/share/tritech_micron_interfaces/local_setup.zsh
[0.707s] -- Up-to-date: /home/akshat/ROS-Humble-BlueRov2-Driver/install/tritech_micron_interfaces/share/tritech_micron_interfaces/local_setup.dsv
[0.707s] -- Installing: /home/akshat/ROS-Humble-BlueRov2-Driver/install/tritech_micron_interfaces/share/tritech_micron_interfaces/package.dsv
[0.707s] -- Up-to-date: /home/akshat/ROS-Humble-BlueRov2-Driver/install/tritech_micron_interfaces/share/ament_index/resource_index/packages/tritech_micron_interfaces
[0.707s] -- Up-to-date: /home/akshat/ROS-Humble-BlueRov2-Driver/install/tritech_micron_interfaces/share/tritech_micron_interfaces/cmake/export_tritech_micron_interfaces__rosidl_generator_cExport.cmake
[0.707s] -- Up-to-date: /home/akshat/ROS-Humble-BlueRov2-Driver/install/tritech_micron_interfaces/share/tritech_micron_interfaces/cmake/export_tritech_micron_interfaces__rosidl_generator_cExport-noconfig.cmake
[0.707s] -- Up-to-date: /home/akshat/ROS-Humble-BlueRov2-Driver/install/tritech_micron_interfaces/share/tritech_micron_interfaces/cmake/export_tritech_micron_interfaces__rosidl_typesupport_fastrtps_cExport.cmake
[0.707s] -- Up-to-date: /home/akshat/ROS-Humble-BlueRov2-Driver/install/tritech_micron_interfaces/share/tritech_micron_interfaces/cmake/export_tritech_micron_interfaces__rosidl_typesupport_fastrtps_cExport-noconfig.cmake
[0.708s] -- Up-to-date: /home/akshat/ROS-Humble-BlueRov2-Driver/install/tritech_micron_interfaces/share/tritech_micron_interfaces/cmake/tritech_micron_interfaces__rosidl_typesupport_introspection_cExport.cmake
[0.708s] -- Up-to-date: /home/akshat/ROS-Humble-BlueRov2-Driver/install/tritech_micron_interfaces/share/tritech_micron_interfaces/cmake/tritech_micron_interfaces__rosidl_typesupport_introspection_cExport-noconfig.cmake
[0.708s] -- Up-to-date: /home/akshat/ROS-Humble-BlueRov2-Driver/install/tritech_micron_interfaces/share/tritech_micron_interfaces/cmake/tritech_micron_interfaces__rosidl_typesupport_cExport.cmake
[0.708s] -- Up-to-date: /home/akshat/ROS-Humble-BlueRov2-Driver/install/tritech_micron_interfaces/share/tritech_micron_interfaces/cmake/tritech_micron_interfaces__rosidl_typesupport_cExport-noconfig.cmake
[0.708s] -- Up-to-date: /home/akshat/ROS-Humble-BlueRov2-Driver/install/tritech_micron_interfaces/share/tritech_micron_interfaces/cmake/export_tritech_micron_interfaces__rosidl_generator_cppExport.cmake
[0.708s] -- Up-to-date: /home/akshat/ROS-Humble-BlueRov2-Driver/install/tritech_micron_interfaces/share/tritech_micron_interfaces/cmake/export_tritech_micron_interfaces__rosidl_typesupport_fastrtps_cppExport.cmake
[0.708s] -- Up-to-date: /home/akshat/ROS-Humble-BlueRov2-Driver/install/tritech_micron_interfaces/share/tritech_micron_interfaces/cmake/export_tritech_micron_interfaces__rosidl_typesupport_fastrtps_cppExport-noconfig.cmake
[0.708s] -- Up-to-date: /home/akshat/ROS-Humble-BlueRov2-Driver/install/tritech_micron_interfaces/share/tritech_micron_interfaces/cmake/tritech_micron_interfaces__rosidl_typesupport_introspection_cppExport.cmake
[0.708s] -- Up-to-date: /home/akshat/ROS-Humble-BlueRov2-Driver/install/tritech_micron_interfaces/share/tritech_micron_interfaces/cmake/tritech_micron_interfaces__rosidl_typesupport_introspection_cppExport-noconfig.cmake
[0.708s] -- Up-to-date: /home/akshat/ROS-Humble-BlueRov2-Driver/install/tritech_micron_interfaces/share/tritech_micron_interfaces/cmake/tritech_micron_interfaces__rosidl_typesupport_cppExport.cmake
[0.708s] -- Up-to-date: /home/akshat/ROS-Humble-BlueRov2-Driver/install/tritech_micron_interfaces/share/tritech_micron_interfaces/cmake/tritech_micron_interfaces__rosidl_typesupport_cppExport-noconfig.cmake
[0.708s] -- Up-to-date: /home/akshat/ROS-Humble-BlueRov2-Driver/install/tritech_micron_interfaces/share/tritech_micron_interfaces/cmake/export_tritech_micron_interfaces__rosidl_generator_pyExport.cmake
[0.708s] -- Up-to-date: /home/akshat/ROS-Humble-BlueRov2-Driver/install/tritech_micron_interfaces/share/tritech_micron_interfaces/cmake/export_tritech_micron_interfaces__rosidl_generator_pyExport-noconfig.cmake
[0.708s] -- Up-to-date: /home/akshat/ROS-Humble-BlueRov2-Driver/install/tritech_micron_interfaces/share/tritech_micron_interfaces/cmake/rosidl_cmake-extras.cmake
[0.708s] -- Up-to-date: /home/akshat/ROS-Humble-BlueRov2-Driver/install/tritech_micron_interfaces/share/tritech_micron_interfaces/cmake/ament_cmake_export_dependencies-extras.cmake
[0.708s] -- Up-to-date: /home/akshat/ROS-Humble-BlueRov2-Driver/install/tritech_micron_interfaces/share/tritech_micron_interfaces/cmake/ament_cmake_export_include_directories-extras.cmake
[0.708s] -- Up-to-date: /home/akshat/ROS-Humble-BlueRov2-Driver/install/tritech_micron_interfaces/share/tritech_micron_interfaces/cmake/ament_cmake_export_libraries-extras.cmake
[0.708s] -- Up-to-date: /home/akshat/ROS-Humble-BlueRov2-Driver/install/tritech_micron_interfaces/share/tritech_micron_interfaces/cmake/ament_cmake_export_targets-extras.cmake
[0.709s] -- Up-to-date: /home/akshat/ROS-Humble-BlueRov2-Driver/install/tritech_micron_interfaces/share/tritech_micron_interfaces/cmake/rosidl_cmake_export_typesupport_targets-extras.cmake
[0.709s] -- Up-to-date: /home/akshat/ROS-Humble-BlueRov2-Driver/install/tritech_micron_interfaces/share/tritech_micron_interfaces/cmake/rosidl_cmake_export_typesupport_libraries-extras.cmake
[0.709s] -- Up-to-date: /home/akshat/ROS-Humble-BlueRov2-Driver/install/tritech_micron_interfaces/share/tritech_micron_interfaces/cmake/tritech_micron_interfacesConfig.cmake
[0.709s] -- Up-to-date: /home/akshat/ROS-Humble-BlueRov2-Driver/install/tritech_micron_interfaces/share/tritech_micron_interfaces/cmake/tritech_micron_interfacesConfig-version.cmake
[0.709s] -- Up-to-date: /home/akshat/ROS-Humble-BlueRov2-Driver/install/tritech_micron_interfaces/share/tritech_micron_interfaces/package.xml
[0.710s] Invoked command in '/home/akshat/ROS-Humble-BlueRov2-Driver/build/tritech_micron_interfaces' returned '0': CMAKE_PREFIX_PATH=${CMAKE_PREFIX_PATH}:/home/akshat/ROS-Humble-BlueRov2-Driver/install/tritech_micron:/home/akshat/ROS-Humble-BlueRov2-Driver/install/bluerov2_controller:/home/akshat/my_ros2_ws/install/ur_custom_control:/home/akshat/simulation_ws/install/py_trees_ros_viewer:/home/akshat/simulation_ws/install/blue_localization:/home/akshat/simulation_ws/install/angler_utils:/home/akshat/simulation_ws/install/angler_planning:/home/akshat/simulation_ws/install/angler_mux:/home/akshat/simulation_ws/install/angler_kinematics:/home/akshat/simulation_ws/install/angler_control:/home/akshat/simulation_ws/install/angler_behaviors:/home/akshat/tele_ws/install/ros_tcp_endpoint:/home/akshat/tele_ws/install/bluerov_grasp:/home/akshat/tele_ws/install/autonomous_rov:/home/akshat/Documents/GitHub/SJO038/turtlebot3_ws/install/turtlebot3_teleop:/home/akshat/Documents/GitHub/SJO038/turtlebot3_ws/install/turtlebot3_example:/opt/ros/humble /usr/bin/cmake --install /home/akshat/ROS-Humble-BlueRov2-Driver/build/tritech_micron_interfaces
