[0.029s] Invoking command in '/home/akshat/ROS-Humble-BlueRov2-Driver/build/bluerov2_interfaces': CMAKE_PREFIX_PATH=${CMAKE_PREFIX_PATH}:/home/akshat/my_ros2_ws/install/ur_custom_control:/home/akshat/simulation_ws/install/py_trees_ros_viewer:/home/akshat/simulation_ws/install/blue_localization:/home/akshat/simulation_ws/install/angler_utils:/home/akshat/simulation_ws/install/angler_planning:/home/akshat/simulation_ws/install/angler_mux:/home/akshat/simulation_ws/install/angler_kinematics:/home/akshat/simulation_ws/install/angler_control:/home/akshat/simulation_ws/install/angler_behaviors:/home/akshat/tele_ws/install/ros_tcp_endpoint:/home/akshat/tele_ws/install/bluerov_grasp:/home/akshat/tele_ws/install/autonomous_rov:/home/akshat/Documents/GitHub/SJO038/turtlebot3_ws/install/turtlebot3_teleop:/home/akshat/Documents/GitHub/SJO038/turtlebot3_ws/install/turtlebot3_example:/opt/ros/humble /usr/bin/cmake /home/akshat/ROS-Humble-BlueRov2-Driver/src/bluerov2_interfaces -DCMAKE_INSTALL_PREFIX=/home/akshat/ROS-Humble-BlueRov2-Driver/install/bluerov2_interfaces
[0.146s] -- The C compiler identification is GNU 11.4.0
[0.238s] -- The CXX compiler identification is GNU 11.4.0
[0.251s] -- Detecting C compiler ABI info
[0.349s] -- Detecting C compiler ABI info - done
[0.356s] -- Check for working C compiler: /usr/bin/cc - skipped
[0.357s] -- Detecting C compile features
[0.357s] -- Detecting C compile features - done
[0.362s] -- Detecting CXX compiler ABI info
[0.470s] -- Detecting CXX compiler ABI info - done
[0.477s] -- Check for working CXX compiler: /usr/bin/c++ - skipped
[0.478s] -- Detecting CXX compile features
[0.478s] -- Detecting CXX compile features - done
[0.495s] -- Found ament_cmake: 1.3.10 (/opt/ros/humble/share/ament_cmake/cmake)
[0.721s] -- Found Python3: /usr/bin/python3 (found version "3.10.12") found components: Interpreter 
[0.962s] -- Found rosidl_default_generators: 1.2.0 (/opt/ros/humble/share/rosidl_default_generators/cmake)
[0.980s] -- Using all available rosidl_typesupport_c: rosidl_typesupport_fastrtps_c;rosidl_typesupport_introspection_c
[1.009s] -- Found rosidl_adapter: 3.1.5 (/opt/ros/humble/share/rosidl_adapter/cmake)
[1.132s] -- Using all available rosidl_typesupport_cpp: rosidl_typesupport_fastrtps_cpp;rosidl_typesupport_introspection_cpp
[1.557s] -- Found ament_cmake_ros: 0.10.0 (/opt/ros/humble/share/ament_cmake_ros/cmake)
[1.821s] -- Using all available rosidl_typesupport_c: rosidl_typesupport_fastrtps_c;rosidl_typesupport_introspection_c
[2.130s] -- Using all available rosidl_typesupport_cpp: rosidl_typesupport_fastrtps_cpp;rosidl_typesupport_introspection_cpp
[2.162s] -- Found PythonInterp: /usr/bin/python3 (found suitable version "3.10.12", minimum required is "3.6") 
[2.172s] -- Found python_cmake_module: 0.10.0 (/opt/ros/humble/share/python_cmake_module/cmake)
[2.212s] -- Found PythonLibs: /usr/lib/x86_64-linux-gnu/libpython3.10.so (found suitable version "3.10.12", minimum required is "3.5") 
[2.212s] -- Using PYTHON_EXECUTABLE: /usr/bin/python3
[2.212s] -- Using PYTHON_INCLUDE_DIRS: /usr/include/python3.10
[2.212s] -- Using PYTHON_LIBRARIES: /usr/lib/x86_64-linux-gnu/libpython3.10.so
[2.241s] -- Found PythonExtra: .so  
[2.310s] -- Configuring done
[2.348s] -- Generating done
[2.351s] -- Build files have been written to: /home/akshat/ROS-Humble-BlueRov2-Driver/build/bluerov2_interfaces
[2.361s] Invoked command in '/home/akshat/ROS-Humble-BlueRov2-Driver/build/bluerov2_interfaces' returned '0': CMAKE_PREFIX_PATH=${CMAKE_PREFIX_PATH}:/home/akshat/my_ros2_ws/install/ur_custom_control:/home/akshat/simulation_ws/install/py_trees_ros_viewer:/home/akshat/simulation_ws/install/blue_localization:/home/akshat/simulation_ws/install/angler_utils:/home/akshat/simulation_ws/install/angler_planning:/home/akshat/simulation_ws/install/angler_mux:/home/akshat/simulation_ws/install/angler_kinematics:/home/akshat/simulation_ws/install/angler_control:/home/akshat/simulation_ws/install/angler_behaviors:/home/akshat/tele_ws/install/ros_tcp_endpoint:/home/akshat/tele_ws/install/bluerov_grasp:/home/akshat/tele_ws/install/autonomous_rov:/home/akshat/Documents/GitHub/SJO038/turtlebot3_ws/install/turtlebot3_teleop:/home/akshat/Documents/GitHub/SJO038/turtlebot3_ws/install/turtlebot3_example:/opt/ros/humble /usr/bin/cmake /home/akshat/ROS-Humble-BlueRov2-Driver/src/bluerov2_interfaces -DCMAKE_INSTALL_PREFIX=/home/akshat/ROS-Humble-BlueRov2-Driver/install/bluerov2_interfaces
[2.363s] Invoking command in '/home/akshat/ROS-Humble-BlueRov2-Driver/build/bluerov2_interfaces': CMAKE_PREFIX_PATH=${CMAKE_PREFIX_PATH}:/home/akshat/my_ros2_ws/install/ur_custom_control:/home/akshat/simulation_ws/install/py_trees_ros_viewer:/home/akshat/simulation_ws/install/blue_localization:/home/akshat/simulation_ws/install/angler_utils:/home/akshat/simulation_ws/install/angler_planning:/home/akshat/simulation_ws/install/angler_mux:/home/akshat/simulation_ws/install/angler_kinematics:/home/akshat/simulation_ws/install/angler_control:/home/akshat/simulation_ws/install/angler_behaviors:/home/akshat/tele_ws/install/ros_tcp_endpoint:/home/akshat/tele_ws/install/bluerov_grasp:/home/akshat/tele_ws/install/autonomous_rov:/home/akshat/Documents/GitHub/SJO038/turtlebot3_ws/install/turtlebot3_teleop:/home/akshat/Documents/GitHub/SJO038/turtlebot3_ws/install/turtlebot3_example:/opt/ros/humble /usr/bin/cmake --build /home/akshat/ROS-Humble-BlueRov2-Driver/build/bluerov2_interfaces -- -j16 -l16
[2.416s] [  2%] [34m[1mGenerating C code for ROS interfaces[0m
[2.430s] [  4%] [34m[1mGenerating C++ code for ROS interfaces[0m
[2.442s] [  4%] Built target ament_cmake_python_copy_bluerov2_interfaces
[2.789s] running egg_info
[2.789s] creating bluerov2_interfaces.egg-info
[2.790s] writing bluerov2_interfaces.egg-info/PKG-INFO
[2.790s] writing dependency_links to bluerov2_interfaces.egg-info/dependency_links.txt
[2.790s] writing top-level names to bluerov2_interfaces.egg-info/top_level.txt
[2.790s] writing manifest file 'bluerov2_interfaces.egg-info/SOURCES.txt'
[2.793s] reading manifest file 'bluerov2_interfaces.egg-info/SOURCES.txt'
[2.794s] writing manifest file 'bluerov2_interfaces.egg-info/SOURCES.txt'
[2.829s] [  4%] Built target bluerov2_interfaces__cpp
[2.844s] [  8%] [34m[1mGenerating C++ introspection for ROS interfaces[0m
[2.844s] [  8%] [34m[1mGenerating C++ type support for eProsima Fast-RTPS[0m
[2.845s] [ 10%] [34m[1mGenerating C++ type support dispatch for ROS interfaces[0m
[2.845s] [ 10%] Built target ament_cmake_python_build_bluerov2_interfaces_egg
[2.860s] [ 14%] [32mBuilding C object CMakeFiles/bluerov2_interfaces__rosidl_generator_c.dir/rosidl_generator_c/bluerov2_interfaces/msg/detail/bar30__functions.c.o[0m
[2.860s] [ 14%] [32mBuilding C object CMakeFiles/bluerov2_interfaces__rosidl_generator_c.dir/rosidl_generator_c/bluerov2_interfaces/msg/detail/attitude__functions.c.o[0m
[2.863s] [ 17%] [32mBuilding C object CMakeFiles/bluerov2_interfaces__rosidl_generator_c.dir/rosidl_generator_c/bluerov2_interfaces/msg/detail/pid__functions.c.o[0m
[2.932s] [ 19%] [32m[1mLinking C shared library libbluerov2_interfaces__rosidl_generator_c.so[0m
[2.981s] [ 19%] Built target bluerov2_interfaces__rosidl_generator_c
[2.996s] [ 21%] [34m[1mGenerating C type support for eProsima Fast-RTPS[0m
[2.996s] [ 23%] [34m[1mGenerating C introspection for ROS interfaces[0m
[3.000s] [ 25%] [34m[1mGenerating C type support dispatch for ROS interfaces[0m
[3.208s] [ 29%] [32mBuilding CXX object CMakeFiles/bluerov2_interfaces__rosidl_typesupport_cpp.dir/rosidl_typesupport_cpp/bluerov2_interfaces/msg/bar30__type_support.cpp.o[0m
[3.208s] [ 29%] [32mBuilding CXX object CMakeFiles/bluerov2_interfaces__rosidl_typesupport_cpp.dir/rosidl_typesupport_cpp/bluerov2_interfaces/msg/pid__type_support.cpp.o[0m
[3.208s] [ 31%] [32mBuilding CXX object CMakeFiles/bluerov2_interfaces__rosidl_typesupport_cpp.dir/rosidl_typesupport_cpp/bluerov2_interfaces/msg/attitude__type_support.cpp.o[0m
[3.257s] [ 38%] [32mBuilding CXX object CMakeFiles/bluerov2_interfaces__rosidl_typesupport_introspection_cpp.dir/rosidl_typesupport_introspection_cpp/bluerov2_interfaces/msg/detail/pid__type_support.cpp.o[0m
[3.257s] [ 38%] [32mBuilding CXX object CMakeFiles/bluerov2_interfaces__rosidl_typesupport_introspection_cpp.dir/rosidl_typesupport_introspection_cpp/bluerov2_interfaces/msg/detail/attitude__type_support.cpp.o[0m
[3.257s] [ 38%] [32mBuilding CXX object CMakeFiles/bluerov2_interfaces__rosidl_typesupport_introspection_cpp.dir/rosidl_typesupport_introspection_cpp/bluerov2_interfaces/msg/detail/bar30__type_support.cpp.o[0m
[3.341s] [ 40%] [32mBuilding CXX object CMakeFiles/bluerov2_interfaces__rosidl_typesupport_fastrtps_cpp.dir/rosidl_typesupport_fastrtps_cpp/bluerov2_interfaces/msg/detail/dds_fastrtps/attitude__type_support.cpp.o[0m
[3.341s] [ 42%] [32mBuilding CXX object CMakeFiles/bluerov2_interfaces__rosidl_typesupport_fastrtps_cpp.dir/rosidl_typesupport_fastrtps_cpp/bluerov2_interfaces/msg/detail/dds_fastrtps/bar30__type_support.cpp.o[0m
[3.359s] [ 44%] [32mBuilding CXX object CMakeFiles/bluerov2_interfaces__rosidl_typesupport_fastrtps_cpp.dir/rosidl_typesupport_fastrtps_cpp/bluerov2_interfaces/msg/detail/dds_fastrtps/pid__type_support.cpp.o[0m
[3.509s] [ 46%] [32mBuilding CXX object CMakeFiles/bluerov2_interfaces__rosidl_typesupport_c.dir/rosidl_typesupport_c/bluerov2_interfaces/msg/bar30__type_support.cpp.o[0m
[3.509s] [ 48%] [32mBuilding CXX object CMakeFiles/bluerov2_interfaces__rosidl_typesupport_c.dir/rosidl_typesupport_c/bluerov2_interfaces/msg/pid__type_support.cpp.o[0m
[3.516s] [ 51%] [32mBuilding CXX object CMakeFiles/bluerov2_interfaces__rosidl_typesupport_c.dir/rosidl_typesupport_c/bluerov2_interfaces/msg/attitude__type_support.cpp.o[0m
[3.626s] [ 53%] [32m[1mLinking CXX shared library libbluerov2_interfaces__rosidl_typesupport_c.so[0m
[3.720s] [ 55%] [32mBuilding CXX object CMakeFiles/bluerov2_interfaces__rosidl_typesupport_fastrtps_c.dir/rosidl_typesupport_fastrtps_c/bluerov2_interfaces/msg/detail/bar30__type_support_c.cpp.o[0m
[3.733s] [ 57%] [32mBuilding CXX object CMakeFiles/bluerov2_interfaces__rosidl_typesupport_fastrtps_c.dir/rosidl_typesupport_fastrtps_c/bluerov2_interfaces/msg/detail/attitude__type_support_c.cpp.o[0m
[3.733s] [ 59%] [32mBuilding CXX object CMakeFiles/bluerov2_interfaces__rosidl_typesupport_fastrtps_c.dir/rosidl_typesupport_fastrtps_c/bluerov2_interfaces/msg/detail/pid__type_support_c.cpp.o[0m
[3.742s] [ 61%] [32mBuilding C object CMakeFiles/bluerov2_interfaces__rosidl_typesupport_introspection_c.dir/rosidl_typesupport_introspection_c/bluerov2_interfaces/msg/detail/attitude__type_support.c.o[0m
[3.757s] [ 63%] [32mBuilding C object CMakeFiles/bluerov2_interfaces__rosidl_typesupport_introspection_c.dir/rosidl_typesupport_introspection_c/bluerov2_interfaces/msg/detail/bar30__type_support.c.o[0m
[3.768s] [ 65%] [32mBuilding C object CMakeFiles/bluerov2_interfaces__rosidl_typesupport_introspection_c.dir/rosidl_typesupport_introspection_c/bluerov2_interfaces/msg/detail/pid__type_support.c.o[0m
[3.776s] [ 65%] Built target bluerov2_interfaces__rosidl_typesupport_c
[3.800s] [ 68%] [32m[1mLinking CXX shared library libbluerov2_interfaces__rosidl_typesupport_cpp.so[0m
[3.874s] [ 70%] [32m[1mLinking C shared library libbluerov2_interfaces__rosidl_typesupport_introspection_c.so[0m
[3.907s] [ 70%] Built target bluerov2_interfaces__rosidl_typesupport_cpp
[3.952s] [ 70%] Built target bluerov2_interfaces__rosidl_typesupport_introspection_c
[3.978s] [ 72%] [32m[1mLinking CXX shared library libbluerov2_interfaces__rosidl_typesupport_introspection_cpp.so[0m
[4.040s] [ 72%] Built target bluerov2_interfaces__rosidl_typesupport_introspection_cpp
[4.131s] [ 74%] [32m[1mLinking CXX shared library libbluerov2_interfaces__rosidl_typesupport_fastrtps_cpp.so[0m
[4.240s] [ 74%] Built target bluerov2_interfaces__rosidl_typesupport_fastrtps_cpp
[4.301s] [ 76%] [32m[1mLinking CXX shared library libbluerov2_interfaces__rosidl_typesupport_fastrtps_c.so[0m
[4.406s] [ 76%] Built target bluerov2_interfaces__rosidl_typesupport_fastrtps_c
[4.434s] [ 76%] Built target bluerov2_interfaces
[4.463s] [ 78%] [34m[1mGenerating Python code for ROS interfaces[0m
[5.043s] [ 78%] Built target bluerov2_interfaces__py
[5.072s] [ 80%] [32mBuilding C object CMakeFiles/bluerov2_interfaces__rosidl_generator_py.dir/rosidl_generator_py/bluerov2_interfaces/msg/_bar30_s.c.o[0m
[5.072s] [ 82%] [32mBuilding C object CMakeFiles/bluerov2_interfaces__rosidl_generator_py.dir/rosidl_generator_py/bluerov2_interfaces/msg/_pid_s.c.o[0m
[5.073s] [ 85%] [32mBuilding C object CMakeFiles/bluerov2_interfaces__rosidl_generator_py.dir/rosidl_generator_py/bluerov2_interfaces/msg/_attitude_s.c.o[0m
[5.206s] [ 87%] [32m[1mLinking C shared library rosidl_generator_py/bluerov2_interfaces/libbluerov2_interfaces__rosidl_generator_py.so[0m
[5.259s] [ 87%] Built target bluerov2_interfaces__rosidl_generator_py
[5.287s] [ 93%] [32mBuilding C object CMakeFiles/bluerov2_interfaces__rosidl_typesupport_introspection_c__pyext.dir/rosidl_generator_py/bluerov2_interfaces/_bluerov2_interfaces_s.ep.rosidl_typesupport_introspection_c.c.o[0m
[5.287s] [ 93%] [32mBuilding C object CMakeFiles/bluerov2_interfaces__rosidl_typesupport_fastrtps_c__pyext.dir/rosidl_generator_py/bluerov2_interfaces/_bluerov2_interfaces_s.ep.rosidl_typesupport_fastrtps_c.c.o[0m
[5.287s] [ 93%] [32mBuilding C object CMakeFiles/bluerov2_interfaces__rosidl_typesupport_c__pyext.dir/rosidl_generator_py/bluerov2_interfaces/_bluerov2_interfaces_s.ep.rosidl_typesupport_c.c.o[0m
[5.394s] [ 97%] [32m[1mLinking C shared library rosidl_generator_py/bluerov2_interfaces/bluerov2_interfaces_s__rosidl_typesupport_introspection_c.cpython-310-x86_64-linux-gnu.so[0m
[5.394s] [ 97%] [32m[1mLinking C shared library rosidl_generator_py/bluerov2_interfaces/bluerov2_interfaces_s__rosidl_typesupport_c.cpython-310-x86_64-linux-gnu.so[0m
[5.403s] [100%] [32m[1mLinking C shared library rosidl_generator_py/bluerov2_interfaces/bluerov2_interfaces_s__rosidl_typesupport_fastrtps_c.cpython-310-x86_64-linux-gnu.so[0m
[5.435s] [100%] Built target bluerov2_interfaces__rosidl_typesupport_c__pyext
[5.436s] [100%] Built target bluerov2_interfaces__rosidl_typesupport_introspection_c__pyext
[5.449s] [100%] Built target bluerov2_interfaces__rosidl_typesupport_fastrtps_c__pyext
[5.467s] Invoked command in '/home/akshat/ROS-Humble-BlueRov2-Driver/build/bluerov2_interfaces' returned '0': CMAKE_PREFIX_PATH=${CMAKE_PREFIX_PATH}:/home/akshat/my_ros2_ws/install/ur_custom_control:/home/akshat/simulation_ws/install/py_trees_ros_viewer:/home/akshat/simulation_ws/install/blue_localization:/home/akshat/simulation_ws/install/angler_utils:/home/akshat/simulation_ws/install/angler_planning:/home/akshat/simulation_ws/install/angler_mux:/home/akshat/simulation_ws/install/angler_kinematics:/home/akshat/simulation_ws/install/angler_control:/home/akshat/simulation_ws/install/angler_behaviors:/home/akshat/tele_ws/install/ros_tcp_endpoint:/home/akshat/tele_ws/install/bluerov_grasp:/home/akshat/tele_ws/install/autonomous_rov:/home/akshat/Documents/GitHub/SJO038/turtlebot3_ws/install/turtlebot3_teleop:/home/akshat/Documents/GitHub/SJO038/turtlebot3_ws/install/turtlebot3_example:/opt/ros/humble /usr/bin/cmake --build /home/akshat/ROS-Humble-BlueRov2-Driver/build/bluerov2_interfaces -- -j16 -l16
[5.631s] Invoking command in '/home/akshat/ROS-Humble-BlueRov2-Driver/build/bluerov2_interfaces': CMAKE_PREFIX_PATH=${CMAKE_PREFIX_PATH}:/home/akshat/my_ros2_ws/install/ur_custom_control:/home/akshat/simulation_ws/install/py_trees_ros_viewer:/home/akshat/simulation_ws/install/blue_localization:/home/akshat/simulation_ws/install/angler_utils:/home/akshat/simulation_ws/install/angler_planning:/home/akshat/simulation_ws/install/angler_mux:/home/akshat/simulation_ws/install/angler_kinematics:/home/akshat/simulation_ws/install/angler_control:/home/akshat/simulation_ws/install/angler_behaviors:/home/akshat/tele_ws/install/ros_tcp_endpoint:/home/akshat/tele_ws/install/bluerov_grasp:/home/akshat/tele_ws/install/autonomous_rov:/home/akshat/Documents/GitHub/SJO038/turtlebot3_ws/install/turtlebot3_teleop:/home/akshat/Documents/GitHub/SJO038/turtlebot3_ws/install/turtlebot3_example:/opt/ros/humble /usr/bin/cmake --install /home/akshat/ROS-Humble-BlueRov2-Driver/build/bluerov2_interfaces
[5.641s] -- Install configuration: ""
[5.641s] -- Installing: /home/akshat/ROS-Humble-BlueRov2-Driver/install/bluerov2_interfaces/share/ament_index/resource_index/rosidl_interfaces/bluerov2_interfaces
[5.642s] -- Up-to-date: /home/akshat/ROS-Humble-BlueRov2-Driver/install/bluerov2_interfaces/include/bluerov2_interfaces/bluerov2_interfaces
[5.642s] -- Up-to-date: /home/akshat/ROS-Humble-BlueRov2-Driver/install/bluerov2_interfaces/include/bluerov2_interfaces/bluerov2_interfaces/msg
[5.642s] -- Installing: /home/akshat/ROS-Humble-BlueRov2-Driver/install/bluerov2_interfaces/include/bluerov2_interfaces/bluerov2_interfaces/msg/rosidl_generator_c__visibility_control.h
[5.642s] -- Installing: /home/akshat/ROS-Humble-BlueRov2-Driver/install/bluerov2_interfaces/include/bluerov2_interfaces/bluerov2_interfaces/msg/pid.h
[5.642s] -- Up-to-date: /home/akshat/ROS-Humble-BlueRov2-Driver/install/bluerov2_interfaces/include/bluerov2_interfaces/bluerov2_interfaces/msg/detail
[5.642s] -- Installing: /home/akshat/ROS-Humble-BlueRov2-Driver/install/bluerov2_interfaces/include/bluerov2_interfaces/bluerov2_interfaces/msg/detail/bar30__struct.h
[5.643s] -- Installing: /home/akshat/ROS-Humble-BlueRov2-Driver/install/bluerov2_interfaces/include/bluerov2_interfaces/bluerov2_interfaces/msg/detail/pid__struct.h
[5.643s] -- Installing: /home/akshat/ROS-Humble-BlueRov2-Driver/install/bluerov2_interfaces/include/bluerov2_interfaces/bluerov2_interfaces/msg/detail/bar30__functions.c
[5.643s] -- Installing: /home/akshat/ROS-Humble-BlueRov2-Driver/install/bluerov2_interfaces/include/bluerov2_interfaces/bluerov2_interfaces/msg/detail/attitude__functions.h
[5.643s] -- Installing: /home/akshat/ROS-Humble-BlueRov2-Driver/install/bluerov2_interfaces/include/bluerov2_interfaces/bluerov2_interfaces/msg/detail/attitude__struct.h
[5.644s] -- Installing: /home/akshat/ROS-Humble-BlueRov2-Driver/install/bluerov2_interfaces/include/bluerov2_interfaces/bluerov2_interfaces/msg/detail/pid__functions.h
[5.644s] -- Installing: /home/akshat/ROS-Humble-BlueRov2-Driver/install/bluerov2_interfaces/include/bluerov2_interfaces/bluerov2_interfaces/msg/detail/pid__functions.c
[5.644s] -- Installing: /home/akshat/ROS-Humble-BlueRov2-Driver/install/bluerov2_interfaces/include/bluerov2_interfaces/bluerov2_interfaces/msg/detail/bar30__functions.h
[5.644s] -- Installing: /home/akshat/ROS-Humble-BlueRov2-Driver/install/bluerov2_interfaces/include/bluerov2_interfaces/bluerov2_interfaces/msg/detail/pid__type_support.h
[5.644s] -- Installing: /home/akshat/ROS-Humble-BlueRov2-Driver/install/bluerov2_interfaces/include/bluerov2_interfaces/bluerov2_interfaces/msg/detail/attitude__type_support.h
[5.645s] -- Installing: /home/akshat/ROS-Humble-BlueRov2-Driver/install/bluerov2_interfaces/include/bluerov2_interfaces/bluerov2_interfaces/msg/detail/attitude__functions.c
[5.645s] -- Installing: /home/akshat/ROS-Humble-BlueRov2-Driver/install/bluerov2_interfaces/include/bluerov2_interfaces/bluerov2_interfaces/msg/detail/bar30__type_support.h
[5.645s] -- Installing: /home/akshat/ROS-Humble-BlueRov2-Driver/install/bluerov2_interfaces/include/bluerov2_interfaces/bluerov2_interfaces/msg/bar30.h
[5.645s] -- Installing: /home/akshat/ROS-Humble-BlueRov2-Driver/install/bluerov2_interfaces/include/bluerov2_interfaces/bluerov2_interfaces/msg/attitude.h
[5.646s] -- Installing: /home/akshat/ROS-Humble-BlueRov2-Driver/install/bluerov2_interfaces/share/bluerov2_interfaces/environment/library_path.sh
[5.646s] -- Installing: /home/akshat/ROS-Humble-BlueRov2-Driver/install/bluerov2_interfaces/share/bluerov2_interfaces/environment/library_path.dsv
[5.646s] -- Installing: /home/akshat/ROS-Humble-BlueRov2-Driver/install/bluerov2_interfaces/lib/libbluerov2_interfaces__rosidl_generator_c.so
[5.647s] -- Set runtime path of "/home/akshat/ROS-Humble-BlueRov2-Driver/install/bluerov2_interfaces/lib/libbluerov2_interfaces__rosidl_generator_c.so" to ""
[5.647s] -- Up-to-date: /home/akshat/ROS-Humble-BlueRov2-Driver/install/bluerov2_interfaces/include/bluerov2_interfaces/bluerov2_interfaces
[5.647s] -- Up-to-date: /home/akshat/ROS-Humble-BlueRov2-Driver/install/bluerov2_interfaces/include/bluerov2_interfaces/bluerov2_interfaces/msg
[5.647s] -- Installing: /home/akshat/ROS-Humble-BlueRov2-Driver/install/bluerov2_interfaces/include/bluerov2_interfaces/bluerov2_interfaces/msg/rosidl_typesupport_fastrtps_c__visibility_control.h
[5.647s] -- Up-to-date: /home/akshat/ROS-Humble-BlueRov2-Driver/install/bluerov2_interfaces/include/bluerov2_interfaces/bluerov2_interfaces/msg/detail
[5.647s] -- Installing: /home/akshat/ROS-Humble-BlueRov2-Driver/install/bluerov2_interfaces/include/bluerov2_interfaces/bluerov2_interfaces/msg/detail/bar30__rosidl_typesupport_fastrtps_c.h
[5.647s] -- Installing: /home/akshat/ROS-Humble-BlueRov2-Driver/install/bluerov2_interfaces/include/bluerov2_interfaces/bluerov2_interfaces/msg/detail/attitude__rosidl_typesupport_fastrtps_c.h
[5.647s] -- Installing: /home/akshat/ROS-Humble-BlueRov2-Driver/install/bluerov2_interfaces/include/bluerov2_interfaces/bluerov2_interfaces/msg/detail/pid__rosidl_typesupport_fastrtps_c.h
[5.648s] -- Installing: /home/akshat/ROS-Humble-BlueRov2-Driver/install/bluerov2_interfaces/lib/libbluerov2_interfaces__rosidl_typesupport_fastrtps_c.so
[5.648s] -- Set runtime path of "/home/akshat/ROS-Humble-BlueRov2-Driver/install/bluerov2_interfaces/lib/libbluerov2_interfaces__rosidl_typesupport_fastrtps_c.so" to ""
[5.649s] -- Up-to-date: /home/akshat/ROS-Humble-BlueRov2-Driver/install/bluerov2_interfaces/include/bluerov2_interfaces/bluerov2_interfaces
[5.649s] -- Up-to-date: /home/akshat/ROS-Humble-BlueRov2-Driver/install/bluerov2_interfaces/include/bluerov2_interfaces/bluerov2_interfaces/msg
[5.649s] -- Up-to-date: /home/akshat/ROS-Humble-BlueRov2-Driver/install/bluerov2_interfaces/include/bluerov2_interfaces/bluerov2_interfaces/msg/detail
[5.649s] -- Installing: /home/akshat/ROS-Humble-BlueRov2-Driver/install/bluerov2_interfaces/include/bluerov2_interfaces/bluerov2_interfaces/msg/detail/attitude__rosidl_typesupport_introspection_c.h
[5.649s] -- Installing: /home/akshat/ROS-Humble-BlueRov2-Driver/install/bluerov2_interfaces/include/bluerov2_interfaces/bluerov2_interfaces/msg/detail/bar30__type_support.c
[5.649s] -- Installing: /home/akshat/ROS-Humble-BlueRov2-Driver/install/bluerov2_interfaces/include/bluerov2_interfaces/bluerov2_interfaces/msg/detail/attitude__type_support.c
[5.649s] -- Installing: /home/akshat/ROS-Humble-BlueRov2-Driver/install/bluerov2_interfaces/include/bluerov2_interfaces/bluerov2_interfaces/msg/detail/bar30__rosidl_typesupport_introspection_c.h
[5.649s] -- Installing: /home/akshat/ROS-Humble-BlueRov2-Driver/install/bluerov2_interfaces/include/bluerov2_interfaces/bluerov2_interfaces/msg/detail/pid__rosidl_typesupport_introspection_c.h
[5.650s] -- Installing: /home/akshat/ROS-Humble-BlueRov2-Driver/install/bluerov2_interfaces/include/bluerov2_interfaces/bluerov2_interfaces/msg/detail/pid__type_support.c
[5.650s] -- Installing: /home/akshat/ROS-Humble-BlueRov2-Driver/install/bluerov2_interfaces/include/bluerov2_interfaces/bluerov2_interfaces/msg/rosidl_typesupport_introspection_c__visibility_control.h
[5.650s] -- Installing: /home/akshat/ROS-Humble-BlueRov2-Driver/install/bluerov2_interfaces/lib/libbluerov2_interfaces__rosidl_typesupport_introspection_c.so
[5.651s] -- Set runtime path of "/home/akshat/ROS-Humble-BlueRov2-Driver/install/bluerov2_interfaces/lib/libbluerov2_interfaces__rosidl_typesupport_introspection_c.so" to ""
[5.651s] -- Installing: /home/akshat/ROS-Humble-BlueRov2-Driver/install/bluerov2_interfaces/lib/libbluerov2_interfaces__rosidl_typesupport_c.so
[5.651s] -- Set runtime path of "/home/akshat/ROS-Humble-BlueRov2-Driver/install/bluerov2_interfaces/lib/libbluerov2_interfaces__rosidl_typesupport_c.so" to ""
[5.651s] -- Up-to-date: /home/akshat/ROS-Humble-BlueRov2-Driver/install/bluerov2_interfaces/include/bluerov2_interfaces/bluerov2_interfaces
[5.651s] -- Up-to-date: /home/akshat/ROS-Humble-BlueRov2-Driver/install/bluerov2_interfaces/include/bluerov2_interfaces/bluerov2_interfaces/msg
[5.651s] -- Installing: /home/akshat/ROS-Humble-BlueRov2-Driver/install/bluerov2_interfaces/include/bluerov2_interfaces/bluerov2_interfaces/msg/pid.hpp
[5.651s] -- Installing: /home/akshat/ROS-Humble-BlueRov2-Driver/install/bluerov2_interfaces/include/bluerov2_interfaces/bluerov2_interfaces/msg/attitude.hpp
[5.651s] -- Up-to-date: /home/akshat/ROS-Humble-BlueRov2-Driver/install/bluerov2_interfaces/include/bluerov2_interfaces/bluerov2_interfaces/msg/detail
[5.652s] -- Installing: /home/akshat/ROS-Humble-BlueRov2-Driver/install/bluerov2_interfaces/include/bluerov2_interfaces/bluerov2_interfaces/msg/detail/pid__traits.hpp
[5.652s] -- Installing: /home/akshat/ROS-Humble-BlueRov2-Driver/install/bluerov2_interfaces/include/bluerov2_interfaces/bluerov2_interfaces/msg/detail/attitude__builder.hpp
[5.652s] -- Installing: /home/akshat/ROS-Humble-BlueRov2-Driver/install/bluerov2_interfaces/include/bluerov2_interfaces/bluerov2_interfaces/msg/detail/bar30__struct.hpp
[5.652s] -- Installing: /home/akshat/ROS-Humble-BlueRov2-Driver/install/bluerov2_interfaces/include/bluerov2_interfaces/bluerov2_interfaces/msg/detail/bar30__traits.hpp
[5.652s] -- Installing: /home/akshat/ROS-Humble-BlueRov2-Driver/install/bluerov2_interfaces/include/bluerov2_interfaces/bluerov2_interfaces/msg/detail/attitude__struct.hpp
[5.653s] -- Installing: /home/akshat/ROS-Humble-BlueRov2-Driver/install/bluerov2_interfaces/include/bluerov2_interfaces/bluerov2_interfaces/msg/detail/pid__struct.hpp
[5.653s] -- Installing: /home/akshat/ROS-Humble-BlueRov2-Driver/install/bluerov2_interfaces/include/bluerov2_interfaces/bluerov2_interfaces/msg/detail/bar30__builder.hpp
[5.653s] -- Installing: /home/akshat/ROS-Humble-BlueRov2-Driver/install/bluerov2_interfaces/include/bluerov2_interfaces/bluerov2_interfaces/msg/detail/attitude__traits.hpp
[5.653s] -- Installing: /home/akshat/ROS-Humble-BlueRov2-Driver/install/bluerov2_interfaces/include/bluerov2_interfaces/bluerov2_interfaces/msg/detail/pid__builder.hpp
[5.654s] -- Installing: /home/akshat/ROS-Humble-BlueRov2-Driver/install/bluerov2_interfaces/include/bluerov2_interfaces/bluerov2_interfaces/msg/bar30.hpp
[5.654s] -- Up-to-date: /home/akshat/ROS-Humble-BlueRov2-Driver/install/bluerov2_interfaces/include/bluerov2_interfaces/bluerov2_interfaces
[5.654s] -- Up-to-date: /home/akshat/ROS-Humble-BlueRov2-Driver/install/bluerov2_interfaces/include/bluerov2_interfaces/bluerov2_interfaces/msg
[5.654s] -- Installing: /home/akshat/ROS-Humble-BlueRov2-Driver/install/bluerov2_interfaces/include/bluerov2_interfaces/bluerov2_interfaces/msg/rosidl_typesupport_fastrtps_cpp__visibility_control.h
[5.654s] -- Up-to-date: /home/akshat/ROS-Humble-BlueRov2-Driver/install/bluerov2_interfaces/include/bluerov2_interfaces/bluerov2_interfaces/msg/detail
[5.654s] -- Installing: /home/akshat/ROS-Humble-BlueRov2-Driver/install/bluerov2_interfaces/include/bluerov2_interfaces/bluerov2_interfaces/msg/detail/bar30__rosidl_typesupport_fastrtps_cpp.hpp
[5.654s] -- Installing: /home/akshat/ROS-Humble-BlueRov2-Driver/install/bluerov2_interfaces/include/bluerov2_interfaces/bluerov2_interfaces/msg/detail/attitude__rosidl_typesupport_fastrtps_cpp.hpp
[5.654s] -- Installing: /home/akshat/ROS-Humble-BlueRov2-Driver/install/bluerov2_interfaces/include/bluerov2_interfaces/bluerov2_interfaces/msg/detail/dds_fastrtps
[5.655s] -- Installing: /home/akshat/ROS-Humble-BlueRov2-Driver/install/bluerov2_interfaces/include/bluerov2_interfaces/bluerov2_interfaces/msg/detail/pid__rosidl_typesupport_fastrtps_cpp.hpp
[5.655s] -- Installing: /home/akshat/ROS-Humble-BlueRov2-Driver/install/bluerov2_interfaces/lib/libbluerov2_interfaces__rosidl_typesupport_fastrtps_cpp.so
[5.655s] -- Set runtime path of "/home/akshat/ROS-Humble-BlueRov2-Driver/install/bluerov2_interfaces/lib/libbluerov2_interfaces__rosidl_typesupport_fastrtps_cpp.so" to ""
[5.655s] -- Up-to-date: /home/akshat/ROS-Humble-BlueRov2-Driver/install/bluerov2_interfaces/include/bluerov2_interfaces/bluerov2_interfaces
[5.656s] -- Up-to-date: /home/akshat/ROS-Humble-BlueRov2-Driver/install/bluerov2_interfaces/include/bluerov2_interfaces/bluerov2_interfaces/msg
[5.656s] -- Up-to-date: /home/akshat/ROS-Humble-BlueRov2-Driver/install/bluerov2_interfaces/include/bluerov2_interfaces/bluerov2_interfaces/msg/detail
[5.656s] -- Installing: /home/akshat/ROS-Humble-BlueRov2-Driver/install/bluerov2_interfaces/include/bluerov2_interfaces/bluerov2_interfaces/msg/detail/attitude__type_support.cpp
[5.656s] -- Installing: /home/akshat/ROS-Humble-BlueRov2-Driver/install/bluerov2_interfaces/include/bluerov2_interfaces/bluerov2_interfaces/msg/detail/bar30__type_support.cpp
[5.656s] -- Installing: /home/akshat/ROS-Humble-BlueRov2-Driver/install/bluerov2_interfaces/include/bluerov2_interfaces/bluerov2_interfaces/msg/detail/pid__type_support.cpp
[5.656s] -- Installing: /home/akshat/ROS-Humble-BlueRov2-Driver/install/bluerov2_interfaces/include/bluerov2_interfaces/bluerov2_interfaces/msg/detail/pid__rosidl_typesupport_introspection_cpp.hpp
[5.656s] -- Installing: /home/akshat/ROS-Humble-BlueRov2-Driver/install/bluerov2_interfaces/include/bluerov2_interfaces/bluerov2_interfaces/msg/detail/bar30__rosidl_typesupport_introspection_cpp.hpp
[5.657s] -- Installing: /home/akshat/ROS-Humble-BlueRov2-Driver/install/bluerov2_interfaces/include/bluerov2_interfaces/bluerov2_interfaces/msg/detail/attitude__rosidl_typesupport_introspection_cpp.hpp
[5.657s] -- Installing: /home/akshat/ROS-Humble-BlueRov2-Driver/install/bluerov2_interfaces/lib/libbluerov2_interfaces__rosidl_typesupport_introspection_cpp.so
[5.657s] -- Set runtime path of "/home/akshat/ROS-Humble-BlueRov2-Driver/install/bluerov2_interfaces/lib/libbluerov2_interfaces__rosidl_typesupport_introspection_cpp.so" to ""
[5.657s] -- Installing: /home/akshat/ROS-Humble-BlueRov2-Driver/install/bluerov2_interfaces/lib/libbluerov2_interfaces__rosidl_typesupport_cpp.so
[5.658s] -- Set runtime path of "/home/akshat/ROS-Humble-BlueRov2-Driver/install/bluerov2_interfaces/lib/libbluerov2_interfaces__rosidl_typesupport_cpp.so" to ""
[5.658s] -- Installing: /home/akshat/ROS-Humble-BlueRov2-Driver/install/bluerov2_interfaces/share/bluerov2_interfaces/environment/pythonpath.sh
[5.658s] -- Installing: /home/akshat/ROS-Humble-BlueRov2-Driver/install/bluerov2_interfaces/share/bluerov2_interfaces/environment/pythonpath.dsv
[5.658s] -- Installing: /home/akshat/ROS-Humble-BlueRov2-Driver/install/bluerov2_interfaces/local/lib/python3.10/dist-packages/bluerov2_interfaces-0.0.0-py3.10.egg-info
[5.659s] -- Installing: /home/akshat/ROS-Humble-BlueRov2-Driver/install/bluerov2_interfaces/local/lib/python3.10/dist-packages/bluerov2_interfaces-0.0.0-py3.10.egg-info/dependency_links.txt
[5.659s] -- Installing: /home/akshat/ROS-Humble-BlueRov2-Driver/install/bluerov2_interfaces/local/lib/python3.10/dist-packages/bluerov2_interfaces-0.0.0-py3.10.egg-info/SOURCES.txt
[5.659s] -- Installing: /home/akshat/ROS-Humble-BlueRov2-Driver/install/bluerov2_interfaces/local/lib/python3.10/dist-packages/bluerov2_interfaces-0.0.0-py3.10.egg-info/top_level.txt
[5.659s] -- Installing: /home/akshat/ROS-Humble-BlueRov2-Driver/install/bluerov2_interfaces/local/lib/python3.10/dist-packages/bluerov2_interfaces-0.0.0-py3.10.egg-info/PKG-INFO
[5.659s] -- Installing: /home/akshat/ROS-Humble-BlueRov2-Driver/install/bluerov2_interfaces/local/lib/python3.10/dist-packages/bluerov2_interfaces
[5.659s] -- Installing: /home/akshat/ROS-Humble-BlueRov2-Driver/install/bluerov2_interfaces/local/lib/python3.10/dist-packages/bluerov2_interfaces/msg
[5.660s] -- Installing: /home/akshat/ROS-Humble-BlueRov2-Driver/install/bluerov2_interfaces/local/lib/python3.10/dist-packages/bluerov2_interfaces/msg/_pid.py
[5.660s] -- Installing: /home/akshat/ROS-Humble-BlueRov2-Driver/install/bluerov2_interfaces/local/lib/python3.10/dist-packages/bluerov2_interfaces/msg/__init__.py
[5.660s] -- Installing: /home/akshat/ROS-Humble-BlueRov2-Driver/install/bluerov2_interfaces/local/lib/python3.10/dist-packages/bluerov2_interfaces/msg/_attitude_s.c
[5.660s] -- Installing: /home/akshat/ROS-Humble-BlueRov2-Driver/install/bluerov2_interfaces/local/lib/python3.10/dist-packages/bluerov2_interfaces/msg/_bar30_s.c
[5.660s] -- Installing: /home/akshat/ROS-Humble-BlueRov2-Driver/install/bluerov2_interfaces/local/lib/python3.10/dist-packages/bluerov2_interfaces/msg/_attitude.py
[5.660s] -- Installing: /home/akshat/ROS-Humble-BlueRov2-Driver/install/bluerov2_interfaces/local/lib/python3.10/dist-packages/bluerov2_interfaces/msg/_bar30.py
[5.661s] -- Installing: /home/akshat/ROS-Humble-BlueRov2-Driver/install/bluerov2_interfaces/local/lib/python3.10/dist-packages/bluerov2_interfaces/msg/_pid_s.c
[5.661s] -- Installing: /home/akshat/ROS-Humble-BlueRov2-Driver/install/bluerov2_interfaces/local/lib/python3.10/dist-packages/bluerov2_interfaces/_bluerov2_interfaces_s.ep.rosidl_typesupport_fastrtps_c.c
[5.661s] -- Installing: /home/akshat/ROS-Humble-BlueRov2-Driver/install/bluerov2_interfaces/local/lib/python3.10/dist-packages/bluerov2_interfaces/_bluerov2_interfaces_s.ep.rosidl_typesupport_c.c
[5.661s] -- Installing: /home/akshat/ROS-Humble-BlueRov2-Driver/install/bluerov2_interfaces/local/lib/python3.10/dist-packages/bluerov2_interfaces/bluerov2_interfaces_s__rosidl_typesupport_introspection_c.cpython-310-x86_64-linux-gnu.so
[5.661s] -- Installing: /home/akshat/ROS-Humble-BlueRov2-Driver/install/bluerov2_interfaces/local/lib/python3.10/dist-packages/bluerov2_interfaces/__init__.py
[5.661s] -- Installing: /home/akshat/ROS-Humble-BlueRov2-Driver/install/bluerov2_interfaces/local/lib/python3.10/dist-packages/bluerov2_interfaces/bluerov2_interfaces_s__rosidl_typesupport_fastrtps_c.cpython-310-x86_64-linux-gnu.so
[5.662s] -- Installing: /home/akshat/ROS-Humble-BlueRov2-Driver/install/bluerov2_interfaces/local/lib/python3.10/dist-packages/bluerov2_interfaces/libbluerov2_interfaces__rosidl_generator_py.so
[5.662s] -- Installing: /home/akshat/ROS-Humble-BlueRov2-Driver/install/bluerov2_interfaces/local/lib/python3.10/dist-packages/bluerov2_interfaces/_bluerov2_interfaces_s.ep.rosidl_typesupport_introspection_c.c
[5.662s] -- Installing: /home/akshat/ROS-Humble-BlueRov2-Driver/install/bluerov2_interfaces/local/lib/python3.10/dist-packages/bluerov2_interfaces/bluerov2_interfaces_s__rosidl_typesupport_c.cpython-310-x86_64-linux-gnu.so
[5.712s] Listing '/home/akshat/ROS-Humble-BlueRov2-Driver/install/bluerov2_interfaces/local/lib/python3.10/dist-packages/bluerov2_interfaces'...
[5.712s] Compiling '/home/akshat/ROS-Humble-BlueRov2-Driver/install/bluerov2_interfaces/local/lib/python3.10/dist-packages/bluerov2_interfaces/__init__.py'...
[5.712s] Listing '/home/akshat/ROS-Humble-BlueRov2-Driver/install/bluerov2_interfaces/local/lib/python3.10/dist-packages/bluerov2_interfaces/msg'...
[5.712s] Compiling '/home/akshat/ROS-Humble-BlueRov2-Driver/install/bluerov2_interfaces/local/lib/python3.10/dist-packages/bluerov2_interfaces/msg/__init__.py'...
[5.713s] Compiling '/home/akshat/ROS-Humble-BlueRov2-Driver/install/bluerov2_interfaces/local/lib/python3.10/dist-packages/bluerov2_interfaces/msg/_attitude.py'...
[5.713s] Compiling '/home/akshat/ROS-Humble-BlueRov2-Driver/install/bluerov2_interfaces/local/lib/python3.10/dist-packages/bluerov2_interfaces/msg/_bar30.py'...
[5.713s] Compiling '/home/akshat/ROS-Humble-BlueRov2-Driver/install/bluerov2_interfaces/local/lib/python3.10/dist-packages/bluerov2_interfaces/msg/_pid.py'...
[5.717s] -- Installing: /home/akshat/ROS-Humble-BlueRov2-Driver/install/bluerov2_interfaces/local/lib/python3.10/dist-packages/bluerov2_interfaces/bluerov2_interfaces_s__rosidl_typesupport_fastrtps_c.cpython-310-x86_64-linux-gnu.so
[5.718s] -- Set runtime path of "/home/akshat/ROS-Humble-BlueRov2-Driver/install/bluerov2_interfaces/local/lib/python3.10/dist-packages/bluerov2_interfaces/bluerov2_interfaces_s__rosidl_typesupport_fastrtps_c.cpython-310-x86_64-linux-gnu.so" to ""
[5.718s] -- Installing: /home/akshat/ROS-Humble-BlueRov2-Driver/install/bluerov2_interfaces/local/lib/python3.10/dist-packages/bluerov2_interfaces/bluerov2_interfaces_s__rosidl_typesupport_introspection_c.cpython-310-x86_64-linux-gnu.so
[5.719s] -- Set runtime path of "/home/akshat/ROS-Humble-BlueRov2-Driver/install/bluerov2_interfaces/local/lib/python3.10/dist-packages/bluerov2_interfaces/bluerov2_interfaces_s__rosidl_typesupport_introspection_c.cpython-310-x86_64-linux-gnu.so" to ""
[5.719s] -- Installing: /home/akshat/ROS-Humble-BlueRov2-Driver/install/bluerov2_interfaces/local/lib/python3.10/dist-packages/bluerov2_interfaces/bluerov2_interfaces_s__rosidl_typesupport_c.cpython-310-x86_64-linux-gnu.so
[5.719s] -- Set runtime path of "/home/akshat/ROS-Humble-BlueRov2-Driver/install/bluerov2_interfaces/local/lib/python3.10/dist-packages/bluerov2_interfaces/bluerov2_interfaces_s__rosidl_typesupport_c.cpython-310-x86_64-linux-gnu.so" to ""
[5.719s] -- Installing: /home/akshat/ROS-Humble-BlueRov2-Driver/install/bluerov2_interfaces/lib/libbluerov2_interfaces__rosidl_generator_py.so
[5.720s] -- Set runtime path of "/home/akshat/ROS-Humble-BlueRov2-Driver/install/bluerov2_interfaces/lib/libbluerov2_interfaces__rosidl_generator_py.so" to ""
[5.720s] -- Installing: /home/akshat/ROS-Humble-BlueRov2-Driver/install/bluerov2_interfaces/share/bluerov2_interfaces/msg/Bar30.idl
[5.720s] -- Installing: /home/akshat/ROS-Humble-BlueRov2-Driver/install/bluerov2_interfaces/share/bluerov2_interfaces/msg/Attitude.idl
[5.720s] -- Installing: /home/akshat/ROS-Humble-BlueRov2-Driver/install/bluerov2_interfaces/share/bluerov2_interfaces/msg/PID.idl
[5.721s] -- Up-to-date: /home/akshat/ROS-Humble-BlueRov2-Driver/install/bluerov2_interfaces/share/bluerov2_interfaces/msg/Bar30.msg
[5.721s] -- Up-to-date: /home/akshat/ROS-Humble-BlueRov2-Driver/install/bluerov2_interfaces/share/bluerov2_interfaces/msg/Attitude.msg
[5.721s] -- Up-to-date: /home/akshat/ROS-Humble-BlueRov2-Driver/install/bluerov2_interfaces/share/bluerov2_interfaces/msg/PID.msg
[5.721s] -- Installing: /home/akshat/ROS-Humble-BlueRov2-Driver/install/bluerov2_interfaces/share/ament_index/resource_index/package_run_dependencies/bluerov2_interfaces
[5.721s] -- Installing: /home/akshat/ROS-Humble-BlueRov2-Driver/install/bluerov2_interfaces/share/ament_index/resource_index/parent_prefix_path/bluerov2_interfaces
[5.721s] -- Installing: /home/akshat/ROS-Humble-BlueRov2-Driver/install/bluerov2_interfaces/share/bluerov2_interfaces/environment/ament_prefix_path.sh
[5.721s] -- Installing: /home/akshat/ROS-Humble-BlueRov2-Driver/install/bluerov2_interfaces/share/bluerov2_interfaces/environment/ament_prefix_path.dsv
[5.722s] -- Installing: /home/akshat/ROS-Humble-BlueRov2-Driver/install/bluerov2_interfaces/share/bluerov2_interfaces/environment/path.sh
[5.722s] -- Installing: /home/akshat/ROS-Humble-BlueRov2-Driver/install/bluerov2_interfaces/share/bluerov2_interfaces/environment/path.dsv
[5.723s] -- Installing: /home/akshat/ROS-Humble-BlueRov2-Driver/install/bluerov2_interfaces/share/bluerov2_interfaces/local_setup.bash
[5.723s] -- Installing: /home/akshat/ROS-Humble-BlueRov2-Driver/install/bluerov2_interfaces/share/bluerov2_interfaces/local_setup.sh
[5.723s] -- Installing: /home/akshat/ROS-Humble-BlueRov2-Driver/install/bluerov2_interfaces/share/bluerov2_interfaces/local_setup.zsh
[5.723s] -- Installing: /home/akshat/ROS-Humble-BlueRov2-Driver/install/bluerov2_interfaces/share/bluerov2_interfaces/local_setup.dsv
[5.723s] -- Installing: /home/akshat/ROS-Humble-BlueRov2-Driver/install/bluerov2_interfaces/share/bluerov2_interfaces/package.dsv
[5.723s] -- Installing: /home/akshat/ROS-Humble-BlueRov2-Driver/install/bluerov2_interfaces/share/ament_index/resource_index/packages/bluerov2_interfaces
[5.723s] -- Installing: /home/akshat/ROS-Humble-BlueRov2-Driver/install/bluerov2_interfaces/share/bluerov2_interfaces/cmake/export_bluerov2_interfaces__rosidl_generator_cExport.cmake
[5.724s] -- Installing: /home/akshat/ROS-Humble-BlueRov2-Driver/install/bluerov2_interfaces/share/bluerov2_interfaces/cmake/export_bluerov2_interfaces__rosidl_generator_cExport-noconfig.cmake
[5.724s] -- Installing: /home/akshat/ROS-Humble-BlueRov2-Driver/install/bluerov2_interfaces/share/bluerov2_interfaces/cmake/export_bluerov2_interfaces__rosidl_typesupport_fastrtps_cExport.cmake
[5.724s] -- Installing: /home/akshat/ROS-Humble-BlueRov2-Driver/install/bluerov2_interfaces/share/bluerov2_interfaces/cmake/export_bluerov2_interfaces__rosidl_typesupport_fastrtps_cExport-noconfig.cmake
[5.725s] -- Installing: /home/akshat/ROS-Humble-BlueRov2-Driver/install/bluerov2_interfaces/share/bluerov2_interfaces/cmake/bluerov2_interfaces__rosidl_typesupport_introspection_cExport.cmake
[5.725s] -- Installing: /home/akshat/ROS-Humble-BlueRov2-Driver/install/bluerov2_interfaces/share/bluerov2_interfaces/cmake/bluerov2_interfaces__rosidl_typesupport_introspection_cExport-noconfig.cmake
[5.725s] -- Installing: /home/akshat/ROS-Humble-BlueRov2-Driver/install/bluerov2_interfaces/share/bluerov2_interfaces/cmake/bluerov2_interfaces__rosidl_typesupport_cExport.cmake
[5.725s] -- Installing: /home/akshat/ROS-Humble-BlueRov2-Driver/install/bluerov2_interfaces/share/bluerov2_interfaces/cmake/bluerov2_interfaces__rosidl_typesupport_cExport-noconfig.cmake
[5.726s] -- Installing: /home/akshat/ROS-Humble-BlueRov2-Driver/install/bluerov2_interfaces/share/bluerov2_interfaces/cmake/export_bluerov2_interfaces__rosidl_generator_cppExport.cmake
[5.726s] -- Installing: /home/akshat/ROS-Humble-BlueRov2-Driver/install/bluerov2_interfaces/share/bluerov2_interfaces/cmake/export_bluerov2_interfaces__rosidl_typesupport_fastrtps_cppExport.cmake
[5.726s] -- Installing: /home/akshat/ROS-Humble-BlueRov2-Driver/install/bluerov2_interfaces/share/bluerov2_interfaces/cmake/export_bluerov2_interfaces__rosidl_typesupport_fastrtps_cppExport-noconfig.cmake
[5.727s] -- Installing: /home/akshat/ROS-Humble-BlueRov2-Driver/install/bluerov2_interfaces/share/bluerov2_interfaces/cmake/bluerov2_interfaces__rosidl_typesupport_introspection_cppExport.cmake
[5.727s] -- Installing: /home/akshat/ROS-Humble-BlueRov2-Driver/install/bluerov2_interfaces/share/bluerov2_interfaces/cmake/bluerov2_interfaces__rosidl_typesupport_introspection_cppExport-noconfig.cmake
[5.727s] -- Installing: /home/akshat/ROS-Humble-BlueRov2-Driver/install/bluerov2_interfaces/share/bluerov2_interfaces/cmake/bluerov2_interfaces__rosidl_typesupport_cppExport.cmake
[5.727s] -- Installing: /home/akshat/ROS-Humble-BlueRov2-Driver/install/bluerov2_interfaces/share/bluerov2_interfaces/cmake/bluerov2_interfaces__rosidl_typesupport_cppExport-noconfig.cmake
[5.728s] -- Installing: /home/akshat/ROS-Humble-BlueRov2-Driver/install/bluerov2_interfaces/share/bluerov2_interfaces/cmake/export_bluerov2_interfaces__rosidl_generator_pyExport.cmake
[5.728s] -- Installing: /home/akshat/ROS-Humble-BlueRov2-Driver/install/bluerov2_interfaces/share/bluerov2_interfaces/cmake/export_bluerov2_interfaces__rosidl_generator_pyExport-noconfig.cmake
[5.728s] -- Installing: /home/akshat/ROS-Humble-BlueRov2-Driver/install/bluerov2_interfaces/share/bluerov2_interfaces/cmake/rosidl_cmake-extras.cmake
[5.729s] -- Installing: /home/akshat/ROS-Humble-BlueRov2-Driver/install/bluerov2_interfaces/share/bluerov2_interfaces/cmake/ament_cmake_export_include_directories-extras.cmake
[5.729s] -- Installing: /home/akshat/ROS-Humble-BlueRov2-Driver/install/bluerov2_interfaces/share/bluerov2_interfaces/cmake/ament_cmake_export_libraries-extras.cmake
[5.729s] -- Installing: /home/akshat/ROS-Humble-BlueRov2-Driver/install/bluerov2_interfaces/share/bluerov2_interfaces/cmake/ament_cmake_export_targets-extras.cmake
[5.729s] -- Installing: /home/akshat/ROS-Humble-BlueRov2-Driver/install/bluerov2_interfaces/share/bluerov2_interfaces/cmake/rosidl_cmake_export_typesupport_targets-extras.cmake
[5.730s] -- Installing: /home/akshat/ROS-Humble-BlueRov2-Driver/install/bluerov2_interfaces/share/bluerov2_interfaces/cmake/ament_cmake_export_dependencies-extras.cmake
[5.730s] -- Installing: /home/akshat/ROS-Humble-BlueRov2-Driver/install/bluerov2_interfaces/share/bluerov2_interfaces/cmake/rosidl_cmake_export_typesupport_libraries-extras.cmake
[5.730s] -- Installing: /home/akshat/ROS-Humble-BlueRov2-Driver/install/bluerov2_interfaces/share/bluerov2_interfaces/cmake/bluerov2_interfacesConfig.cmake
[5.730s] -- Installing: /home/akshat/ROS-Humble-BlueRov2-Driver/install/bluerov2_interfaces/share/bluerov2_interfaces/cmake/bluerov2_interfacesConfig-version.cmake
[5.731s] -- Up-to-date: /home/akshat/ROS-Humble-BlueRov2-Driver/install/bluerov2_interfaces/share/bluerov2_interfaces/package.xml
[5.734s] Invoked command in '/home/akshat/ROS-Humble-BlueRov2-Driver/build/bluerov2_interfaces' returned '0': CMAKE_PREFIX_PATH=${CMAKE_PREFIX_PATH}:/home/akshat/my_ros2_ws/install/ur_custom_control:/home/akshat/simulation_ws/install/py_trees_ros_viewer:/home/akshat/simulation_ws/install/blue_localization:/home/akshat/simulation_ws/install/angler_utils:/home/akshat/simulation_ws/install/angler_planning:/home/akshat/simulation_ws/install/angler_mux:/home/akshat/simulation_ws/install/angler_kinematics:/home/akshat/simulation_ws/install/angler_control:/home/akshat/simulation_ws/install/angler_behaviors:/home/akshat/tele_ws/install/ros_tcp_endpoint:/home/akshat/tele_ws/install/bluerov_grasp:/home/akshat/tele_ws/install/autonomous_rov:/home/akshat/Documents/GitHub/SJO038/turtlebot3_ws/install/turtlebot3_teleop:/home/akshat/Documents/GitHub/SJO038/turtlebot3_ws/install/turtlebot3_example:/opt/ros/humble /usr/bin/cmake --install /home/akshat/ROS-Humble-BlueRov2-Driver/build/bluerov2_interfaces
