[0.904s] Invoking command in '/home/akshat/ROS-Humble-BlueRov2-Driver/src/tritech_micron': PYTHONPATH=/home/akshat/ROS-Humble-BlueRov2-Driver/build/tritech_micron/prefix_override:/usr/lib/python3/dist-packages/colcon_core/task/python/colcon_distutils_commands:/home/akshat/ROS-Humble-BlueRov2-Driver/install/tritech_micron/lib/python3.10/site-packages:${PYTHONPATH} /usr/bin/python3 -W ignore:setup.py install is deprecated setup.py egg_info --egg-base ../../build/tritech_micron build --build-base /home/akshat/ROS-Humble-BlueRov2-Driver/build/tritech_micron/build install --record /home/akshat/ROS-Humble-BlueRov2-Driver/build/tritech_micron/install.log --single-version-externally-managed install_data
[1.233s] running egg_info
[1.233s] writing ../../build/tritech_micron/tritech_micron.egg-info/PKG-INFO
[1.234s] writing dependency_links to ../../build/tritech_micron/tritech_micron.egg-info/dependency_links.txt
[1.234s] writing entry points to ../../build/tritech_micron/tritech_micron.egg-info/entry_points.txt
[1.234s] writing requirements to ../../build/tritech_micron/tritech_micron.egg-info/requires.txt
[1.234s] writing top-level names to ../../build/tritech_micron/tritech_micron.egg-info/top_level.txt
[1.236s] reading manifest file '../../build/tritech_micron/tritech_micron.egg-info/SOURCES.txt'
[1.238s] writing manifest file '../../build/tritech_micron/tritech_micron.egg-info/SOURCES.txt'
[1.238s] running build
[1.238s] running build_py
[1.238s] running install
[1.239s] running install_lib
[1.241s] running install_data
[1.241s] running install_egg_info
[1.243s] removing '/home/akshat/ROS-Humble-BlueRov2-Driver/install/tritech_micron/lib/python3.10/site-packages/tritech_micron-0.0.0-py3.10.egg-info' (and everything under it)
[1.244s] Copying ../../build/tritech_micron/tritech_micron.egg-info to /home/akshat/ROS-Humble-BlueRov2-Driver/install/tritech_micron/lib/python3.10/site-packages/tritech_micron-0.0.0-py3.10.egg-info
[1.245s] running install_scripts
[1.269s] Installing scan script to /home/akshat/ROS-Humble-BlueRov2-Driver/install/tritech_micron/lib/tritech_micron
[1.270s] writing list of installed files to '/home/akshat/ROS-Humble-BlueRov2-Driver/build/tritech_micron/install.log'
[1.299s] Invoked command in '/home/akshat/ROS-Humble-BlueRov2-Driver/src/tritech_micron' returned '0': PYTHONPATH=/home/akshat/ROS-Humble-BlueRov2-Driver/build/tritech_micron/prefix_override:/usr/lib/python3/dist-packages/colcon_core/task/python/colcon_distutils_commands:/home/akshat/ROS-Humble-BlueRov2-Driver/install/tritech_micron/lib/python3.10/site-packages:${PYTHONPATH} /usr/bin/python3 -W ignore:setup.py install is deprecated setup.py egg_info --egg-base ../../build/tritech_micron build --build-base /home/akshat/ROS-Humble-BlueRov2-Driver/build/tritech_micron/build install --record /home/akshat/ROS-Humble-BlueRov2-Driver/build/tritech_micron/install.log --single-version-externally-managed install_data
