[0.864s] Invoking command in '/home/akshat/ROS-Humble-BlueRov2-Driver/src/tritech_micron': AMENT_PREFIX_PATH=/home/akshat/ROS-Humble-BlueRov2-Driver/install/tritech_micron_interfaces:${AMENT_PREFIX_PATH} CMAKE_PREFIX_PATH=/home/akshat/ROS-Humble-BlueRov2-Driver/install/tritech_micron_interfaces:${CMAKE_PREFIX_PATH} LD_LIBRARY_PATH=/home/akshat/ROS-Humble-BlueRov2-Driver/install/tritech_micron_interfaces/lib:${LD_LIBRARY_PATH} PYTHONPATH=/home/akshat/ROS-Humble-BlueRov2-Driver/build/tritech_micron/prefix_override:/usr/lib/python3/dist-packages/colcon_core/task/python/colcon_distutils_commands:/home/akshat/ROS-Humble-BlueRov2-Driver/install/tritech_micron/lib/python3.10/site-packages:/home/akshat/ROS-Humble-BlueRov2-Driver/install/tritech_micron_interfaces/local/lib/python3.10/dist-packages:${PYTHONPATH} /usr/bin/python3 -W ignore:setup.py install is deprecated setup.py egg_info --egg-base ../../build/tritech_micron build --build-base /home/akshat/ROS-Humble-BlueRov2-Driver/build/tritech_micron/build install --record /home/akshat/ROS-Humble-BlueRov2-Driver/build/tritech_micron/install.log --single-version-externally-managed install_data
[1.089s] running egg_info
[1.089s] creating ../../build/tritech_micron/tritech_micron.egg-info
[1.089s] writing ../../build/tritech_micron/tritech_micron.egg-info/PKG-INFO
[1.090s] writing dependency_links to ../../build/tritech_micron/tritech_micron.egg-info/dependency_links.txt
[1.090s] writing entry points to ../../build/tritech_micron/tritech_micron.egg-info/entry_points.txt
[1.090s] writing requirements to ../../build/tritech_micron/tritech_micron.egg-info/requires.txt
[1.090s] writing top-level names to ../../build/tritech_micron/tritech_micron.egg-info/top_level.txt
[1.090s] writing manifest file '../../build/tritech_micron/tritech_micron.egg-info/SOURCES.txt'
[1.091s] reading manifest file '../../build/tritech_micron/tritech_micron.egg-info/SOURCES.txt'
[1.092s] writing manifest file '../../build/tritech_micron/tritech_micron.egg-info/SOURCES.txt'
[1.092s] running build
[1.092s] running build_py
[1.092s] creating /home/akshat/ROS-Humble-BlueRov2-Driver/build/tritech_micron/build
[1.092s] creating /home/akshat/ROS-Humble-BlueRov2-Driver/build/tritech_micron/build/lib
[1.092s] creating /home/akshat/ROS-Humble-BlueRov2-Driver/build/tritech_micron/build/lib/tritech_micron
[1.092s] copying tritech_micron/scan.py -> /home/akshat/ROS-Humble-BlueRov2-Driver/build/tritech_micron/build/lib/tritech_micron
[1.092s] copying tritech_micron/tools.py -> /home/akshat/ROS-Humble-BlueRov2-Driver/build/tritech_micron/build/lib/tritech_micron
[1.092s] copying tritech_micron/messages.py -> /home/akshat/ROS-Humble-BlueRov2-Driver/build/tritech_micron/build/lib/tritech_micron
[1.092s] copying tritech_micron/replies.py -> /home/akshat/ROS-Humble-BlueRov2-Driver/build/tritech_micron/build/lib/tritech_micron
[1.092s] copying tritech_micron/__init__.py -> /home/akshat/ROS-Humble-BlueRov2-Driver/build/tritech_micron/build/lib/tritech_micron
[1.093s] copying tritech_micron/sonar.py -> /home/akshat/ROS-Humble-BlueRov2-Driver/build/tritech_micron/build/lib/tritech_micron
[1.093s] copying tritech_micron/serial_readline.py -> /home/akshat/ROS-Humble-BlueRov2-Driver/build/tritech_micron/build/lib/tritech_micron
[1.093s] copying tritech_micron/commands.py -> /home/akshat/ROS-Humble-BlueRov2-Driver/build/tritech_micron/build/lib/tritech_micron
[1.093s] copying tritech_micron/exceptions.py -> /home/akshat/ROS-Humble-BlueRov2-Driver/build/tritech_micron/build/lib/tritech_micron
[1.093s] copying tritech_micron/socket.py -> /home/akshat/ROS-Humble-BlueRov2-Driver/build/tritech_micron/build/lib/tritech_micron
[1.093s] running install
[1.094s] running install_lib
[1.094s] creating /home/akshat/ROS-Humble-BlueRov2-Driver/install/tritech_micron/lib/python3.10/site-packages/tritech_micron
[1.094s] copying /home/akshat/ROS-Humble-BlueRov2-Driver/build/tritech_micron/build/lib/tritech_micron/scan.py -> /home/akshat/ROS-Humble-BlueRov2-Driver/install/tritech_micron/lib/python3.10/site-packages/tritech_micron
[1.094s] copying /home/akshat/ROS-Humble-BlueRov2-Driver/build/tritech_micron/build/lib/tritech_micron/tools.py -> /home/akshat/ROS-Humble-BlueRov2-Driver/install/tritech_micron/lib/python3.10/site-packages/tritech_micron
[1.094s] copying /home/akshat/ROS-Humble-BlueRov2-Driver/build/tritech_micron/build/lib/tritech_micron/messages.py -> /home/akshat/ROS-Humble-BlueRov2-Driver/install/tritech_micron/lib/python3.10/site-packages/tritech_micron
[1.094s] copying /home/akshat/ROS-Humble-BlueRov2-Driver/build/tritech_micron/build/lib/tritech_micron/replies.py -> /home/akshat/ROS-Humble-BlueRov2-Driver/install/tritech_micron/lib/python3.10/site-packages/tritech_micron
[1.094s] copying /home/akshat/ROS-Humble-BlueRov2-Driver/build/tritech_micron/build/lib/tritech_micron/__init__.py -> /home/akshat/ROS-Humble-BlueRov2-Driver/install/tritech_micron/lib/python3.10/site-packages/tritech_micron
[1.095s] copying /home/akshat/ROS-Humble-BlueRov2-Driver/build/tritech_micron/build/lib/tritech_micron/sonar.py -> /home/akshat/ROS-Humble-BlueRov2-Driver/install/tritech_micron/lib/python3.10/site-packages/tritech_micron
[1.095s] copying /home/akshat/ROS-Humble-BlueRov2-Driver/build/tritech_micron/build/lib/tritech_micron/serial_readline.py -> /home/akshat/ROS-Humble-BlueRov2-Driver/install/tritech_micron/lib/python3.10/site-packages/tritech_micron
[1.095s] copying /home/akshat/ROS-Humble-BlueRov2-Driver/build/tritech_micron/build/lib/tritech_micron/commands.py -> /home/akshat/ROS-Humble-BlueRov2-Driver/install/tritech_micron/lib/python3.10/site-packages/tritech_micron
[1.095s] copying /home/akshat/ROS-Humble-BlueRov2-Driver/build/tritech_micron/build/lib/tritech_micron/exceptions.py -> /home/akshat/ROS-Humble-BlueRov2-Driver/install/tritech_micron/lib/python3.10/site-packages/tritech_micron
[1.095s] copying /home/akshat/ROS-Humble-BlueRov2-Driver/build/tritech_micron/build/lib/tritech_micron/socket.py -> /home/akshat/ROS-Humble-BlueRov2-Driver/install/tritech_micron/lib/python3.10/site-packages/tritech_micron
[1.095s] byte-compiling /home/akshat/ROS-Humble-BlueRov2-Driver/install/tritech_micron/lib/python3.10/site-packages/tritech_micron/scan.py to scan.cpython-310.pyc
[1.096s] byte-compiling /home/akshat/ROS-Humble-BlueRov2-Driver/install/tritech_micron/lib/python3.10/site-packages/tritech_micron/tools.py to tools.cpython-310.pyc
[1.097s] byte-compiling /home/akshat/ROS-Humble-BlueRov2-Driver/install/tritech_micron/lib/python3.10/site-packages/tritech_micron/messages.py to messages.cpython-310.pyc
[1.097s] byte-compiling /home/akshat/ROS-Humble-BlueRov2-Driver/install/tritech_micron/lib/python3.10/site-packages/tritech_micron/replies.py to replies.cpython-310.pyc
[1.098s] byte-compiling /home/akshat/ROS-Humble-BlueRov2-Driver/install/tritech_micron/lib/python3.10/site-packages/tritech_micron/__init__.py to __init__.cpython-310.pyc
[1.098s] byte-compiling /home/akshat/ROS-Humble-BlueRov2-Driver/install/tritech_micron/lib/python3.10/site-packages/tritech_micron/sonar.py to sonar.cpython-310.pyc
[1.100s] byte-compiling /home/akshat/ROS-Humble-BlueRov2-Driver/install/tritech_micron/lib/python3.10/site-packages/tritech_micron/serial_readline.py to serial_readline.cpython-310.pyc
[1.100s] byte-compiling /home/akshat/ROS-Humble-BlueRov2-Driver/install/tritech_micron/lib/python3.10/site-packages/tritech_micron/commands.py to commands.cpython-310.pyc
[1.101s] byte-compiling /home/akshat/ROS-Humble-BlueRov2-Driver/install/tritech_micron/lib/python3.10/site-packages/tritech_micron/exceptions.py to exceptions.cpython-310.pyc
[1.101s] byte-compiling /home/akshat/ROS-Humble-BlueRov2-Driver/install/tritech_micron/lib/python3.10/site-packages/tritech_micron/socket.py to socket.cpython-310.pyc
[1.101s] running install_data
[1.101s] copying resource/tritech_micron -> /home/akshat/ROS-Humble-BlueRov2-Driver/install/tritech_micron/share/ament_index/resource_index/packages
[1.102s] copying package.xml -> /home/akshat/ROS-Humble-BlueRov2-Driver/install/tritech_micron/share/tritech_micron
[1.102s] running install_egg_info
[1.103s] Copying ../../build/tritech_micron/tritech_micron.egg-info to /home/akshat/ROS-Humble-BlueRov2-Driver/install/tritech_micron/lib/python3.10/site-packages/tritech_micron-0.0.0-py3.10.egg-info
[1.104s] running install_scripts
[1.121s] Installing scan script to /home/akshat/ROS-Humble-BlueRov2-Driver/install/tritech_micron/lib/tritech_micron
[1.121s] writing list of installed files to '/home/akshat/ROS-Humble-BlueRov2-Driver/build/tritech_micron/install.log'
[1.142s] Invoked command in '/home/akshat/ROS-Humble-BlueRov2-Driver/src/tritech_micron' returned '0': AMENT_PREFIX_PATH=/home/akshat/ROS-Humble-BlueRov2-Driver/install/tritech_micron_interfaces:${AMENT_PREFIX_PATH} CMAKE_PREFIX_PATH=/home/akshat/ROS-Humble-BlueRov2-Driver/install/tritech_micron_interfaces:${CMAKE_PREFIX_PATH} LD_LIBRARY_PATH=/home/akshat/ROS-Humble-BlueRov2-Driver/install/tritech_micron_interfaces/lib:${LD_LIBRARY_PATH} PYTHONPATH=/home/akshat/ROS-Humble-BlueRov2-Driver/build/tritech_micron/prefix_override:/usr/lib/python3/dist-packages/colcon_core/task/python/colcon_distutils_commands:/home/akshat/ROS-Humble-BlueRov2-Driver/install/tritech_micron/lib/python3.10/site-packages:/home/akshat/ROS-Humble-BlueRov2-Driver/install/tritech_micron_interfaces/local/lib/python3.10/dist-packages:${PYTHONPATH} /usr/bin/python3 -W ignore:setup.py install is deprecated setup.py egg_info --egg-base ../../build/tritech_micron build --build-base /home/akshat/ROS-Humble-BlueRov2-Driver/build/tritech_micron/build install --record /home/akshat/ROS-Humble-BlueRov2-Driver/build/tritech_micron/install.log --single-version-externally-managed install_data
