[0.159s] DEBUG:colcon:Command line arguments: ['/usr/bin/colcon', 'build']
[0.159s] DEBUG:colcon:Parsed command line arguments: Namespace(log_base=None, log_level=None, verb_name='build', build_base='build', install_base='install', merge_install=False, symlink_install=False, test_result_base=None, continue_on_error=False, executor='parallel', parallel_workers=16, event_handlers=None, ignore_user_meta=False, metas=['./colcon.meta'], base_paths=['.'], packages_ignore=None, packages_ignore_regex=None, paths=None, packages_up_to=None, packages_up_to_regex=None, packages_above=None, packages_above_and_dependencies=None, packages_above_depth=None, packages_select_by_dep=None, packages_skip_by_dep=None, packages_skip_up_to=None, packages_select_build_failed=False, packages_skip_build_finished=False, packages_select_test_failures=False, packages_skip_test_passed=False, packages_select=None, packages_skip=None, packages_select_regex=None, packages_skip_regex=None, packages_start=None, packages_end=None, allow_overriding=[], cmake_args=None, cmake_target=None, cmake_target_skip_unavailable=False, cmake_clean_cache=False, cmake_clean_first=False, cmake_force_configure=False, ament_cmake_args=None, catkin_cmake_args=None, catkin_skip_building_tests=False, mixin_files=None, mixin=None, verb_parser=<colcon_mixin.mixin.mixin_argument.MixinArgumentDecorator object at 0x7b3952b1af80>, verb_extension=<colcon_core.verb.build.BuildVerb object at 0x7b3952b1a9b0>, main=<bound method BuildVerb.main of <colcon_core.verb.build.BuildVerb object at 0x7b3952b1a9b0>>, mixin_verb=('build',))
[0.399s] Level 1:colcon.colcon_core.package_discovery:discover_packages(colcon_meta) check parameters
[0.399s] Level 1:colcon.colcon_core.package_discovery:discover_packages(recursive) check parameters
[0.399s] Level 1:colcon.colcon_core.package_discovery:discover_packages(ignore) check parameters
[0.399s] Level 1:colcon.colcon_core.package_discovery:discover_packages(path) check parameters
[0.399s] Level 1:colcon.colcon_core.package_discovery:discover_packages(colcon_meta) discover
[0.399s] Level 1:colcon.colcon_core.package_discovery:discover_packages(recursive) discover
[0.399s] INFO:colcon.colcon_core.package_discovery:Crawling recursively for packages in '/home/akshat/ROS-Humble-BlueRov2-Driver'
[0.399s] Level 1:colcon.colcon_core.package_identification:_identify(.) by extensions ['ignore', 'ignore_ament_install']
[0.399s] Level 1:colcon.colcon_core.package_identification:_identify(.) by extension 'ignore'
[0.399s] Level 1:colcon.colcon_core.package_identification:_identify(.) by extension 'ignore_ament_install'
[0.399s] Level 1:colcon.colcon_core.package_identification:_identify(.) by extensions ['colcon_pkg']
[0.399s] Level 1:colcon.colcon_core.package_identification:_identify(.) by extension 'colcon_pkg'
[0.399s] Level 1:colcon.colcon_core.package_identification:_identify(.) by extensions ['colcon_meta']
[0.399s] Level 1:colcon.colcon_core.package_identification:_identify(.) by extension 'colcon_meta'
[0.400s] Level 1:colcon.colcon_core.package_identification:_identify(.) by extensions ['ros']
[0.400s] Level 1:colcon.colcon_core.package_identification:_identify(.) by extension 'ros'
[0.423s] Level 1:colcon.colcon_core.package_identification:_identify(.) by extensions ['cmake', 'python']
[0.423s] Level 1:colcon.colcon_core.package_identification:_identify(.) by extension 'cmake'
[0.423s] Level 1:colcon.colcon_core.package_identification:_identify(.) by extension 'python'
[0.423s] Level 1:colcon.colcon_core.package_identification:_identify(.) by extensions ['python_setup_py']
[0.423s] Level 1:colcon.colcon_core.package_identification:_identify(.) by extension 'python_setup_py'
[0.423s] Level 1:colcon.colcon_core.package_identification:_identify(build) by extensions ['ignore', 'ignore_ament_install']
[0.423s] Level 1:colcon.colcon_core.package_identification:_identify(build) by extension 'ignore'
[0.423s] Level 1:colcon.colcon_core.package_identification:_identify(build) ignored
[0.423s] Level 1:colcon.colcon_core.package_identification:_identify(img) by extensions ['ignore', 'ignore_ament_install']
[0.423s] Level 1:colcon.colcon_core.package_identification:_identify(img) by extension 'ignore'
[0.423s] Level 1:colcon.colcon_core.package_identification:_identify(img) by extension 'ignore_ament_install'
[0.423s] Level 1:colcon.colcon_core.package_identification:_identify(img) by extensions ['colcon_pkg']
[0.423s] Level 1:colcon.colcon_core.package_identification:_identify(img) by extension 'colcon_pkg'
[0.424s] Level 1:colcon.colcon_core.package_identification:_identify(img) by extensions ['colcon_meta']
[0.424s] Level 1:colcon.colcon_core.package_identification:_identify(img) by extension 'colcon_meta'
[0.424s] Level 1:colcon.colcon_core.package_identification:_identify(img) by extensions ['ros']
[0.424s] Level 1:colcon.colcon_core.package_identification:_identify(img) by extension 'ros'
[0.424s] Level 1:colcon.colcon_core.package_identification:_identify(img) by extensions ['cmake', 'python']
[0.424s] Level 1:colcon.colcon_core.package_identification:_identify(img) by extension 'cmake'
[0.424s] Level 1:colcon.colcon_core.package_identification:_identify(img) by extension 'python'
[0.424s] Level 1:colcon.colcon_core.package_identification:_identify(img) by extensions ['python_setup_py']
[0.424s] Level 1:colcon.colcon_core.package_identification:_identify(img) by extension 'python_setup_py'
[0.424s] Level 1:colcon.colcon_core.package_identification:_identify(install) by extensions ['ignore', 'ignore_ament_install']
[0.424s] Level 1:colcon.colcon_core.package_identification:_identify(install) by extension 'ignore'
[0.424s] Level 1:colcon.colcon_core.package_identification:_identify(install) ignored
[0.425s] Level 1:colcon.colcon_core.package_identification:_identify(log) by extensions ['ignore', 'ignore_ament_install']
[0.425s] Level 1:colcon.colcon_core.package_identification:_identify(log) by extension 'ignore'
[0.425s] Level 1:colcon.colcon_core.package_identification:_identify(log) ignored
[0.425s] Level 1:colcon.colcon_core.package_identification:_identify(src) by extensions ['ignore', 'ignore_ament_install']
[0.425s] Level 1:colcon.colcon_core.package_identification:_identify(src) by extension 'ignore'
[0.425s] Level 1:colcon.colcon_core.package_identification:_identify(src) by extension 'ignore_ament_install'
[0.425s] Level 1:colcon.colcon_core.package_identification:_identify(src) by extensions ['colcon_pkg']
[0.425s] Level 1:colcon.colcon_core.package_identification:_identify(src) by extension 'colcon_pkg'
[0.425s] Level 1:colcon.colcon_core.package_identification:_identify(src) by extensions ['colcon_meta']
[0.425s] Level 1:colcon.colcon_core.package_identification:_identify(src) by extension 'colcon_meta'
[0.425s] Level 1:colcon.colcon_core.package_identification:_identify(src) by extensions ['ros']
[0.425s] Level 1:colcon.colcon_core.package_identification:_identify(src) by extension 'ros'
[0.425s] Level 1:colcon.colcon_core.package_identification:_identify(src) by extensions ['cmake', 'python']
[0.425s] Level 1:colcon.colcon_core.package_identification:_identify(src) by extension 'cmake'
[0.425s] Level 1:colcon.colcon_core.package_identification:_identify(src) by extension 'python'
[0.426s] Level 1:colcon.colcon_core.package_identification:_identify(src) by extensions ['python_setup_py']
[0.426s] Level 1:colcon.colcon_core.package_identification:_identify(src) by extension 'python_setup_py'
[0.426s] Level 1:colcon.colcon_core.package_identification:_identify(src/bluerov2_bringup) by extensions ['ignore', 'ignore_ament_install']
[0.426s] Level 1:colcon.colcon_core.package_identification:_identify(src/bluerov2_bringup) by extension 'ignore'
[0.426s] Level 1:colcon.colcon_core.package_identification:_identify(src/bluerov2_bringup) by extension 'ignore_ament_install'
[0.426s] Level 1:colcon.colcon_core.package_identification:_identify(src/bluerov2_bringup) by extensions ['colcon_pkg']
[0.426s] Level 1:colcon.colcon_core.package_identification:_identify(src/bluerov2_bringup) by extension 'colcon_pkg'
[0.426s] Level 1:colcon.colcon_core.package_identification:_identify(src/bluerov2_bringup) by extensions ['colcon_meta']
[0.426s] Level 1:colcon.colcon_core.package_identification:_identify(src/bluerov2_bringup) by extension 'colcon_meta'
[0.426s] Level 1:colcon.colcon_core.package_identification:_identify(src/bluerov2_bringup) by extensions ['ros']
[0.426s] Level 1:colcon.colcon_core.package_identification:_identify(src/bluerov2_bringup) by extension 'ros'
[0.429s] DEBUG:colcon.colcon_core.package_identification:Package 'src/bluerov2_bringup' with type 'ros.ament_cmake' and name 'bluerov2_bringup'
[0.429s] Level 1:colcon.colcon_core.package_identification:_identify(src/bluerov2_controller) by extensions ['ignore', 'ignore_ament_install']
[0.429s] Level 1:colcon.colcon_core.package_identification:_identify(src/bluerov2_controller) by extension 'ignore'
[0.429s] Level 1:colcon.colcon_core.package_identification:_identify(src/bluerov2_controller) by extension 'ignore_ament_install'
[0.429s] Level 1:colcon.colcon_core.package_identification:_identify(src/bluerov2_controller) by extensions ['colcon_pkg']
[0.429s] Level 1:colcon.colcon_core.package_identification:_identify(src/bluerov2_controller) by extension 'colcon_pkg'
[0.429s] Level 1:colcon.colcon_core.package_identification:_identify(src/bluerov2_controller) by extensions ['colcon_meta']
[0.429s] Level 1:colcon.colcon_core.package_identification:_identify(src/bluerov2_controller) by extension 'colcon_meta'
[0.429s] Level 1:colcon.colcon_core.package_identification:_identify(src/bluerov2_controller) by extensions ['ros']
[0.429s] Level 1:colcon.colcon_core.package_identification:_identify(src/bluerov2_controller) by extension 'ros'
[0.430s] DEBUG:colcon.colcon_core.package_identification:Package 'src/bluerov2_controller' with type 'ros.ament_python' and name 'bluerov2_controller'
[0.430s] Level 1:colcon.colcon_core.package_identification:_identify(src/bluerov2_interfaces) by extensions ['ignore', 'ignore_ament_install']
[0.430s] Level 1:colcon.colcon_core.package_identification:_identify(src/bluerov2_interfaces) by extension 'ignore'
[0.430s] Level 1:colcon.colcon_core.package_identification:_identify(src/bluerov2_interfaces) by extension 'ignore_ament_install'
[0.431s] Level 1:colcon.colcon_core.package_identification:_identify(src/bluerov2_interfaces) by extensions ['colcon_pkg']
[0.431s] Level 1:colcon.colcon_core.package_identification:_identify(src/bluerov2_interfaces) by extension 'colcon_pkg'
[0.431s] Level 1:colcon.colcon_core.package_identification:_identify(src/bluerov2_interfaces) by extensions ['colcon_meta']
[0.431s] Level 1:colcon.colcon_core.package_identification:_identify(src/bluerov2_interfaces) by extension 'colcon_meta'
[0.431s] Level 1:colcon.colcon_core.package_identification:_identify(src/bluerov2_interfaces) by extensions ['ros']
[0.431s] Level 1:colcon.colcon_core.package_identification:_identify(src/bluerov2_interfaces) by extension 'ros'
[0.431s] DEBUG:colcon.colcon_core.package_identification:Package 'src/bluerov2_interfaces' with type 'ros.ament_cmake' and name 'bluerov2_interfaces'
[0.431s] Level 1:colcon.colcon_core.package_identification:_identify(src/tritech_micron) by extensions ['ignore', 'ignore_ament_install']
[0.431s] Level 1:colcon.colcon_core.package_identification:_identify(src/tritech_micron) by extension 'ignore'
[0.432s] Level 1:colcon.colcon_core.package_identification:_identify(src/tritech_micron) by extension 'ignore_ament_install'
[0.432s] Level 1:colcon.colcon_core.package_identification:_identify(src/tritech_micron) by extensions ['colcon_pkg']
[0.432s] Level 1:colcon.colcon_core.package_identification:_identify(src/tritech_micron) by extension 'colcon_pkg'
[0.432s] Level 1:colcon.colcon_core.package_identification:_identify(src/tritech_micron) by extensions ['colcon_meta']
[0.432s] Level 1:colcon.colcon_core.package_identification:_identify(src/tritech_micron) by extension 'colcon_meta'
[0.432s] Level 1:colcon.colcon_core.package_identification:_identify(src/tritech_micron) by extensions ['ros']
[0.432s] Level 1:colcon.colcon_core.package_identification:_identify(src/tritech_micron) by extension 'ros'
[0.433s] DEBUG:colcon.colcon_core.package_identification:Package 'src/tritech_micron' with type 'ros.ament_python' and name 'tritech_micron'
[0.433s] Level 1:colcon.colcon_core.package_identification:_identify(src/tritech_micron_interfaces) by extensions ['ignore', 'ignore_ament_install']
[0.433s] Level 1:colcon.colcon_core.package_identification:_identify(src/tritech_micron_interfaces) by extension 'ignore'
[0.433s] Level 1:colcon.colcon_core.package_identification:_identify(src/tritech_micron_interfaces) by extension 'ignore_ament_install'
[0.433s] Level 1:colcon.colcon_core.package_identification:_identify(src/tritech_micron_interfaces) by extensions ['colcon_pkg']
[0.433s] Level 1:colcon.colcon_core.package_identification:_identify(src/tritech_micron_interfaces) by extension 'colcon_pkg'
[0.433s] Level 1:colcon.colcon_core.package_identification:_identify(src/tritech_micron_interfaces) by extensions ['colcon_meta']
[0.433s] Level 1:colcon.colcon_core.package_identification:_identify(src/tritech_micron_interfaces) by extension 'colcon_meta'
[0.433s] Level 1:colcon.colcon_core.package_identification:_identify(src/tritech_micron_interfaces) by extensions ['ros']
[0.433s] Level 1:colcon.colcon_core.package_identification:_identify(src/tritech_micron_interfaces) by extension 'ros'
[0.434s] DEBUG:colcon.colcon_core.package_identification:Package 'src/tritech_micron_interfaces' with type 'ros.ament_cmake' and name 'tritech_micron_interfaces'
[0.434s] Level 1:colcon.colcon_core.package_discovery:discover_packages(recursive) using defaults
[0.434s] Level 1:colcon.colcon_core.package_discovery:discover_packages(ignore) discover
[0.434s] Level 1:colcon.colcon_core.package_discovery:discover_packages(ignore) using defaults
[0.434s] Level 1:colcon.colcon_core.package_discovery:discover_packages(path) discover
[0.434s] Level 1:colcon.colcon_core.package_discovery:discover_packages(path) using defaults
[0.460s] Level 1:colcon.colcon_core.package_discovery:discover_packages(prefix_path) check parameters
[0.460s] Level 1:colcon.colcon_core.package_discovery:discover_packages(prefix_path) discover
[0.466s] DEBUG:colcon.colcon_installed_package_information.package_discovery:Found 1 installed packages in /home/akshat/my_ros2_ws/install
[0.467s] DEBUG:colcon.colcon_installed_package_information.package_discovery:Found 20 installed packages in /home/akshat/simulation_ws/install
[0.468s] DEBUG:colcon.colcon_installed_package_information.package_discovery:Found 3 installed packages in /home/akshat/tele_ws/install
[0.468s] DEBUG:colcon.colcon_installed_package_information.package_discovery:Found 1 installed packages in /home/akshat/Documents/GitHub/SJO038/tb3_ws/install
[0.469s] DEBUG:colcon.colcon_installed_package_information.package_discovery:Found 15 installed packages in /home/akshat/Documents/GitHub/SJO038/turtlebot3_ws/install
[0.470s] DEBUG:colcon.colcon_installed_package_information.package_discovery:Found 4 installed packages in /home/akshat/Documents/GitHub/SJO038/ros2_ws/install
[0.472s] DEBUG:colcon.colcon_installed_package_information.package_discovery:Found 447 installed packages in /opt/ros/humble
[0.475s] Level 1:colcon.colcon_core.package_discovery:discover_packages(prefix_path) using defaults
[0.553s] Level 5:colcon.colcon_core.verb:set package 'bluerov2_interfaces' build argument 'cmake_args' from command line to 'None'
[0.553s] Level 5:colcon.colcon_core.verb:set package 'bluerov2_interfaces' build argument 'cmake_target' from command line to 'None'
[0.553s] Level 5:colcon.colcon_core.verb:set package 'bluerov2_interfaces' build argument 'cmake_target_skip_unavailable' from command line to 'False'
[0.553s] Level 5:colcon.colcon_core.verb:set package 'bluerov2_interfaces' build argument 'cmake_clean_cache' from command line to 'False'
[0.553s] Level 5:colcon.colcon_core.verb:set package 'bluerov2_interfaces' build argument 'cmake_clean_first' from command line to 'False'
[0.553s] Level 5:colcon.colcon_core.verb:set package 'bluerov2_interfaces' build argument 'cmake_force_configure' from command line to 'False'
[0.553s] Level 5:colcon.colcon_core.verb:set package 'bluerov2_interfaces' build argument 'ament_cmake_args' from command line to 'None'
[0.553s] Level 5:colcon.colcon_core.verb:set package 'bluerov2_interfaces' build argument 'catkin_cmake_args' from command line to 'None'
[0.553s] Level 5:colcon.colcon_core.verb:set package 'bluerov2_interfaces' build argument 'catkin_skip_building_tests' from command line to 'False'
[0.554s] DEBUG:colcon.colcon_core.verb:Building package 'bluerov2_interfaces' with the following arguments: {'ament_cmake_args': None, 'build_base': '/home/akshat/ROS-Humble-BlueRov2-Driver/build/bluerov2_interfaces', 'catkin_cmake_args': None, 'catkin_skip_building_tests': False, 'cmake_args': None, 'cmake_clean_cache': False, 'cmake_clean_first': False, 'cmake_force_configure': False, 'cmake_target': None, 'cmake_target_skip_unavailable': False, 'install_base': '/home/akshat/ROS-Humble-BlueRov2-Driver/install/bluerov2_interfaces', 'merge_install': False, 'path': '/home/akshat/ROS-Humble-BlueRov2-Driver/src/bluerov2_interfaces', 'symlink_install': False, 'test_result_base': None}
[0.554s] Level 5:colcon.colcon_core.verb:set package 'tritech_micron_interfaces' build argument 'cmake_args' from command line to 'None'
[0.554s] Level 5:colcon.colcon_core.verb:set package 'tritech_micron_interfaces' build argument 'cmake_target' from command line to 'None'
[0.554s] Level 5:colcon.colcon_core.verb:set package 'tritech_micron_interfaces' build argument 'cmake_target_skip_unavailable' from command line to 'False'
[0.554s] Level 5:colcon.colcon_core.verb:set package 'tritech_micron_interfaces' build argument 'cmake_clean_cache' from command line to 'False'
[0.554s] Level 5:colcon.colcon_core.verb:set package 'tritech_micron_interfaces' build argument 'cmake_clean_first' from command line to 'False'
[0.554s] Level 5:colcon.colcon_core.verb:set package 'tritech_micron_interfaces' build argument 'cmake_force_configure' from command line to 'False'
[0.554s] Level 5:colcon.colcon_core.verb:set package 'tritech_micron_interfaces' build argument 'ament_cmake_args' from command line to 'None'
[0.554s] Level 5:colcon.colcon_core.verb:set package 'tritech_micron_interfaces' build argument 'catkin_cmake_args' from command line to 'None'
[0.554s] Level 5:colcon.colcon_core.verb:set package 'tritech_micron_interfaces' build argument 'catkin_skip_building_tests' from command line to 'False'
[0.554s] DEBUG:colcon.colcon_core.verb:Building package 'tritech_micron_interfaces' with the following arguments: {'ament_cmake_args': None, 'build_base': '/home/akshat/ROS-Humble-BlueRov2-Driver/build/tritech_micron_interfaces', 'catkin_cmake_args': None, 'catkin_skip_building_tests': False, 'cmake_args': None, 'cmake_clean_cache': False, 'cmake_clean_first': False, 'cmake_force_configure': False, 'cmake_target': None, 'cmake_target_skip_unavailable': False, 'install_base': '/home/akshat/ROS-Humble-BlueRov2-Driver/install/tritech_micron_interfaces', 'merge_install': False, 'path': '/home/akshat/ROS-Humble-BlueRov2-Driver/src/tritech_micron_interfaces', 'symlink_install': False, 'test_result_base': None}
[0.554s] Level 5:colcon.colcon_core.verb:set package 'bluerov2_controller' build argument 'cmake_args' from command line to 'None'
[0.555s] Level 5:colcon.colcon_core.verb:set package 'bluerov2_controller' build argument 'cmake_target' from command line to 'None'
[0.555s] Level 5:colcon.colcon_core.verb:set package 'bluerov2_controller' build argument 'cmake_target_skip_unavailable' from command line to 'False'
[0.555s] Level 5:colcon.colcon_core.verb:set package 'bluerov2_controller' build argument 'cmake_clean_cache' from command line to 'False'
[0.555s] Level 5:colcon.colcon_core.verb:set package 'bluerov2_controller' build argument 'cmake_clean_first' from command line to 'False'
[0.555s] Level 5:colcon.colcon_core.verb:set package 'bluerov2_controller' build argument 'cmake_force_configure' from command line to 'False'
[0.555s] Level 5:colcon.colcon_core.verb:set package 'bluerov2_controller' build argument 'ament_cmake_args' from command line to 'None'
[0.555s] Level 5:colcon.colcon_core.verb:set package 'bluerov2_controller' build argument 'catkin_cmake_args' from command line to 'None'
[0.555s] Level 5:colcon.colcon_core.verb:set package 'bluerov2_controller' build argument 'catkin_skip_building_tests' from command line to 'False'
[0.555s] DEBUG:colcon.colcon_core.verb:Building package 'bluerov2_controller' with the following arguments: {'ament_cmake_args': None, 'build_base': '/home/akshat/ROS-Humble-BlueRov2-Driver/build/bluerov2_controller', 'catkin_cmake_args': None, 'catkin_skip_building_tests': False, 'cmake_args': None, 'cmake_clean_cache': False, 'cmake_clean_first': False, 'cmake_force_configure': False, 'cmake_target': None, 'cmake_target_skip_unavailable': False, 'install_base': '/home/akshat/ROS-Humble-BlueRov2-Driver/install/bluerov2_controller', 'merge_install': False, 'path': '/home/akshat/ROS-Humble-BlueRov2-Driver/src/bluerov2_controller', 'symlink_install': False, 'test_result_base': None}
[0.555s] Level 5:colcon.colcon_core.verb:set package 'tritech_micron' build argument 'cmake_args' from command line to 'None'
[0.555s] Level 5:colcon.colcon_core.verb:set package 'tritech_micron' build argument 'cmake_target' from command line to 'None'
[0.555s] Level 5:colcon.colcon_core.verb:set package 'tritech_micron' build argument 'cmake_target_skip_unavailable' from command line to 'False'
[0.555s] Level 5:colcon.colcon_core.verb:set package 'tritech_micron' build argument 'cmake_clean_cache' from command line to 'False'
[0.555s] Level 5:colcon.colcon_core.verb:set package 'tritech_micron' build argument 'cmake_clean_first' from command line to 'False'
[0.555s] Level 5:colcon.colcon_core.verb:set package 'tritech_micron' build argument 'cmake_force_configure' from command line to 'False'
[0.555s] Level 5:colcon.colcon_core.verb:set package 'tritech_micron' build argument 'ament_cmake_args' from command line to 'None'
[0.555s] Level 5:colcon.colcon_core.verb:set package 'tritech_micron' build argument 'catkin_cmake_args' from command line to 'None'
[0.555s] Level 5:colcon.colcon_core.verb:set package 'tritech_micron' build argument 'catkin_skip_building_tests' from command line to 'False'
[0.555s] DEBUG:colcon.colcon_core.verb:Building package 'tritech_micron' with the following arguments: {'ament_cmake_args': None, 'build_base': '/home/akshat/ROS-Humble-BlueRov2-Driver/build/tritech_micron', 'catkin_cmake_args': None, 'catkin_skip_building_tests': False, 'cmake_args': None, 'cmake_clean_cache': False, 'cmake_clean_first': False, 'cmake_force_configure': False, 'cmake_target': None, 'cmake_target_skip_unavailable': False, 'install_base': '/home/akshat/ROS-Humble-BlueRov2-Driver/install/tritech_micron', 'merge_install': False, 'path': '/home/akshat/ROS-Humble-BlueRov2-Driver/src/tritech_micron', 'symlink_install': False, 'test_result_base': None}
[0.556s] Level 5:colcon.colcon_core.verb:set package 'bluerov2_bringup' build argument 'cmake_args' from command line to 'None'
[0.556s] Level 5:colcon.colcon_core.verb:set package 'bluerov2_bringup' build argument 'cmake_target' from command line to 'None'
[0.556s] Level 5:colcon.colcon_core.verb:set package 'bluerov2_bringup' build argument 'cmake_target_skip_unavailable' from command line to 'False'
[0.556s] Level 5:colcon.colcon_core.verb:set package 'bluerov2_bringup' build argument 'cmake_clean_cache' from command line to 'False'
[0.556s] Level 5:colcon.colcon_core.verb:set package 'bluerov2_bringup' build argument 'cmake_clean_first' from command line to 'False'
[0.556s] Level 5:colcon.colcon_core.verb:set package 'bluerov2_bringup' build argument 'cmake_force_configure' from command line to 'False'
[0.556s] Level 5:colcon.colcon_core.verb:set package 'bluerov2_bringup' build argument 'ament_cmake_args' from command line to 'None'
[0.556s] Level 5:colcon.colcon_core.verb:set package 'bluerov2_bringup' build argument 'catkin_cmake_args' from command line to 'None'
[0.556s] Level 5:colcon.colcon_core.verb:set package 'bluerov2_bringup' build argument 'catkin_skip_building_tests' from command line to 'False'
[0.556s] DEBUG:colcon.colcon_core.verb:Building package 'bluerov2_bringup' with the following arguments: {'ament_cmake_args': None, 'build_base': '/home/akshat/ROS-Humble-BlueRov2-Driver/build/bluerov2_bringup', 'catkin_cmake_args': None, 'catkin_skip_building_tests': False, 'cmake_args': None, 'cmake_clean_cache': False, 'cmake_clean_first': False, 'cmake_force_configure': False, 'cmake_target': None, 'cmake_target_skip_unavailable': False, 'install_base': '/home/akshat/ROS-Humble-BlueRov2-Driver/install/bluerov2_bringup', 'merge_install': False, 'path': '/home/akshat/ROS-Humble-BlueRov2-Driver/src/bluerov2_bringup', 'symlink_install': False, 'test_result_base': None}
[0.556s] INFO:colcon.colcon_core.executor:Executing jobs using 'parallel' executor
[0.557s] DEBUG:colcon.colcon_parallel_executor.executor.parallel:run_until_complete
[0.557s] INFO:colcon.colcon_ros.task.ament_cmake.build:Building ROS package in '/home/akshat/ROS-Humble-BlueRov2-Driver/src/bluerov2_interfaces' with build type 'ament_cmake'
[0.558s] INFO:colcon.colcon_cmake.task.cmake.build:Building CMake package in '/home/akshat/ROS-Humble-BlueRov2-Driver/src/bluerov2_interfaces'
[0.562s] INFO:colcon.colcon_core.plugin_system:Skipping extension 'colcon_core.shell.bat': Not used on non-Windows systems
[0.562s] INFO:colcon.colcon_core.shell:Skip shell extension 'powershell' for command environment: Not usable outside of PowerShell
[0.563s] DEBUG:colcon.colcon_core.shell:Skip shell extension 'dsv' for command environment
[0.573s] INFO:colcon.colcon_ros.task.ament_cmake.build:Building ROS package in '/home/akshat/ROS-Humble-BlueRov2-Driver/src/tritech_micron_interfaces' with build type 'ament_cmake'
[0.573s] INFO:colcon.colcon_cmake.task.cmake.build:Building CMake package in '/home/akshat/ROS-Humble-BlueRov2-Driver/src/tritech_micron_interfaces'
[0.573s] INFO:colcon.colcon_core.shell:Skip shell extension 'powershell' for command environment: Not usable outside of PowerShell
[0.573s] DEBUG:colcon.colcon_core.shell:Skip shell extension 'dsv' for command environment
[0.587s] DEBUG:colcon.colcon_core.event_handler.log_command:Invoking command in '/home/akshat/ROS-Humble-BlueRov2-Driver/build/bluerov2_interfaces': CMAKE_PREFIX_PATH=${CMAKE_PREFIX_PATH}:/home/akshat/my_ros2_ws/install/ur_custom_control:/home/akshat/simulation_ws/install/py_trees_ros_viewer:/home/akshat/simulation_ws/install/blue_localization:/home/akshat/simulation_ws/install/angler_utils:/home/akshat/simulation_ws/install/angler_planning:/home/akshat/simulation_ws/install/angler_mux:/home/akshat/simulation_ws/install/angler_kinematics:/home/akshat/simulation_ws/install/angler_control:/home/akshat/simulation_ws/install/angler_behaviors:/home/akshat/tele_ws/install/ros_tcp_endpoint:/home/akshat/tele_ws/install/bluerov_grasp:/home/akshat/tele_ws/install/autonomous_rov:/home/akshat/Documents/GitHub/SJO038/turtlebot3_ws/install/turtlebot3_teleop:/home/akshat/Documents/GitHub/SJO038/turtlebot3_ws/install/turtlebot3_example:/opt/ros/humble /usr/bin/cmake /home/akshat/ROS-Humble-BlueRov2-Driver/src/bluerov2_interfaces -DCMAKE_INSTALL_PREFIX=/home/akshat/ROS-Humble-BlueRov2-Driver/install/bluerov2_interfaces
[0.592s] DEBUG:colcon.colcon_core.event_handler.log_command:Invoking command in '/home/akshat/ROS-Humble-BlueRov2-Driver/build/tritech_micron_interfaces': CMAKE_PREFIX_PATH=${CMAKE_PREFIX_PATH}:/home/akshat/my_ros2_ws/install/ur_custom_control:/home/akshat/simulation_ws/install/py_trees_ros_viewer:/home/akshat/simulation_ws/install/blue_localization:/home/akshat/simulation_ws/install/angler_utils:/home/akshat/simulation_ws/install/angler_planning:/home/akshat/simulation_ws/install/angler_mux:/home/akshat/simulation_ws/install/angler_kinematics:/home/akshat/simulation_ws/install/angler_control:/home/akshat/simulation_ws/install/angler_behaviors:/home/akshat/tele_ws/install/ros_tcp_endpoint:/home/akshat/tele_ws/install/bluerov_grasp:/home/akshat/tele_ws/install/autonomous_rov:/home/akshat/Documents/GitHub/SJO038/turtlebot3_ws/install/turtlebot3_teleop:/home/akshat/Documents/GitHub/SJO038/turtlebot3_ws/install/turtlebot3_example:/opt/ros/humble /usr/bin/cmake /home/akshat/ROS-Humble-BlueRov2-Driver/src/tritech_micron_interfaces -DCMAKE_INSTALL_PREFIX=/home/akshat/ROS-Humble-BlueRov2-Driver/install/tritech_micron_interfaces
[2.919s] DEBUG:colcon.colcon_core.event_handler.log_command:Invoked command in '/home/akshat/ROS-Humble-BlueRov2-Driver/build/bluerov2_interfaces' returned '0': CMAKE_PREFIX_PATH=${CMAKE_PREFIX_PATH}:/home/akshat/my_ros2_ws/install/ur_custom_control:/home/akshat/simulation_ws/install/py_trees_ros_viewer:/home/akshat/simulation_ws/install/blue_localization:/home/akshat/simulation_ws/install/angler_utils:/home/akshat/simulation_ws/install/angler_planning:/home/akshat/simulation_ws/install/angler_mux:/home/akshat/simulation_ws/install/angler_kinematics:/home/akshat/simulation_ws/install/angler_control:/home/akshat/simulation_ws/install/angler_behaviors:/home/akshat/tele_ws/install/ros_tcp_endpoint:/home/akshat/tele_ws/install/bluerov_grasp:/home/akshat/tele_ws/install/autonomous_rov:/home/akshat/Documents/GitHub/SJO038/turtlebot3_ws/install/turtlebot3_teleop:/home/akshat/Documents/GitHub/SJO038/turtlebot3_ws/install/turtlebot3_example:/opt/ros/humble /usr/bin/cmake /home/akshat/ROS-Humble-BlueRov2-Driver/src/bluerov2_interfaces -DCMAKE_INSTALL_PREFIX=/home/akshat/ROS-Humble-BlueRov2-Driver/install/bluerov2_interfaces
[2.922s] DEBUG:colcon.colcon_core.event_handler.log_command:Invoking command in '/home/akshat/ROS-Humble-BlueRov2-Driver/build/bluerov2_interfaces': CMAKE_PREFIX_PATH=${CMAKE_PREFIX_PATH}:/home/akshat/my_ros2_ws/install/ur_custom_control:/home/akshat/simulation_ws/install/py_trees_ros_viewer:/home/akshat/simulation_ws/install/blue_localization:/home/akshat/simulation_ws/install/angler_utils:/home/akshat/simulation_ws/install/angler_planning:/home/akshat/simulation_ws/install/angler_mux:/home/akshat/simulation_ws/install/angler_kinematics:/home/akshat/simulation_ws/install/angler_control:/home/akshat/simulation_ws/install/angler_behaviors:/home/akshat/tele_ws/install/ros_tcp_endpoint:/home/akshat/tele_ws/install/bluerov_grasp:/home/akshat/tele_ws/install/autonomous_rov:/home/akshat/Documents/GitHub/SJO038/turtlebot3_ws/install/turtlebot3_teleop:/home/akshat/Documents/GitHub/SJO038/turtlebot3_ws/install/turtlebot3_example:/opt/ros/humble /usr/bin/cmake --build /home/akshat/ROS-Humble-BlueRov2-Driver/build/bluerov2_interfaces -- -j16 -l16
[3.089s] DEBUG:colcon.colcon_core.event_handler.log_command:Invoked command in '/home/akshat/ROS-Humble-BlueRov2-Driver/build/tritech_micron_interfaces' returned '0': CMAKE_PREFIX_PATH=${CMAKE_PREFIX_PATH}:/home/akshat/my_ros2_ws/install/ur_custom_control:/home/akshat/simulation_ws/install/py_trees_ros_viewer:/home/akshat/simulation_ws/install/blue_localization:/home/akshat/simulation_ws/install/angler_utils:/home/akshat/simulation_ws/install/angler_planning:/home/akshat/simulation_ws/install/angler_mux:/home/akshat/simulation_ws/install/angler_kinematics:/home/akshat/simulation_ws/install/angler_control:/home/akshat/simulation_ws/install/angler_behaviors:/home/akshat/tele_ws/install/ros_tcp_endpoint:/home/akshat/tele_ws/install/bluerov_grasp:/home/akshat/tele_ws/install/autonomous_rov:/home/akshat/Documents/GitHub/SJO038/turtlebot3_ws/install/turtlebot3_teleop:/home/akshat/Documents/GitHub/SJO038/turtlebot3_ws/install/turtlebot3_example:/opt/ros/humble /usr/bin/cmake /home/akshat/ROS-Humble-BlueRov2-Driver/src/tritech_micron_interfaces -DCMAKE_INSTALL_PREFIX=/home/akshat/ROS-Humble-BlueRov2-Driver/install/tritech_micron_interfaces
[3.091s] DEBUG:colcon.colcon_core.event_handler.log_command:Invoking command in '/home/akshat/ROS-Humble-BlueRov2-Driver/build/tritech_micron_interfaces': CMAKE_PREFIX_PATH=${CMAKE_PREFIX_PATH}:/home/akshat/my_ros2_ws/install/ur_custom_control:/home/akshat/simulation_ws/install/py_trees_ros_viewer:/home/akshat/simulation_ws/install/blue_localization:/home/akshat/simulation_ws/install/angler_utils:/home/akshat/simulation_ws/install/angler_planning:/home/akshat/simulation_ws/install/angler_mux:/home/akshat/simulation_ws/install/angler_kinematics:/home/akshat/simulation_ws/install/angler_control:/home/akshat/simulation_ws/install/angler_behaviors:/home/akshat/tele_ws/install/ros_tcp_endpoint:/home/akshat/tele_ws/install/bluerov_grasp:/home/akshat/tele_ws/install/autonomous_rov:/home/akshat/Documents/GitHub/SJO038/turtlebot3_ws/install/turtlebot3_teleop:/home/akshat/Documents/GitHub/SJO038/turtlebot3_ws/install/turtlebot3_example:/opt/ros/humble /usr/bin/cmake --build /home/akshat/ROS-Humble-BlueRov2-Driver/build/tritech_micron_interfaces -- -j16 -l16
[6.025s] DEBUG:colcon.colcon_core.event_handler.log_command:Invoked command in '/home/akshat/ROS-Humble-BlueRov2-Driver/build/bluerov2_interfaces' returned '0': CMAKE_PREFIX_PATH=${CMAKE_PREFIX_PATH}:/home/akshat/my_ros2_ws/install/ur_custom_control:/home/akshat/simulation_ws/install/py_trees_ros_viewer:/home/akshat/simulation_ws/install/blue_localization:/home/akshat/simulation_ws/install/angler_utils:/home/akshat/simulation_ws/install/angler_planning:/home/akshat/simulation_ws/install/angler_mux:/home/akshat/simulation_ws/install/angler_kinematics:/home/akshat/simulation_ws/install/angler_control:/home/akshat/simulation_ws/install/angler_behaviors:/home/akshat/tele_ws/install/ros_tcp_endpoint:/home/akshat/tele_ws/install/bluerov_grasp:/home/akshat/tele_ws/install/autonomous_rov:/home/akshat/Documents/GitHub/SJO038/turtlebot3_ws/install/turtlebot3_teleop:/home/akshat/Documents/GitHub/SJO038/turtlebot3_ws/install/turtlebot3_example:/opt/ros/humble /usr/bin/cmake --build /home/akshat/ROS-Humble-BlueRov2-Driver/build/bluerov2_interfaces -- -j16 -l16
[6.045s] DEBUG:colcon.colcon_core.event_handler.log_command:Invoked command in '/home/akshat/ROS-Humble-BlueRov2-Driver/build/tritech_micron_interfaces' returned '0': CMAKE_PREFIX_PATH=${CMAKE_PREFIX_PATH}:/home/akshat/my_ros2_ws/install/ur_custom_control:/home/akshat/simulation_ws/install/py_trees_ros_viewer:/home/akshat/simulation_ws/install/blue_localization:/home/akshat/simulation_ws/install/angler_utils:/home/akshat/simulation_ws/install/angler_planning:/home/akshat/simulation_ws/install/angler_mux:/home/akshat/simulation_ws/install/angler_kinematics:/home/akshat/simulation_ws/install/angler_control:/home/akshat/simulation_ws/install/angler_behaviors:/home/akshat/tele_ws/install/ros_tcp_endpoint:/home/akshat/tele_ws/install/bluerov_grasp:/home/akshat/tele_ws/install/autonomous_rov:/home/akshat/Documents/GitHub/SJO038/turtlebot3_ws/install/turtlebot3_teleop:/home/akshat/Documents/GitHub/SJO038/turtlebot3_ws/install/turtlebot3_example:/opt/ros/humble /usr/bin/cmake --build /home/akshat/ROS-Humble-BlueRov2-Driver/build/tritech_micron_interfaces -- -j16 -l16
[6.156s] DEBUG:colcon.colcon_core.event_handler.log_command:Invoking command in '/home/akshat/ROS-Humble-BlueRov2-Driver/build/tritech_micron_interfaces': CMAKE_PREFIX_PATH=${CMAKE_PREFIX_PATH}:/home/akshat/my_ros2_ws/install/ur_custom_control:/home/akshat/simulation_ws/install/py_trees_ros_viewer:/home/akshat/simulation_ws/install/blue_localization:/home/akshat/simulation_ws/install/angler_utils:/home/akshat/simulation_ws/install/angler_planning:/home/akshat/simulation_ws/install/angler_mux:/home/akshat/simulation_ws/install/angler_kinematics:/home/akshat/simulation_ws/install/angler_control:/home/akshat/simulation_ws/install/angler_behaviors:/home/akshat/tele_ws/install/ros_tcp_endpoint:/home/akshat/tele_ws/install/bluerov_grasp:/home/akshat/tele_ws/install/autonomous_rov:/home/akshat/Documents/GitHub/SJO038/turtlebot3_ws/install/turtlebot3_teleop:/home/akshat/Documents/GitHub/SJO038/turtlebot3_ws/install/turtlebot3_example:/opt/ros/humble /usr/bin/cmake --install /home/akshat/ROS-Humble-BlueRov2-Driver/build/tritech_micron_interfaces
[6.190s] DEBUG:colcon.colcon_core.event_handler.log_command:Invoking command in '/home/akshat/ROS-Humble-BlueRov2-Driver/build/bluerov2_interfaces': CMAKE_PREFIX_PATH=${CMAKE_PREFIX_PATH}:/home/akshat/my_ros2_ws/install/ur_custom_control:/home/akshat/simulation_ws/install/py_trees_ros_viewer:/home/akshat/simulation_ws/install/blue_localization:/home/akshat/simulation_ws/install/angler_utils:/home/akshat/simulation_ws/install/angler_planning:/home/akshat/simulation_ws/install/angler_mux:/home/akshat/simulation_ws/install/angler_kinematics:/home/akshat/simulation_ws/install/angler_control:/home/akshat/simulation_ws/install/angler_behaviors:/home/akshat/tele_ws/install/ros_tcp_endpoint:/home/akshat/tele_ws/install/bluerov_grasp:/home/akshat/tele_ws/install/autonomous_rov:/home/akshat/Documents/GitHub/SJO038/turtlebot3_ws/install/turtlebot3_teleop:/home/akshat/Documents/GitHub/SJO038/turtlebot3_ws/install/turtlebot3_example:/opt/ros/humble /usr/bin/cmake --install /home/akshat/ROS-Humble-BlueRov2-Driver/build/bluerov2_interfaces
[6.249s] Level 1:colcon.colcon_core.environment:create_environment_scripts_only(tritech_micron_interfaces)
[6.250s] DEBUG:colcon.colcon_core.event_handler.log_command:Invoked command in '/home/akshat/ROS-Humble-BlueRov2-Driver/build/tritech_micron_interfaces' returned '0': CMAKE_PREFIX_PATH=${CMAKE_PREFIX_PATH}:/home/akshat/my_ros2_ws/install/ur_custom_control:/home/akshat/simulation_ws/install/py_trees_ros_viewer:/home/akshat/simulation_ws/install/blue_localization:/home/akshat/simulation_ws/install/angler_utils:/home/akshat/simulation_ws/install/angler_planning:/home/akshat/simulation_ws/install/angler_mux:/home/akshat/simulation_ws/install/angler_kinematics:/home/akshat/simulation_ws/install/angler_control:/home/akshat/simulation_ws/install/angler_behaviors:/home/akshat/tele_ws/install/ros_tcp_endpoint:/home/akshat/tele_ws/install/bluerov_grasp:/home/akshat/tele_ws/install/autonomous_rov:/home/akshat/Documents/GitHub/SJO038/turtlebot3_ws/install/turtlebot3_teleop:/home/akshat/Documents/GitHub/SJO038/turtlebot3_ws/install/turtlebot3_example:/opt/ros/humble /usr/bin/cmake --install /home/akshat/ROS-Humble-BlueRov2-Driver/build/tritech_micron_interfaces
[6.266s] Level 1:colcon.colcon_core.environment:checking '/home/akshat/ROS-Humble-BlueRov2-Driver/install/tritech_micron_interfaces' for CMake module files
[6.266s] Level 1:colcon.colcon_core.environment:checking '/home/akshat/ROS-Humble-BlueRov2-Driver/install/tritech_micron_interfaces' for CMake config files
[6.267s] Level 1:colcon.colcon_core.shell:create_environment_hook('tritech_micron_interfaces', 'cmake_prefix_path')
[6.267s] INFO:colcon.colcon_core.shell:Creating environment hook '/home/akshat/ROS-Humble-BlueRov2-Driver/install/tritech_micron_interfaces/share/tritech_micron_interfaces/hook/cmake_prefix_path.ps1'
[6.268s] INFO:colcon.colcon_core.shell:Creating environment descriptor '/home/akshat/ROS-Humble-BlueRov2-Driver/install/tritech_micron_interfaces/share/tritech_micron_interfaces/hook/cmake_prefix_path.dsv'
[6.268s] INFO:colcon.colcon_core.shell:Creating environment hook '/home/akshat/ROS-Humble-BlueRov2-Driver/install/tritech_micron_interfaces/share/tritech_micron_interfaces/hook/cmake_prefix_path.sh'
[6.269s] Level 1:colcon.colcon_core.environment:checking '/home/akshat/ROS-Humble-BlueRov2-Driver/install/tritech_micron_interfaces/lib'
[6.269s] Level 1:colcon.colcon_core.shell:create_environment_hook('tritech_micron_interfaces', 'ld_library_path_lib')
[6.270s] INFO:colcon.colcon_core.shell:Creating environment hook '/home/akshat/ROS-Humble-BlueRov2-Driver/install/tritech_micron_interfaces/share/tritech_micron_interfaces/hook/ld_library_path_lib.ps1'
[6.271s] INFO:colcon.colcon_core.shell:Creating environment descriptor '/home/akshat/ROS-Humble-BlueRov2-Driver/install/tritech_micron_interfaces/share/tritech_micron_interfaces/hook/ld_library_path_lib.dsv'
[6.272s] INFO:colcon.colcon_core.shell:Creating environment hook '/home/akshat/ROS-Humble-BlueRov2-Driver/install/tritech_micron_interfaces/share/tritech_micron_interfaces/hook/ld_library_path_lib.sh'
[6.272s] Level 1:colcon.colcon_core.environment:checking '/home/akshat/ROS-Humble-BlueRov2-Driver/install/tritech_micron_interfaces/bin'
[6.272s] Level 1:colcon.colcon_core.environment:checking '/home/akshat/ROS-Humble-BlueRov2-Driver/install/tritech_micron_interfaces/lib/pkgconfig/tritech_micron_interfaces.pc'
[6.272s] Level 1:colcon.colcon_core.environment:checking '/home/akshat/ROS-Humble-BlueRov2-Driver/install/tritech_micron_interfaces/lib/python3.10/site-packages'
[6.273s] Level 1:colcon.colcon_core.environment:checking '/home/akshat/ROS-Humble-BlueRov2-Driver/install/tritech_micron_interfaces/bin'
[6.273s] INFO:colcon.colcon_core.shell:Creating package script '/home/akshat/ROS-Humble-BlueRov2-Driver/install/tritech_micron_interfaces/share/tritech_micron_interfaces/package.ps1'
[6.274s] INFO:colcon.colcon_core.shell:Creating package descriptor '/home/akshat/ROS-Humble-BlueRov2-Driver/install/tritech_micron_interfaces/share/tritech_micron_interfaces/package.dsv'
[6.275s] INFO:colcon.colcon_core.shell:Creating package script '/home/akshat/ROS-Humble-BlueRov2-Driver/install/tritech_micron_interfaces/share/tritech_micron_interfaces/package.sh'
[6.276s] INFO:colcon.colcon_core.shell:Creating package script '/home/akshat/ROS-Humble-BlueRov2-Driver/install/tritech_micron_interfaces/share/tritech_micron_interfaces/package.bash'
[6.277s] INFO:colcon.colcon_core.shell:Creating package script '/home/akshat/ROS-Humble-BlueRov2-Driver/install/tritech_micron_interfaces/share/tritech_micron_interfaces/package.zsh'
[6.279s] Level 1:colcon.colcon_core.environment:create_file_with_runtime_dependencies(/home/akshat/ROS-Humble-BlueRov2-Driver/install/tritech_micron_interfaces/share/colcon-core/packages/tritech_micron_interfaces)
[6.291s] Level 1:colcon.colcon_core.environment:create_environment_scripts_only(bluerov2_interfaces)
[6.292s] Level 1:colcon.colcon_core.environment:checking '/home/akshat/ROS-Humble-BlueRov2-Driver/install/bluerov2_interfaces' for CMake module files
[6.292s] DEBUG:colcon.colcon_core.event_handler.log_command:Invoked command in '/home/akshat/ROS-Humble-BlueRov2-Driver/build/bluerov2_interfaces' returned '0': CMAKE_PREFIX_PATH=${CMAKE_PREFIX_PATH}:/home/akshat/my_ros2_ws/install/ur_custom_control:/home/akshat/simulation_ws/install/py_trees_ros_viewer:/home/akshat/simulation_ws/install/blue_localization:/home/akshat/simulation_ws/install/angler_utils:/home/akshat/simulation_ws/install/angler_planning:/home/akshat/simulation_ws/install/angler_mux:/home/akshat/simulation_ws/install/angler_kinematics:/home/akshat/simulation_ws/install/angler_control:/home/akshat/simulation_ws/install/angler_behaviors:/home/akshat/tele_ws/install/ros_tcp_endpoint:/home/akshat/tele_ws/install/bluerov_grasp:/home/akshat/tele_ws/install/autonomous_rov:/home/akshat/Documents/GitHub/SJO038/turtlebot3_ws/install/turtlebot3_teleop:/home/akshat/Documents/GitHub/SJO038/turtlebot3_ws/install/turtlebot3_example:/opt/ros/humble /usr/bin/cmake --install /home/akshat/ROS-Humble-BlueRov2-Driver/build/bluerov2_interfaces
[6.293s] Level 1:colcon.colcon_core.environment:checking '/home/akshat/ROS-Humble-BlueRov2-Driver/install/bluerov2_interfaces' for CMake config files
[6.293s] Level 1:colcon.colcon_core.shell:create_environment_hook('bluerov2_interfaces', 'cmake_prefix_path')
[6.294s] INFO:colcon.colcon_core.shell:Creating environment hook '/home/akshat/ROS-Humble-BlueRov2-Driver/install/bluerov2_interfaces/share/bluerov2_interfaces/hook/cmake_prefix_path.ps1'
[6.294s] INFO:colcon.colcon_core.shell:Creating environment descriptor '/home/akshat/ROS-Humble-BlueRov2-Driver/install/bluerov2_interfaces/share/bluerov2_interfaces/hook/cmake_prefix_path.dsv'
[6.294s] INFO:colcon.colcon_core.shell:Creating environment hook '/home/akshat/ROS-Humble-BlueRov2-Driver/install/bluerov2_interfaces/share/bluerov2_interfaces/hook/cmake_prefix_path.sh'
[6.295s] Level 1:colcon.colcon_core.environment:checking '/home/akshat/ROS-Humble-BlueRov2-Driver/install/bluerov2_interfaces/lib'
[6.295s] Level 1:colcon.colcon_core.shell:create_environment_hook('bluerov2_interfaces', 'ld_library_path_lib')
[6.295s] INFO:colcon.colcon_core.shell:Creating environment hook '/home/akshat/ROS-Humble-BlueRov2-Driver/install/bluerov2_interfaces/share/bluerov2_interfaces/hook/ld_library_path_lib.ps1'
[6.296s] INFO:colcon.colcon_core.shell:Creating environment descriptor '/home/akshat/ROS-Humble-BlueRov2-Driver/install/bluerov2_interfaces/share/bluerov2_interfaces/hook/ld_library_path_lib.dsv'
[6.296s] INFO:colcon.colcon_core.shell:Creating environment hook '/home/akshat/ROS-Humble-BlueRov2-Driver/install/bluerov2_interfaces/share/bluerov2_interfaces/hook/ld_library_path_lib.sh'
[6.297s] Level 1:colcon.colcon_core.environment:checking '/home/akshat/ROS-Humble-BlueRov2-Driver/install/bluerov2_interfaces/bin'
[6.297s] Level 1:colcon.colcon_core.environment:checking '/home/akshat/ROS-Humble-BlueRov2-Driver/install/bluerov2_interfaces/lib/pkgconfig/bluerov2_interfaces.pc'
[6.297s] Level 1:colcon.colcon_core.environment:checking '/home/akshat/ROS-Humble-BlueRov2-Driver/install/bluerov2_interfaces/lib/python3.10/site-packages'
[6.297s] Level 1:colcon.colcon_core.environment:checking '/home/akshat/ROS-Humble-BlueRov2-Driver/install/bluerov2_interfaces/bin'
[6.297s] INFO:colcon.colcon_core.shell:Creating package script '/home/akshat/ROS-Humble-BlueRov2-Driver/install/bluerov2_interfaces/share/bluerov2_interfaces/package.ps1'
[6.298s] INFO:colcon.colcon_core.shell:Creating package descriptor '/home/akshat/ROS-Humble-BlueRov2-Driver/install/bluerov2_interfaces/share/bluerov2_interfaces/package.dsv'
[6.298s] INFO:colcon.colcon_core.shell:Creating package script '/home/akshat/ROS-Humble-BlueRov2-Driver/install/bluerov2_interfaces/share/bluerov2_interfaces/package.sh'
[6.299s] INFO:colcon.colcon_core.shell:Creating package script '/home/akshat/ROS-Humble-BlueRov2-Driver/install/bluerov2_interfaces/share/bluerov2_interfaces/package.bash'
[6.299s] INFO:colcon.colcon_core.shell:Creating package script '/home/akshat/ROS-Humble-BlueRov2-Driver/install/bluerov2_interfaces/share/bluerov2_interfaces/package.zsh'
[6.300s] Level 1:colcon.colcon_core.environment:create_file_with_runtime_dependencies(/home/akshat/ROS-Humble-BlueRov2-Driver/install/bluerov2_interfaces/share/colcon-core/packages/bluerov2_interfaces)
[6.381s] Level 1:colcon.colcon_core.environment:create_environment_scripts_only(tritech_micron_interfaces)
[6.381s] Level 1:colcon.colcon_core.environment:checking '/home/akshat/ROS-Humble-BlueRov2-Driver/install/tritech_micron_interfaces' for CMake module files
[6.382s] Level 1:colcon.colcon_core.environment:checking '/home/akshat/ROS-Humble-BlueRov2-Driver/install/tritech_micron_interfaces' for CMake config files
[6.382s] Level 1:colcon.colcon_core.shell:create_environment_hook('tritech_micron_interfaces', 'cmake_prefix_path')
[6.382s] INFO:colcon.colcon_core.shell:Creating environment hook '/home/akshat/ROS-Humble-BlueRov2-Driver/install/tritech_micron_interfaces/share/tritech_micron_interfaces/hook/cmake_prefix_path.ps1'
[6.383s] INFO:colcon.colcon_core.shell:Creating environment descriptor '/home/akshat/ROS-Humble-BlueRov2-Driver/install/tritech_micron_interfaces/share/tritech_micron_interfaces/hook/cmake_prefix_path.dsv'
[6.383s] INFO:colcon.colcon_core.shell:Creating environment hook '/home/akshat/ROS-Humble-BlueRov2-Driver/install/tritech_micron_interfaces/share/tritech_micron_interfaces/hook/cmake_prefix_path.sh'
[6.384s] Level 1:colcon.colcon_core.environment:checking '/home/akshat/ROS-Humble-BlueRov2-Driver/install/tritech_micron_interfaces/lib'
[6.384s] Level 1:colcon.colcon_core.shell:create_environment_hook('tritech_micron_interfaces', 'ld_library_path_lib')
[6.384s] INFO:colcon.colcon_core.shell:Creating environment hook '/home/akshat/ROS-Humble-BlueRov2-Driver/install/tritech_micron_interfaces/share/tritech_micron_interfaces/hook/ld_library_path_lib.ps1'
[6.385s] INFO:colcon.colcon_core.shell:Creating environment descriptor '/home/akshat/ROS-Humble-BlueRov2-Driver/install/tritech_micron_interfaces/share/tritech_micron_interfaces/hook/ld_library_path_lib.dsv'
[6.385s] INFO:colcon.colcon_core.shell:Creating environment hook '/home/akshat/ROS-Humble-BlueRov2-Driver/install/tritech_micron_interfaces/share/tritech_micron_interfaces/hook/ld_library_path_lib.sh'
[6.386s] Level 1:colcon.colcon_core.environment:checking '/home/akshat/ROS-Humble-BlueRov2-Driver/install/tritech_micron_interfaces/bin'
[6.386s] Level 1:colcon.colcon_core.environment:checking '/home/akshat/ROS-Humble-BlueRov2-Driver/install/tritech_micron_interfaces/lib/pkgconfig/tritech_micron_interfaces.pc'
[6.386s] Level 1:colcon.colcon_core.environment:checking '/home/akshat/ROS-Humble-BlueRov2-Driver/install/tritech_micron_interfaces/lib/python3.10/site-packages'
[6.386s] Level 1:colcon.colcon_core.environment:checking '/home/akshat/ROS-Humble-BlueRov2-Driver/install/tritech_micron_interfaces/bin'
[6.386s] INFO:colcon.colcon_core.shell:Creating package script '/home/akshat/ROS-Humble-BlueRov2-Driver/install/tritech_micron_interfaces/share/tritech_micron_interfaces/package.ps1'
[6.387s] INFO:colcon.colcon_core.shell:Creating package descriptor '/home/akshat/ROS-Humble-BlueRov2-Driver/install/tritech_micron_interfaces/share/tritech_micron_interfaces/package.dsv'
[6.388s] INFO:colcon.colcon_core.shell:Creating package script '/home/akshat/ROS-Humble-BlueRov2-Driver/install/tritech_micron_interfaces/share/tritech_micron_interfaces/package.sh'
[6.388s] INFO:colcon.colcon_core.shell:Creating package script '/home/akshat/ROS-Humble-BlueRov2-Driver/install/tritech_micron_interfaces/share/tritech_micron_interfaces/package.bash'
[6.389s] INFO:colcon.colcon_core.shell:Creating package script '/home/akshat/ROS-Humble-BlueRov2-Driver/install/tritech_micron_interfaces/share/tritech_micron_interfaces/package.zsh'
[6.389s] Level 1:colcon.colcon_core.environment:create_file_with_runtime_dependencies(/home/akshat/ROS-Humble-BlueRov2-Driver/install/tritech_micron_interfaces/share/colcon-core/packages/tritech_micron_interfaces)
[6.389s] INFO:colcon.colcon_ros.task.ament_python.build:Building ROS package in '/home/akshat/ROS-Humble-BlueRov2-Driver/src/tritech_micron' with build type 'ament_python'
[6.390s] Level 1:colcon.colcon_core.shell:create_environment_hook('tritech_micron', 'ament_prefix_path')
[6.390s] INFO:colcon.colcon_core.shell:Creating environment hook '/home/akshat/ROS-Humble-BlueRov2-Driver/install/tritech_micron/share/tritech_micron/hook/ament_prefix_path.ps1'
[6.391s] INFO:colcon.colcon_core.shell:Creating environment descriptor '/home/akshat/ROS-Humble-BlueRov2-Driver/install/tritech_micron/share/tritech_micron/hook/ament_prefix_path.dsv'
[6.391s] INFO:colcon.colcon_core.shell:Creating environment hook '/home/akshat/ROS-Humble-BlueRov2-Driver/install/tritech_micron/share/tritech_micron/hook/ament_prefix_path.sh'
[6.392s] INFO:colcon.colcon_core.shell:Skip shell extension 'powershell' for command environment: Not usable outside of PowerShell
[6.392s] DEBUG:colcon.colcon_core.shell:Skip shell extension 'dsv' for command environment
[6.755s] INFO:colcon.colcon_core.task.python.build:Building Python package in '/home/akshat/ROS-Humble-BlueRov2-Driver/src/tritech_micron'
[6.755s] INFO:colcon.colcon_core.shell:Skip shell extension 'powershell' for command environment: Not usable outside of PowerShell
[6.755s] DEBUG:colcon.colcon_core.shell:Skip shell extension 'dsv' for command environment
[6.765s] Level 1:colcon.colcon_core.environment:create_environment_scripts_only(bluerov2_interfaces)
[6.766s] Level 1:colcon.colcon_core.environment:checking '/home/akshat/ROS-Humble-BlueRov2-Driver/install/bluerov2_interfaces' for CMake module files
[6.766s] Level 1:colcon.colcon_core.environment:checking '/home/akshat/ROS-Humble-BlueRov2-Driver/install/bluerov2_interfaces' for CMake config files
[6.767s] Level 1:colcon.colcon_core.shell:create_environment_hook('bluerov2_interfaces', 'cmake_prefix_path')
[6.767s] INFO:colcon.colcon_core.shell:Creating environment hook '/home/akshat/ROS-Humble-BlueRov2-Driver/install/bluerov2_interfaces/share/bluerov2_interfaces/hook/cmake_prefix_path.ps1'
[6.767s] INFO:colcon.colcon_core.shell:Creating environment descriptor '/home/akshat/ROS-Humble-BlueRov2-Driver/install/bluerov2_interfaces/share/bluerov2_interfaces/hook/cmake_prefix_path.dsv'
[6.768s] INFO:colcon.colcon_core.shell:Creating environment hook '/home/akshat/ROS-Humble-BlueRov2-Driver/install/bluerov2_interfaces/share/bluerov2_interfaces/hook/cmake_prefix_path.sh'
[6.768s] Level 1:colcon.colcon_core.environment:checking '/home/akshat/ROS-Humble-BlueRov2-Driver/install/bluerov2_interfaces/lib'
[6.768s] Level 1:colcon.colcon_core.shell:create_environment_hook('bluerov2_interfaces', 'ld_library_path_lib')
[6.769s] INFO:colcon.colcon_core.shell:Creating environment hook '/home/akshat/ROS-Humble-BlueRov2-Driver/install/bluerov2_interfaces/share/bluerov2_interfaces/hook/ld_library_path_lib.ps1'
[6.769s] INFO:colcon.colcon_core.shell:Creating environment descriptor '/home/akshat/ROS-Humble-BlueRov2-Driver/install/bluerov2_interfaces/share/bluerov2_interfaces/hook/ld_library_path_lib.dsv'
[6.769s] INFO:colcon.colcon_core.shell:Creating environment hook '/home/akshat/ROS-Humble-BlueRov2-Driver/install/bluerov2_interfaces/share/bluerov2_interfaces/hook/ld_library_path_lib.sh'
[6.770s] Level 1:colcon.colcon_core.environment:checking '/home/akshat/ROS-Humble-BlueRov2-Driver/install/bluerov2_interfaces/bin'
[6.770s] Level 1:colcon.colcon_core.environment:checking '/home/akshat/ROS-Humble-BlueRov2-Driver/install/bluerov2_interfaces/lib/pkgconfig/bluerov2_interfaces.pc'
[6.770s] Level 1:colcon.colcon_core.environment:checking '/home/akshat/ROS-Humble-BlueRov2-Driver/install/bluerov2_interfaces/lib/python3.10/site-packages'
[6.770s] Level 1:colcon.colcon_core.environment:checking '/home/akshat/ROS-Humble-BlueRov2-Driver/install/bluerov2_interfaces/bin'
[6.771s] INFO:colcon.colcon_core.shell:Creating package script '/home/akshat/ROS-Humble-BlueRov2-Driver/install/bluerov2_interfaces/share/bluerov2_interfaces/package.ps1'
[6.771s] INFO:colcon.colcon_core.shell:Creating package descriptor '/home/akshat/ROS-Humble-BlueRov2-Driver/install/bluerov2_interfaces/share/bluerov2_interfaces/package.dsv'
[6.772s] INFO:colcon.colcon_core.shell:Creating package script '/home/akshat/ROS-Humble-BlueRov2-Driver/install/bluerov2_interfaces/share/bluerov2_interfaces/package.sh'
[6.772s] INFO:colcon.colcon_core.shell:Creating package script '/home/akshat/ROS-Humble-BlueRov2-Driver/install/bluerov2_interfaces/share/bluerov2_interfaces/package.bash'
[6.773s] INFO:colcon.colcon_core.shell:Creating package script '/home/akshat/ROS-Humble-BlueRov2-Driver/install/bluerov2_interfaces/share/bluerov2_interfaces/package.zsh'
[6.773s] Level 1:colcon.colcon_core.environment:create_file_with_runtime_dependencies(/home/akshat/ROS-Humble-BlueRov2-Driver/install/bluerov2_interfaces/share/colcon-core/packages/bluerov2_interfaces)
[6.774s] INFO:colcon.colcon_ros.task.ament_python.build:Building ROS package in '/home/akshat/ROS-Humble-BlueRov2-Driver/src/bluerov2_controller' with build type 'ament_python'
[6.774s] Level 1:colcon.colcon_core.shell:create_environment_hook('bluerov2_controller', 'ament_prefix_path')
[6.774s] INFO:colcon.colcon_core.shell:Creating environment hook '/home/akshat/ROS-Humble-BlueRov2-Driver/install/bluerov2_controller/share/bluerov2_controller/hook/ament_prefix_path.ps1'
[6.775s] INFO:colcon.colcon_core.shell:Creating environment descriptor '/home/akshat/ROS-Humble-BlueRov2-Driver/install/bluerov2_controller/share/bluerov2_controller/hook/ament_prefix_path.dsv'
[6.775s] INFO:colcon.colcon_core.shell:Creating environment hook '/home/akshat/ROS-Humble-BlueRov2-Driver/install/bluerov2_controller/share/bluerov2_controller/hook/ament_prefix_path.sh'
[6.776s] INFO:colcon.colcon_core.shell:Skip shell extension 'powershell' for command environment: Not usable outside of PowerShell
[6.776s] DEBUG:colcon.colcon_core.shell:Skip shell extension 'dsv' for command environment
[7.127s] INFO:colcon.colcon_core.task.python.build:Building Python package in '/home/akshat/ROS-Humble-BlueRov2-Driver/src/bluerov2_controller'
[7.127s] INFO:colcon.colcon_core.shell:Skip shell extension 'powershell' for command environment: Not usable outside of PowerShell
[7.127s] DEBUG:colcon.colcon_core.shell:Skip shell extension 'dsv' for command environment
[7.307s] DEBUG:colcon.colcon_core.event_handler.log_command:Invoking command in '/home/akshat/ROS-Humble-BlueRov2-Driver/src/tritech_micron': AMENT_PREFIX_PATH=/home/akshat/ROS-Humble-BlueRov2-Driver/install/tritech_micron_interfaces:${AMENT_PREFIX_PATH} CMAKE_PREFIX_PATH=/home/akshat/ROS-Humble-BlueRov2-Driver/install/tritech_micron_interfaces:${CMAKE_PREFIX_PATH} LD_LIBRARY_PATH=/home/akshat/ROS-Humble-BlueRov2-Driver/install/tritech_micron_interfaces/lib:${LD_LIBRARY_PATH} PYTHONPATH=/home/akshat/ROS-Humble-BlueRov2-Driver/build/tritech_micron/prefix_override:/usr/lib/python3/dist-packages/colcon_core/task/python/colcon_distutils_commands:/home/akshat/ROS-Humble-BlueRov2-Driver/install/tritech_micron/lib/python3.10/site-packages:/home/akshat/ROS-Humble-BlueRov2-Driver/install/tritech_micron_interfaces/local/lib/python3.10/dist-packages:${PYTHONPATH} /usr/bin/python3 -W ignore:setup.py install is deprecated setup.py egg_info --egg-base ../../build/tritech_micron build --build-base /home/akshat/ROS-Humble-BlueRov2-Driver/build/tritech_micron/build install --record /home/akshat/ROS-Humble-BlueRov2-Driver/build/tritech_micron/install.log --single-version-externally-managed install_data
[7.597s] DEBUG:colcon.colcon_core.event_handler.log_command:Invoking command in '/home/akshat/ROS-Humble-BlueRov2-Driver/src/bluerov2_controller': AMENT_PREFIX_PATH=/home/akshat/ROS-Humble-BlueRov2-Driver/install/bluerov2_interfaces:${AMENT_PREFIX_PATH} CMAKE_PREFIX_PATH=/home/akshat/ROS-Humble-BlueRov2-Driver/install/bluerov2_interfaces:${CMAKE_PREFIX_PATH} LD_LIBRARY_PATH=/home/akshat/ROS-Humble-BlueRov2-Driver/install/bluerov2_interfaces/lib:${LD_LIBRARY_PATH} PYTHONPATH=/home/akshat/ROS-Humble-BlueRov2-Driver/build/bluerov2_controller/prefix_override:/usr/lib/python3/dist-packages/colcon_core/task/python/colcon_distutils_commands:/home/akshat/ROS-Humble-BlueRov2-Driver/install/bluerov2_controller/lib/python3.10/site-packages:/home/akshat/ROS-Humble-BlueRov2-Driver/install/bluerov2_interfaces/local/lib/python3.10/dist-packages:${PYTHONPATH} /usr/bin/python3 -W ignore:setup.py install is deprecated setup.py egg_info --egg-base ../../build/bluerov2_controller build --build-base /home/akshat/ROS-Humble-BlueRov2-Driver/build/bluerov2_controller/build install --record /home/akshat/ROS-Humble-BlueRov2-Driver/build/bluerov2_controller/install.log --single-version-externally-managed install_data
[7.696s] Level 1:colcon.colcon_core.environment:checking '/home/akshat/ROS-Humble-BlueRov2-Driver/install/tritech_micron' for CMake module files
[7.697s] DEBUG:colcon.colcon_core.event_handler.log_command:Invoked command in '/home/akshat/ROS-Humble-BlueRov2-Driver/src/tritech_micron' returned '0': AMENT_PREFIX_PATH=/home/akshat/ROS-Humble-BlueRov2-Driver/install/tritech_micron_interfaces:${AMENT_PREFIX_PATH} CMAKE_PREFIX_PATH=/home/akshat/ROS-Humble-BlueRov2-Driver/install/tritech_micron_interfaces:${CMAKE_PREFIX_PATH} LD_LIBRARY_PATH=/home/akshat/ROS-Humble-BlueRov2-Driver/install/tritech_micron_interfaces/lib:${LD_LIBRARY_PATH} PYTHONPATH=/home/akshat/ROS-Humble-BlueRov2-Driver/build/tritech_micron/prefix_override:/usr/lib/python3/dist-packages/colcon_core/task/python/colcon_distutils_commands:/home/akshat/ROS-Humble-BlueRov2-Driver/install/tritech_micron/lib/python3.10/site-packages:/home/akshat/ROS-Humble-BlueRov2-Driver/install/tritech_micron_interfaces/local/lib/python3.10/dist-packages:${PYTHONPATH} /usr/bin/python3 -W ignore:setup.py install is deprecated setup.py egg_info --egg-base ../../build/tritech_micron build --build-base /home/akshat/ROS-Humble-BlueRov2-Driver/build/tritech_micron/build install --record /home/akshat/ROS-Humble-BlueRov2-Driver/build/tritech_micron/install.log --single-version-externally-managed install_data
[7.698s] Level 1:colcon.colcon_core.environment:checking '/home/akshat/ROS-Humble-BlueRov2-Driver/install/tritech_micron' for CMake config files
[7.698s] Level 1:colcon.colcon_core.environment:checking '/home/akshat/ROS-Humble-BlueRov2-Driver/install/tritech_micron/lib'
[7.698s] Level 1:colcon.colcon_core.environment:checking '/home/akshat/ROS-Humble-BlueRov2-Driver/install/tritech_micron/bin'
[7.698s] Level 1:colcon.colcon_core.environment:checking '/home/akshat/ROS-Humble-BlueRov2-Driver/install/tritech_micron/lib/pkgconfig/tritech_micron.pc'
[7.699s] Level 1:colcon.colcon_core.environment:checking '/home/akshat/ROS-Humble-BlueRov2-Driver/install/tritech_micron/lib/python3.10/site-packages'
[7.699s] Level 1:colcon.colcon_core.shell:create_environment_hook('tritech_micron', 'pythonpath')
[7.699s] INFO:colcon.colcon_core.shell:Creating environment hook '/home/akshat/ROS-Humble-BlueRov2-Driver/install/tritech_micron/share/tritech_micron/hook/pythonpath.ps1'
[7.699s] INFO:colcon.colcon_core.shell:Creating environment descriptor '/home/akshat/ROS-Humble-BlueRov2-Driver/install/tritech_micron/share/tritech_micron/hook/pythonpath.dsv'
[7.700s] INFO:colcon.colcon_core.shell:Creating environment hook '/home/akshat/ROS-Humble-BlueRov2-Driver/install/tritech_micron/share/tritech_micron/hook/pythonpath.sh'
[7.700s] Level 1:colcon.colcon_core.environment:checking '/home/akshat/ROS-Humble-BlueRov2-Driver/install/tritech_micron/bin'
[7.700s] Level 1:colcon.colcon_core.environment:create_environment_scripts_only(tritech_micron)
[7.701s] INFO:colcon.colcon_core.shell:Creating package script '/home/akshat/ROS-Humble-BlueRov2-Driver/install/tritech_micron/share/tritech_micron/package.ps1'
[7.701s] INFO:colcon.colcon_core.shell:Creating package descriptor '/home/akshat/ROS-Humble-BlueRov2-Driver/install/tritech_micron/share/tritech_micron/package.dsv'
[7.702s] INFO:colcon.colcon_core.shell:Creating package script '/home/akshat/ROS-Humble-BlueRov2-Driver/install/tritech_micron/share/tritech_micron/package.sh'
[7.702s] INFO:colcon.colcon_core.shell:Creating package script '/home/akshat/ROS-Humble-BlueRov2-Driver/install/tritech_micron/share/tritech_micron/package.bash'
[7.702s] INFO:colcon.colcon_core.shell:Creating package script '/home/akshat/ROS-Humble-BlueRov2-Driver/install/tritech_micron/share/tritech_micron/package.zsh'
[7.703s] Level 1:colcon.colcon_core.environment:create_file_with_runtime_dependencies(/home/akshat/ROS-Humble-BlueRov2-Driver/install/tritech_micron/share/colcon-core/packages/tritech_micron)
[7.994s] Level 1:colcon.colcon_core.environment:checking '/home/akshat/ROS-Humble-BlueRov2-Driver/install/bluerov2_controller' for CMake module files
[7.995s] DEBUG:colcon.colcon_core.event_handler.log_command:Invoked command in '/home/akshat/ROS-Humble-BlueRov2-Driver/src/bluerov2_controller' returned '0': AMENT_PREFIX_PATH=/home/akshat/ROS-Humble-BlueRov2-Driver/install/bluerov2_interfaces:${AMENT_PREFIX_PATH} CMAKE_PREFIX_PATH=/home/akshat/ROS-Humble-BlueRov2-Driver/install/bluerov2_interfaces:${CMAKE_PREFIX_PATH} LD_LIBRARY_PATH=/home/akshat/ROS-Humble-BlueRov2-Driver/install/bluerov2_interfaces/lib:${LD_LIBRARY_PATH} PYTHONPATH=/home/akshat/ROS-Humble-BlueRov2-Driver/build/bluerov2_controller/prefix_override:/usr/lib/python3/dist-packages/colcon_core/task/python/colcon_distutils_commands:/home/akshat/ROS-Humble-BlueRov2-Driver/install/bluerov2_controller/lib/python3.10/site-packages:/home/akshat/ROS-Humble-BlueRov2-Driver/install/bluerov2_interfaces/local/lib/python3.10/dist-packages:${PYTHONPATH} /usr/bin/python3 -W ignore:setup.py install is deprecated setup.py egg_info --egg-base ../../build/bluerov2_controller build --build-base /home/akshat/ROS-Humble-BlueRov2-Driver/build/bluerov2_controller/build install --record /home/akshat/ROS-Humble-BlueRov2-Driver/build/bluerov2_controller/install.log --single-version-externally-managed install_data
[7.995s] Level 1:colcon.colcon_core.environment:checking '/home/akshat/ROS-Humble-BlueRov2-Driver/install/bluerov2_controller' for CMake config files
[7.996s] Level 1:colcon.colcon_core.environment:checking '/home/akshat/ROS-Humble-BlueRov2-Driver/install/bluerov2_controller/lib'
[7.996s] Level 1:colcon.colcon_core.environment:checking '/home/akshat/ROS-Humble-BlueRov2-Driver/install/bluerov2_controller/bin'
[7.996s] Level 1:colcon.colcon_core.environment:checking '/home/akshat/ROS-Humble-BlueRov2-Driver/install/bluerov2_controller/lib/pkgconfig/bluerov2_controller.pc'
[7.996s] Level 1:colcon.colcon_core.environment:checking '/home/akshat/ROS-Humble-BlueRov2-Driver/install/bluerov2_controller/lib/python3.10/site-packages'
[7.996s] Level 1:colcon.colcon_core.shell:create_environment_hook('bluerov2_controller', 'pythonpath')
[7.997s] INFO:colcon.colcon_core.shell:Creating environment hook '/home/akshat/ROS-Humble-BlueRov2-Driver/install/bluerov2_controller/share/bluerov2_controller/hook/pythonpath.ps1'
[7.997s] INFO:colcon.colcon_core.shell:Creating environment descriptor '/home/akshat/ROS-Humble-BlueRov2-Driver/install/bluerov2_controller/share/bluerov2_controller/hook/pythonpath.dsv'
[7.998s] INFO:colcon.colcon_core.shell:Creating environment hook '/home/akshat/ROS-Humble-BlueRov2-Driver/install/bluerov2_controller/share/bluerov2_controller/hook/pythonpath.sh'
[7.998s] Level 1:colcon.colcon_core.environment:checking '/home/akshat/ROS-Humble-BlueRov2-Driver/install/bluerov2_controller/bin'
[7.998s] Level 1:colcon.colcon_core.environment:create_environment_scripts_only(bluerov2_controller)
[7.998s] INFO:colcon.colcon_core.shell:Creating package script '/home/akshat/ROS-Humble-BlueRov2-Driver/install/bluerov2_controller/share/bluerov2_controller/package.ps1'
[7.999s] INFO:colcon.colcon_core.shell:Creating package descriptor '/home/akshat/ROS-Humble-BlueRov2-Driver/install/bluerov2_controller/share/bluerov2_controller/package.dsv'
[7.999s] INFO:colcon.colcon_core.shell:Creating package script '/home/akshat/ROS-Humble-BlueRov2-Driver/install/bluerov2_controller/share/bluerov2_controller/package.sh'
[8.000s] INFO:colcon.colcon_core.shell:Creating package script '/home/akshat/ROS-Humble-BlueRov2-Driver/install/bluerov2_controller/share/bluerov2_controller/package.bash'
[8.000s] INFO:colcon.colcon_core.shell:Creating package script '/home/akshat/ROS-Humble-BlueRov2-Driver/install/bluerov2_controller/share/bluerov2_controller/package.zsh'
[8.001s] Level 1:colcon.colcon_core.environment:create_file_with_runtime_dependencies(/home/akshat/ROS-Humble-BlueRov2-Driver/install/bluerov2_controller/share/colcon-core/packages/bluerov2_controller)
[8.001s] INFO:colcon.colcon_ros.task.ament_cmake.build:Building ROS package in '/home/akshat/ROS-Humble-BlueRov2-Driver/src/bluerov2_bringup' with build type 'ament_cmake'
[8.001s] INFO:colcon.colcon_cmake.task.cmake.build:Building CMake package in '/home/akshat/ROS-Humble-BlueRov2-Driver/src/bluerov2_bringup'
[8.001s] INFO:colcon.colcon_core.shell:Skip shell extension 'powershell' for command environment: Not usable outside of PowerShell
[8.001s] DEBUG:colcon.colcon_core.shell:Skip shell extension 'dsv' for command environment
[8.023s] DEBUG:colcon.colcon_core.event_handler.log_command:Invoking command in '/home/akshat/ROS-Humble-BlueRov2-Driver/build/bluerov2_bringup': AMENT_PREFIX_PATH=/home/akshat/ROS-Humble-BlueRov2-Driver/install/bluerov2_controller:/home/akshat/ROS-Humble-BlueRov2-Driver/install/bluerov2_interfaces:${AMENT_PREFIX_PATH} CMAKE_PREFIX_PATH=/home/akshat/ROS-Humble-BlueRov2-Driver/install/bluerov2_interfaces:/home/akshat/Documents/GitHub/SJO038/ros2_ws/install/wander_and_avoid:/home/akshat/Documents/GitHub/SJO038/ros2_ws/install/sum:/home/akshat/Documents/GitHub/SJO038/ros2_ws/install/stats:/home/akshat/Documents/GitHub/SJO038/ros2_ws/install/examples:/home/akshat/simulation_ws/install/multi_turtlebot_sim:/home/akshat/simulation_ws/install/learning_tf2_cpp:/home/akshat/simulation_ws/install/blue_bringup:/home/akshat/simulation_ws/install/blue_description:/home/akshat/simulation_ws/install/blue_demos:/home/akshat/simulation_ws/install/angler_description:/home/akshat/simulation_ws/install/angler_bringup:/home/akshat/simulation_ws/install/alpha_bringup:/home/akshat/simulation_ws/install/alpha_hardware:/home/akshat/simulation_ws/install/alpha_driver:/home/akshat/simulation_ws/install/alpha_description:/home/akshat/Documents/GitHub/SJO038/tb3_ws/install/robot_trajectory:/home/akshat/Documents/GitHub/SJO038/turtlebot3_ws/install/turtlebot3:/home/akshat/Documents/GitHub/SJO038/turtlebot3_ws/install/turtlebot3_simulations:/home/akshat/Documents/GitHub/SJO038/turtlebot3_ws/install/turtlebot3_bringup:/home/akshat/Documents/GitHub/SJO038/turtlebot3_ws/install/turtlebot3_node:/home/akshat/Documents/GitHub/SJO038/turtlebot3_ws/install/turtlebot3_navigation2:/home/akshat/Documents/GitHub/SJO038/turtlebot3_ws/install/turtlebot3_fake_node:/home/akshat/Documents/GitHub/SJO038/turtlebot3_ws/install/turtlebot3_msgs:/home/akshat/Documents/GitHub/SJO038/turtlebot3_ws/install/turtlebot3_gazebo:/home/akshat/Documents/GitHub/SJO038/turtlebot3_ws/install/turtlebot3_description:/home/akshat/Documents/GitHub/SJO038/turtlebot3_ws/install/turtlebot3_cartographer:/home/akshat/Documents/GitHub/SJO038/turtlebot3_ws/install/dynamixel_sdk_examples:/home/akshat/Documents/GitHub/SJO038/turtlebot3_ws/install/dynamixel_sdk_custom_interfaces:/home/akshat/Documents/GitHub/SJO038/turtlebot3_ws/install/dynamixel_sdk:/home/akshat/my_ros2_ws/install/ur_custom_control:/home/akshat/simulation_ws/install/py_trees_ros_viewer:/home/akshat/simulation_ws/install/blue_localization:/home/akshat/simulation_ws/install/angler_utils:/home/akshat/simulation_ws/install/angler_planning:/home/akshat/simulation_ws/install/angler_mux:/home/akshat/simulation_ws/install/angler_kinematics:/home/akshat/simulation_ws/install/angler_control:/home/akshat/simulation_ws/install/angler_behaviors:/home/akshat/tele_ws/install/ros_tcp_endpoint:/home/akshat/tele_ws/install/bluerov_grasp:/home/akshat/tele_ws/install/autonomous_rov:/home/akshat/Documents/GitHub/SJO038/turtlebot3_ws/install/turtlebot3_teleop:/home/akshat/Documents/GitHub/SJO038/turtlebot3_ws/install/turtlebot3_example:/opt/ros/humble LD_LIBRARY_PATH=/home/akshat/ROS-Humble-BlueRov2-Driver/install/bluerov2_interfaces/lib:${LD_LIBRARY_PATH} PYTHONPATH=/home/akshat/ROS-Humble-BlueRov2-Driver/install/bluerov2_controller/lib/python3.10/site-packages:/home/akshat/ROS-Humble-BlueRov2-Driver/install/bluerov2_interfaces/local/lib/python3.10/dist-packages:${PYTHONPATH} /usr/bin/cmake /home/akshat/ROS-Humble-BlueRov2-Driver/src/bluerov2_bringup -DCMAKE_INSTALL_PREFIX=/home/akshat/ROS-Humble-BlueRov2-Driver/install/bluerov2_bringup
[8.893s] DEBUG:colcon.colcon_core.event_handler.log_command:Invoked command in '/home/akshat/ROS-Humble-BlueRov2-Driver/build/bluerov2_bringup' returned '0': AMENT_PREFIX_PATH=/home/akshat/ROS-Humble-BlueRov2-Driver/install/bluerov2_controller:/home/akshat/ROS-Humble-BlueRov2-Driver/install/bluerov2_interfaces:${AMENT_PREFIX_PATH} CMAKE_PREFIX_PATH=/home/akshat/ROS-Humble-BlueRov2-Driver/install/bluerov2_interfaces:/home/akshat/Documents/GitHub/SJO038/ros2_ws/install/wander_and_avoid:/home/akshat/Documents/GitHub/SJO038/ros2_ws/install/sum:/home/akshat/Documents/GitHub/SJO038/ros2_ws/install/stats:/home/akshat/Documents/GitHub/SJO038/ros2_ws/install/examples:/home/akshat/simulation_ws/install/multi_turtlebot_sim:/home/akshat/simulation_ws/install/learning_tf2_cpp:/home/akshat/simulation_ws/install/blue_bringup:/home/akshat/simulation_ws/install/blue_description:/home/akshat/simulation_ws/install/blue_demos:/home/akshat/simulation_ws/install/angler_description:/home/akshat/simulation_ws/install/angler_bringup:/home/akshat/simulation_ws/install/alpha_bringup:/home/akshat/simulation_ws/install/alpha_hardware:/home/akshat/simulation_ws/install/alpha_driver:/home/akshat/simulation_ws/install/alpha_description:/home/akshat/Documents/GitHub/SJO038/tb3_ws/install/robot_trajectory:/home/akshat/Documents/GitHub/SJO038/turtlebot3_ws/install/turtlebot3:/home/akshat/Documents/GitHub/SJO038/turtlebot3_ws/install/turtlebot3_simulations:/home/akshat/Documents/GitHub/SJO038/turtlebot3_ws/install/turtlebot3_bringup:/home/akshat/Documents/GitHub/SJO038/turtlebot3_ws/install/turtlebot3_node:/home/akshat/Documents/GitHub/SJO038/turtlebot3_ws/install/turtlebot3_navigation2:/home/akshat/Documents/GitHub/SJO038/turtlebot3_ws/install/turtlebot3_fake_node:/home/akshat/Documents/GitHub/SJO038/turtlebot3_ws/install/turtlebot3_msgs:/home/akshat/Documents/GitHub/SJO038/turtlebot3_ws/install/turtlebot3_gazebo:/home/akshat/Documents/GitHub/SJO038/turtlebot3_ws/install/turtlebot3_description:/home/akshat/Documents/GitHub/SJO038/turtlebot3_ws/install/turtlebot3_cartographer:/home/akshat/Documents/GitHub/SJO038/turtlebot3_ws/install/dynamixel_sdk_examples:/home/akshat/Documents/GitHub/SJO038/turtlebot3_ws/install/dynamixel_sdk_custom_interfaces:/home/akshat/Documents/GitHub/SJO038/turtlebot3_ws/install/dynamixel_sdk:/home/akshat/my_ros2_ws/install/ur_custom_control:/home/akshat/simulation_ws/install/py_trees_ros_viewer:/home/akshat/simulation_ws/install/blue_localization:/home/akshat/simulation_ws/install/angler_utils:/home/akshat/simulation_ws/install/angler_planning:/home/akshat/simulation_ws/install/angler_mux:/home/akshat/simulation_ws/install/angler_kinematics:/home/akshat/simulation_ws/install/angler_control:/home/akshat/simulation_ws/install/angler_behaviors:/home/akshat/tele_ws/install/ros_tcp_endpoint:/home/akshat/tele_ws/install/bluerov_grasp:/home/akshat/tele_ws/install/autonomous_rov:/home/akshat/Documents/GitHub/SJO038/turtlebot3_ws/install/turtlebot3_teleop:/home/akshat/Documents/GitHub/SJO038/turtlebot3_ws/install/turtlebot3_example:/opt/ros/humble LD_LIBRARY_PATH=/home/akshat/ROS-Humble-BlueRov2-Driver/install/bluerov2_interfaces/lib:${LD_LIBRARY_PATH} PYTHONPATH=/home/akshat/ROS-Humble-BlueRov2-Driver/install/bluerov2_controller/lib/python3.10/site-packages:/home/akshat/ROS-Humble-BlueRov2-Driver/install/bluerov2_interfaces/local/lib/python3.10/dist-packages:${PYTHONPATH} /usr/bin/cmake /home/akshat/ROS-Humble-BlueRov2-Driver/src/bluerov2_bringup -DCMAKE_INSTALL_PREFIX=/home/akshat/ROS-Humble-BlueRov2-Driver/install/bluerov2_bringup
[8.895s] DEBUG:colcon.colcon_core.event_handler.log_command:Invoking command in '/home/akshat/ROS-Humble-BlueRov2-Driver/build/bluerov2_bringup': AMENT_PREFIX_PATH=/home/akshat/ROS-Humble-BlueRov2-Driver/install/bluerov2_controller:/home/akshat/ROS-Humble-BlueRov2-Driver/install/bluerov2_interfaces:${AMENT_PREFIX_PATH} CMAKE_PREFIX_PATH=/home/akshat/ROS-Humble-BlueRov2-Driver/install/bluerov2_interfaces:/home/akshat/Documents/GitHub/SJO038/ros2_ws/install/wander_and_avoid:/home/akshat/Documents/GitHub/SJO038/ros2_ws/install/sum:/home/akshat/Documents/GitHub/SJO038/ros2_ws/install/stats:/home/akshat/Documents/GitHub/SJO038/ros2_ws/install/examples:/home/akshat/simulation_ws/install/multi_turtlebot_sim:/home/akshat/simulation_ws/install/learning_tf2_cpp:/home/akshat/simulation_ws/install/blue_bringup:/home/akshat/simulation_ws/install/blue_description:/home/akshat/simulation_ws/install/blue_demos:/home/akshat/simulation_ws/install/angler_description:/home/akshat/simulation_ws/install/angler_bringup:/home/akshat/simulation_ws/install/alpha_bringup:/home/akshat/simulation_ws/install/alpha_hardware:/home/akshat/simulation_ws/install/alpha_driver:/home/akshat/simulation_ws/install/alpha_description:/home/akshat/Documents/GitHub/SJO038/tb3_ws/install/robot_trajectory:/home/akshat/Documents/GitHub/SJO038/turtlebot3_ws/install/turtlebot3:/home/akshat/Documents/GitHub/SJO038/turtlebot3_ws/install/turtlebot3_simulations:/home/akshat/Documents/GitHub/SJO038/turtlebot3_ws/install/turtlebot3_bringup:/home/akshat/Documents/GitHub/SJO038/turtlebot3_ws/install/turtlebot3_node:/home/akshat/Documents/GitHub/SJO038/turtlebot3_ws/install/turtlebot3_navigation2:/home/akshat/Documents/GitHub/SJO038/turtlebot3_ws/install/turtlebot3_fake_node:/home/akshat/Documents/GitHub/SJO038/turtlebot3_ws/install/turtlebot3_msgs:/home/akshat/Documents/GitHub/SJO038/turtlebot3_ws/install/turtlebot3_gazebo:/home/akshat/Documents/GitHub/SJO038/turtlebot3_ws/install/turtlebot3_description:/home/akshat/Documents/GitHub/SJO038/turtlebot3_ws/install/turtlebot3_cartographer:/home/akshat/Documents/GitHub/SJO038/turtlebot3_ws/install/dynamixel_sdk_examples:/home/akshat/Documents/GitHub/SJO038/turtlebot3_ws/install/dynamixel_sdk_custom_interfaces:/home/akshat/Documents/GitHub/SJO038/turtlebot3_ws/install/dynamixel_sdk:/home/akshat/my_ros2_ws/install/ur_custom_control:/home/akshat/simulation_ws/install/py_trees_ros_viewer:/home/akshat/simulation_ws/install/blue_localization:/home/akshat/simulation_ws/install/angler_utils:/home/akshat/simulation_ws/install/angler_planning:/home/akshat/simulation_ws/install/angler_mux:/home/akshat/simulation_ws/install/angler_kinematics:/home/akshat/simulation_ws/install/angler_control:/home/akshat/simulation_ws/install/angler_behaviors:/home/akshat/tele_ws/install/ros_tcp_endpoint:/home/akshat/tele_ws/install/bluerov_grasp:/home/akshat/tele_ws/install/autonomous_rov:/home/akshat/Documents/GitHub/SJO038/turtlebot3_ws/install/turtlebot3_teleop:/home/akshat/Documents/GitHub/SJO038/turtlebot3_ws/install/turtlebot3_example:/opt/ros/humble LD_LIBRARY_PATH=/home/akshat/ROS-Humble-BlueRov2-Driver/install/bluerov2_interfaces/lib:${LD_LIBRARY_PATH} PYTHONPATH=/home/akshat/ROS-Humble-BlueRov2-Driver/install/bluerov2_controller/lib/python3.10/site-packages:/home/akshat/ROS-Humble-BlueRov2-Driver/install/bluerov2_interfaces/local/lib/python3.10/dist-packages:${PYTHONPATH} /usr/bin/cmake --build /home/akshat/ROS-Humble-BlueRov2-Driver/build/bluerov2_bringup -- -j16 -l16
[8.947s] DEBUG:colcon.colcon_core.event_handler.log_command:Invoked command in '/home/akshat/ROS-Humble-BlueRov2-Driver/build/bluerov2_bringup' returned '0': AMENT_PREFIX_PATH=/home/akshat/ROS-Humble-BlueRov2-Driver/install/bluerov2_controller:/home/akshat/ROS-Humble-BlueRov2-Driver/install/bluerov2_interfaces:${AMENT_PREFIX_PATH} CMAKE_PREFIX_PATH=/home/akshat/ROS-Humble-BlueRov2-Driver/install/bluerov2_interfaces:/home/akshat/Documents/GitHub/SJO038/ros2_ws/install/wander_and_avoid:/home/akshat/Documents/GitHub/SJO038/ros2_ws/install/sum:/home/akshat/Documents/GitHub/SJO038/ros2_ws/install/stats:/home/akshat/Documents/GitHub/SJO038/ros2_ws/install/examples:/home/akshat/simulation_ws/install/multi_turtlebot_sim:/home/akshat/simulation_ws/install/learning_tf2_cpp:/home/akshat/simulation_ws/install/blue_bringup:/home/akshat/simulation_ws/install/blue_description:/home/akshat/simulation_ws/install/blue_demos:/home/akshat/simulation_ws/install/angler_description:/home/akshat/simulation_ws/install/angler_bringup:/home/akshat/simulation_ws/install/alpha_bringup:/home/akshat/simulation_ws/install/alpha_hardware:/home/akshat/simulation_ws/install/alpha_driver:/home/akshat/simulation_ws/install/alpha_description:/home/akshat/Documents/GitHub/SJO038/tb3_ws/install/robot_trajectory:/home/akshat/Documents/GitHub/SJO038/turtlebot3_ws/install/turtlebot3:/home/akshat/Documents/GitHub/SJO038/turtlebot3_ws/install/turtlebot3_simulations:/home/akshat/Documents/GitHub/SJO038/turtlebot3_ws/install/turtlebot3_bringup:/home/akshat/Documents/GitHub/SJO038/turtlebot3_ws/install/turtlebot3_node:/home/akshat/Documents/GitHub/SJO038/turtlebot3_ws/install/turtlebot3_navigation2:/home/akshat/Documents/GitHub/SJO038/turtlebot3_ws/install/turtlebot3_fake_node:/home/akshat/Documents/GitHub/SJO038/turtlebot3_ws/install/turtlebot3_msgs:/home/akshat/Documents/GitHub/SJO038/turtlebot3_ws/install/turtlebot3_gazebo:/home/akshat/Documents/GitHub/SJO038/turtlebot3_ws/install/turtlebot3_description:/home/akshat/Documents/GitHub/SJO038/turtlebot3_ws/install/turtlebot3_cartographer:/home/akshat/Documents/GitHub/SJO038/turtlebot3_ws/install/dynamixel_sdk_examples:/home/akshat/Documents/GitHub/SJO038/turtlebot3_ws/install/dynamixel_sdk_custom_interfaces:/home/akshat/Documents/GitHub/SJO038/turtlebot3_ws/install/dynamixel_sdk:/home/akshat/my_ros2_ws/install/ur_custom_control:/home/akshat/simulation_ws/install/py_trees_ros_viewer:/home/akshat/simulation_ws/install/blue_localization:/home/akshat/simulation_ws/install/angler_utils:/home/akshat/simulation_ws/install/angler_planning:/home/akshat/simulation_ws/install/angler_mux:/home/akshat/simulation_ws/install/angler_kinematics:/home/akshat/simulation_ws/install/angler_control:/home/akshat/simulation_ws/install/angler_behaviors:/home/akshat/tele_ws/install/ros_tcp_endpoint:/home/akshat/tele_ws/install/bluerov_grasp:/home/akshat/tele_ws/install/autonomous_rov:/home/akshat/Documents/GitHub/SJO038/turtlebot3_ws/install/turtlebot3_teleop:/home/akshat/Documents/GitHub/SJO038/turtlebot3_ws/install/turtlebot3_example:/opt/ros/humble LD_LIBRARY_PATH=/home/akshat/ROS-Humble-BlueRov2-Driver/install/bluerov2_interfaces/lib:${LD_LIBRARY_PATH} PYTHONPATH=/home/akshat/ROS-Humble-BlueRov2-Driver/install/bluerov2_controller/lib/python3.10/site-packages:/home/akshat/ROS-Humble-BlueRov2-Driver/install/bluerov2_interfaces/local/lib/python3.10/dist-packages:${PYTHONPATH} /usr/bin/cmake --build /home/akshat/ROS-Humble-BlueRov2-Driver/build/bluerov2_bringup -- -j16 -l16
[8.982s] DEBUG:colcon.colcon_core.event_handler.log_command:Invoking command in '/home/akshat/ROS-Humble-BlueRov2-Driver/build/bluerov2_bringup': AMENT_PREFIX_PATH=/home/akshat/ROS-Humble-BlueRov2-Driver/install/bluerov2_controller:/home/akshat/ROS-Humble-BlueRov2-Driver/install/bluerov2_interfaces:${AMENT_PREFIX_PATH} CMAKE_PREFIX_PATH=/home/akshat/ROS-Humble-BlueRov2-Driver/install/bluerov2_interfaces:/home/akshat/Documents/GitHub/SJO038/ros2_ws/install/wander_and_avoid:/home/akshat/Documents/GitHub/SJO038/ros2_ws/install/sum:/home/akshat/Documents/GitHub/SJO038/ros2_ws/install/stats:/home/akshat/Documents/GitHub/SJO038/ros2_ws/install/examples:/home/akshat/simulation_ws/install/multi_turtlebot_sim:/home/akshat/simulation_ws/install/learning_tf2_cpp:/home/akshat/simulation_ws/install/blue_bringup:/home/akshat/simulation_ws/install/blue_description:/home/akshat/simulation_ws/install/blue_demos:/home/akshat/simulation_ws/install/angler_description:/home/akshat/simulation_ws/install/angler_bringup:/home/akshat/simulation_ws/install/alpha_bringup:/home/akshat/simulation_ws/install/alpha_hardware:/home/akshat/simulation_ws/install/alpha_driver:/home/akshat/simulation_ws/install/alpha_description:/home/akshat/Documents/GitHub/SJO038/tb3_ws/install/robot_trajectory:/home/akshat/Documents/GitHub/SJO038/turtlebot3_ws/install/turtlebot3:/home/akshat/Documents/GitHub/SJO038/turtlebot3_ws/install/turtlebot3_simulations:/home/akshat/Documents/GitHub/SJO038/turtlebot3_ws/install/turtlebot3_bringup:/home/akshat/Documents/GitHub/SJO038/turtlebot3_ws/install/turtlebot3_node:/home/akshat/Documents/GitHub/SJO038/turtlebot3_ws/install/turtlebot3_navigation2:/home/akshat/Documents/GitHub/SJO038/turtlebot3_ws/install/turtlebot3_fake_node:/home/akshat/Documents/GitHub/SJO038/turtlebot3_ws/install/turtlebot3_msgs:/home/akshat/Documents/GitHub/SJO038/turtlebot3_ws/install/turtlebot3_gazebo:/home/akshat/Documents/GitHub/SJO038/turtlebot3_ws/install/turtlebot3_description:/home/akshat/Documents/GitHub/SJO038/turtlebot3_ws/install/turtlebot3_cartographer:/home/akshat/Documents/GitHub/SJO038/turtlebot3_ws/install/dynamixel_sdk_examples:/home/akshat/Documents/GitHub/SJO038/turtlebot3_ws/install/dynamixel_sdk_custom_interfaces:/home/akshat/Documents/GitHub/SJO038/turtlebot3_ws/install/dynamixel_sdk:/home/akshat/my_ros2_ws/install/ur_custom_control:/home/akshat/simulation_ws/install/py_trees_ros_viewer:/home/akshat/simulation_ws/install/blue_localization:/home/akshat/simulation_ws/install/angler_utils:/home/akshat/simulation_ws/install/angler_planning:/home/akshat/simulation_ws/install/angler_mux:/home/akshat/simulation_ws/install/angler_kinematics:/home/akshat/simulation_ws/install/angler_control:/home/akshat/simulation_ws/install/angler_behaviors:/home/akshat/tele_ws/install/ros_tcp_endpoint:/home/akshat/tele_ws/install/bluerov_grasp:/home/akshat/tele_ws/install/autonomous_rov:/home/akshat/Documents/GitHub/SJO038/turtlebot3_ws/install/turtlebot3_teleop:/home/akshat/Documents/GitHub/SJO038/turtlebot3_ws/install/turtlebot3_example:/opt/ros/humble LD_LIBRARY_PATH=/home/akshat/ROS-Humble-BlueRov2-Driver/install/bluerov2_interfaces/lib:${LD_LIBRARY_PATH} PYTHONPATH=/home/akshat/ROS-Humble-BlueRov2-Driver/install/bluerov2_controller/lib/python3.10/site-packages:/home/akshat/ROS-Humble-BlueRov2-Driver/install/bluerov2_interfaces/local/lib/python3.10/dist-packages:${PYTHONPATH} /usr/bin/cmake --install /home/akshat/ROS-Humble-BlueRov2-Driver/build/bluerov2_bringup
[8.997s] Level 1:colcon.colcon_core.environment:create_environment_scripts_only(bluerov2_bringup)
[8.998s] Level 1:colcon.colcon_core.environment:checking '/home/akshat/ROS-Humble-BlueRov2-Driver/install/bluerov2_bringup' for CMake module files
[8.999s] DEBUG:colcon.colcon_core.event_handler.log_command:Invoked command in '/home/akshat/ROS-Humble-BlueRov2-Driver/build/bluerov2_bringup' returned '0': AMENT_PREFIX_PATH=/home/akshat/ROS-Humble-BlueRov2-Driver/install/bluerov2_controller:/home/akshat/ROS-Humble-BlueRov2-Driver/install/bluerov2_interfaces:${AMENT_PREFIX_PATH} CMAKE_PREFIX_PATH=/home/akshat/ROS-Humble-BlueRov2-Driver/install/bluerov2_interfaces:/home/akshat/Documents/GitHub/SJO038/ros2_ws/install/wander_and_avoid:/home/akshat/Documents/GitHub/SJO038/ros2_ws/install/sum:/home/akshat/Documents/GitHub/SJO038/ros2_ws/install/stats:/home/akshat/Documents/GitHub/SJO038/ros2_ws/install/examples:/home/akshat/simulation_ws/install/multi_turtlebot_sim:/home/akshat/simulation_ws/install/learning_tf2_cpp:/home/akshat/simulation_ws/install/blue_bringup:/home/akshat/simulation_ws/install/blue_description:/home/akshat/simulation_ws/install/blue_demos:/home/akshat/simulation_ws/install/angler_description:/home/akshat/simulation_ws/install/angler_bringup:/home/akshat/simulation_ws/install/alpha_bringup:/home/akshat/simulation_ws/install/alpha_hardware:/home/akshat/simulation_ws/install/alpha_driver:/home/akshat/simulation_ws/install/alpha_description:/home/akshat/Documents/GitHub/SJO038/tb3_ws/install/robot_trajectory:/home/akshat/Documents/GitHub/SJO038/turtlebot3_ws/install/turtlebot3:/home/akshat/Documents/GitHub/SJO038/turtlebot3_ws/install/turtlebot3_simulations:/home/akshat/Documents/GitHub/SJO038/turtlebot3_ws/install/turtlebot3_bringup:/home/akshat/Documents/GitHub/SJO038/turtlebot3_ws/install/turtlebot3_node:/home/akshat/Documents/GitHub/SJO038/turtlebot3_ws/install/turtlebot3_navigation2:/home/akshat/Documents/GitHub/SJO038/turtlebot3_ws/install/turtlebot3_fake_node:/home/akshat/Documents/GitHub/SJO038/turtlebot3_ws/install/turtlebot3_msgs:/home/akshat/Documents/GitHub/SJO038/turtlebot3_ws/install/turtlebot3_gazebo:/home/akshat/Documents/GitHub/SJO038/turtlebot3_ws/install/turtlebot3_description:/home/akshat/Documents/GitHub/SJO038/turtlebot3_ws/install/turtlebot3_cartographer:/home/akshat/Documents/GitHub/SJO038/turtlebot3_ws/install/dynamixel_sdk_examples:/home/akshat/Documents/GitHub/SJO038/turtlebot3_ws/install/dynamixel_sdk_custom_interfaces:/home/akshat/Documents/GitHub/SJO038/turtlebot3_ws/install/dynamixel_sdk:/home/akshat/my_ros2_ws/install/ur_custom_control:/home/akshat/simulation_ws/install/py_trees_ros_viewer:/home/akshat/simulation_ws/install/blue_localization:/home/akshat/simulation_ws/install/angler_utils:/home/akshat/simulation_ws/install/angler_planning:/home/akshat/simulation_ws/install/angler_mux:/home/akshat/simulation_ws/install/angler_kinematics:/home/akshat/simulation_ws/install/angler_control:/home/akshat/simulation_ws/install/angler_behaviors:/home/akshat/tele_ws/install/ros_tcp_endpoint:/home/akshat/tele_ws/install/bluerov_grasp:/home/akshat/tele_ws/install/autonomous_rov:/home/akshat/Documents/GitHub/SJO038/turtlebot3_ws/install/turtlebot3_teleop:/home/akshat/Documents/GitHub/SJO038/turtlebot3_ws/install/turtlebot3_example:/opt/ros/humble LD_LIBRARY_PATH=/home/akshat/ROS-Humble-BlueRov2-Driver/install/bluerov2_interfaces/lib:${LD_LIBRARY_PATH} PYTHONPATH=/home/akshat/ROS-Humble-BlueRov2-Driver/install/bluerov2_controller/lib/python3.10/site-packages:/home/akshat/ROS-Humble-BlueRov2-Driver/install/bluerov2_interfaces/local/lib/python3.10/dist-packages:${PYTHONPATH} /usr/bin/cmake --install /home/akshat/ROS-Humble-BlueRov2-Driver/build/bluerov2_bringup
[8.999s] Level 1:colcon.colcon_core.environment:checking '/home/akshat/ROS-Humble-BlueRov2-Driver/install/bluerov2_bringup' for CMake config files
[8.999s] Level 1:colcon.colcon_core.shell:create_environment_hook('bluerov2_bringup', 'cmake_prefix_path')
[8.999s] INFO:colcon.colcon_core.shell:Creating environment hook '/home/akshat/ROS-Humble-BlueRov2-Driver/install/bluerov2_bringup/share/bluerov2_bringup/hook/cmake_prefix_path.ps1'
[9.000s] INFO:colcon.colcon_core.shell:Creating environment descriptor '/home/akshat/ROS-Humble-BlueRov2-Driver/install/bluerov2_bringup/share/bluerov2_bringup/hook/cmake_prefix_path.dsv'
[9.000s] INFO:colcon.colcon_core.shell:Creating environment hook '/home/akshat/ROS-Humble-BlueRov2-Driver/install/bluerov2_bringup/share/bluerov2_bringup/hook/cmake_prefix_path.sh'
[9.001s] Level 1:colcon.colcon_core.environment:checking '/home/akshat/ROS-Humble-BlueRov2-Driver/install/bluerov2_bringup/bin'
[9.001s] Level 1:colcon.colcon_core.environment:checking '/home/akshat/ROS-Humble-BlueRov2-Driver/install/bluerov2_bringup/lib/pkgconfig/bluerov2_bringup.pc'
[9.001s] Level 1:colcon.colcon_core.environment:checking '/home/akshat/ROS-Humble-BlueRov2-Driver/install/bluerov2_bringup/lib/python3.10/site-packages'
[9.001s] Level 1:colcon.colcon_core.environment:checking '/home/akshat/ROS-Humble-BlueRov2-Driver/install/bluerov2_bringup/bin'
[9.002s] INFO:colcon.colcon_core.shell:Creating package script '/home/akshat/ROS-Humble-BlueRov2-Driver/install/bluerov2_bringup/share/bluerov2_bringup/package.ps1'
[9.002s] INFO:colcon.colcon_core.shell:Creating package descriptor '/home/akshat/ROS-Humble-BlueRov2-Driver/install/bluerov2_bringup/share/bluerov2_bringup/package.dsv'
[9.003s] INFO:colcon.colcon_core.shell:Creating package script '/home/akshat/ROS-Humble-BlueRov2-Driver/install/bluerov2_bringup/share/bluerov2_bringup/package.sh'
[9.003s] INFO:colcon.colcon_core.shell:Creating package script '/home/akshat/ROS-Humble-BlueRov2-Driver/install/bluerov2_bringup/share/bluerov2_bringup/package.bash'
[9.003s] INFO:colcon.colcon_core.shell:Creating package script '/home/akshat/ROS-Humble-BlueRov2-Driver/install/bluerov2_bringup/share/bluerov2_bringup/package.zsh'
[9.004s] Level 1:colcon.colcon_core.environment:create_file_with_runtime_dependencies(/home/akshat/ROS-Humble-BlueRov2-Driver/install/bluerov2_bringup/share/colcon-core/packages/bluerov2_bringup)
[9.038s] Level 1:colcon.colcon_core.environment:create_environment_scripts_only(bluerov2_bringup)
[9.038s] Level 1:colcon.colcon_core.environment:checking '/home/akshat/ROS-Humble-BlueRov2-Driver/install/bluerov2_bringup' for CMake module files
[9.039s] Level 1:colcon.colcon_core.environment:checking '/home/akshat/ROS-Humble-BlueRov2-Driver/install/bluerov2_bringup' for CMake config files
[9.039s] Level 1:colcon.colcon_core.shell:create_environment_hook('bluerov2_bringup', 'cmake_prefix_path')
[9.039s] INFO:colcon.colcon_core.shell:Creating environment hook '/home/akshat/ROS-Humble-BlueRov2-Driver/install/bluerov2_bringup/share/bluerov2_bringup/hook/cmake_prefix_path.ps1'
[9.040s] INFO:colcon.colcon_core.shell:Creating environment descriptor '/home/akshat/ROS-Humble-BlueRov2-Driver/install/bluerov2_bringup/share/bluerov2_bringup/hook/cmake_prefix_path.dsv'
[9.040s] INFO:colcon.colcon_core.shell:Creating environment hook '/home/akshat/ROS-Humble-BlueRov2-Driver/install/bluerov2_bringup/share/bluerov2_bringup/hook/cmake_prefix_path.sh'
[9.041s] Level 1:colcon.colcon_core.environment:checking '/home/akshat/ROS-Humble-BlueRov2-Driver/install/bluerov2_bringup/bin'
[9.041s] Level 1:colcon.colcon_core.environment:checking '/home/akshat/ROS-Humble-BlueRov2-Driver/install/bluerov2_bringup/lib/pkgconfig/bluerov2_bringup.pc'
[9.041s] Level 1:colcon.colcon_core.environment:checking '/home/akshat/ROS-Humble-BlueRov2-Driver/install/bluerov2_bringup/lib/python3.10/site-packages'
[9.041s] Level 1:colcon.colcon_core.environment:checking '/home/akshat/ROS-Humble-BlueRov2-Driver/install/bluerov2_bringup/bin'
[9.042s] INFO:colcon.colcon_core.shell:Creating package script '/home/akshat/ROS-Humble-BlueRov2-Driver/install/bluerov2_bringup/share/bluerov2_bringup/package.ps1'
[9.042s] INFO:colcon.colcon_core.shell:Creating package descriptor '/home/akshat/ROS-Humble-BlueRov2-Driver/install/bluerov2_bringup/share/bluerov2_bringup/package.dsv'
[9.043s] INFO:colcon.colcon_core.shell:Creating package script '/home/akshat/ROS-Humble-BlueRov2-Driver/install/bluerov2_bringup/share/bluerov2_bringup/package.sh'
[9.043s] INFO:colcon.colcon_core.shell:Creating package script '/home/akshat/ROS-Humble-BlueRov2-Driver/install/bluerov2_bringup/share/bluerov2_bringup/package.bash'
[9.044s] INFO:colcon.colcon_core.shell:Creating package script '/home/akshat/ROS-Humble-BlueRov2-Driver/install/bluerov2_bringup/share/bluerov2_bringup/package.zsh'
[9.044s] Level 1:colcon.colcon_core.environment:create_file_with_runtime_dependencies(/home/akshat/ROS-Humble-BlueRov2-Driver/install/bluerov2_bringup/share/colcon-core/packages/bluerov2_bringup)
[9.045s] DEBUG:colcon.colcon_parallel_executor.executor.parallel:closing loop
[9.045s] DEBUG:colcon.colcon_parallel_executor.executor.parallel:loop closed
[9.045s] DEBUG:colcon.colcon_parallel_executor.executor.parallel:run_until_complete finished with '0'
[9.045s] DEBUG:colcon.colcon_core.event_reactor:joining thread
[9.053s] INFO:colcon.colcon_core.plugin_system:Skipping extension 'colcon_notification.desktop_notification.terminal_notifier': Not used on non-Darwin systems
[9.053s] INFO:colcon.colcon_core.plugin_system:Skipping extension 'colcon_notification.desktop_notification.win32': Not used on non-Windows systems
[9.053s] INFO:colcon.colcon_notification.desktop_notification:Sending desktop notification using 'notify2'
[9.072s] DEBUG:colcon.colcon_core.event_reactor:joined thread
[9.073s] INFO:colcon.colcon_core.shell:Creating prefix script '/home/akshat/ROS-Humble-BlueRov2-Driver/install/local_setup.ps1'
[9.074s] INFO:colcon.colcon_core.shell:Creating prefix util module '/home/akshat/ROS-Humble-BlueRov2-Driver/install/_local_setup_util_ps1.py'
[9.076s] INFO:colcon.colcon_core.shell:Creating prefix chain script '/home/akshat/ROS-Humble-BlueRov2-Driver/install/setup.ps1'
[9.079s] INFO:colcon.colcon_core.shell:Creating prefix script '/home/akshat/ROS-Humble-BlueRov2-Driver/install/local_setup.sh'
[9.079s] INFO:colcon.colcon_core.shell:Creating prefix util module '/home/akshat/ROS-Humble-BlueRov2-Driver/install/_local_setup_util_sh.py'
[9.080s] INFO:colcon.colcon_core.shell:Creating prefix chain script '/home/akshat/ROS-Humble-BlueRov2-Driver/install/setup.sh'
[9.083s] INFO:colcon.colcon_core.shell:Creating prefix script '/home/akshat/ROS-Humble-BlueRov2-Driver/install/local_setup.bash'
[9.084s] INFO:colcon.colcon_core.shell:Creating prefix chain script '/home/akshat/ROS-Humble-BlueRov2-Driver/install/setup.bash'
[9.087s] INFO:colcon.colcon_core.shell:Creating prefix script '/home/akshat/ROS-Humble-BlueRov2-Driver/install/local_setup.zsh'
[9.088s] INFO:colcon.colcon_core.shell:Creating prefix chain script '/home/akshat/ROS-Humble-BlueRov2-Driver/install/setup.zsh'
