[0.022s] Invoking command in '/home/akshat/ROS-Humble-BlueRov2-Driver/build/bluerov2_interfaces': CMAKE_PREFIX_PATH=${CMAKE_PREFIX_PATH}:/home/akshat/ROS-Humble-BlueRov2-Driver/install/tritech_micron:/home/akshat/ROS-Humble-BlueRov2-Driver/install/bluerov2_controller:/home/akshat/my_ros2_ws/install/ur_custom_control:/home/akshat/simulation_ws/install/py_trees_ros_viewer:/home/akshat/simulation_ws/install/blue_localization:/home/akshat/simulation_ws/install/angler_utils:/home/akshat/simulation_ws/install/angler_planning:/home/akshat/simulation_ws/install/angler_mux:/home/akshat/simulation_ws/install/angler_kinematics:/home/akshat/simulation_ws/install/angler_control:/home/akshat/simulation_ws/install/angler_behaviors:/home/akshat/tele_ws/install/ros_tcp_endpoint:/home/akshat/tele_ws/install/bluerov_grasp:/home/akshat/tele_ws/install/autonomous_rov:/home/akshat/Documents/GitHub/SJO038/turtlebot3_ws/install/turtlebot3_teleop:/home/akshat/Documents/GitHub/SJO038/turtlebot3_ws/install/turtlebot3_example:/opt/ros/humble /usr/bin/cmake --build /home/akshat/ROS-Humble-BlueRov2-Driver/build/bluerov2_interfaces -- -j16 -l16
[0.096s] [35m[1mConsolidate compiler generated dependencies of target bluerov2_interfaces__rosidl_generator_c[0m
[0.112s] [  2%] Built target bluerov2_interfaces__cpp
[0.114s] [ 12%] Built target bluerov2_interfaces__rosidl_generator_c
[0.144s] [35m[1mConsolidate compiler generated dependencies of target bluerov2_interfaces__rosidl_typesupport_introspection_c[0m
[0.144s] [ 12%] Built target ament_cmake_python_copy_bluerov2_interfaces
[0.144s] [35m[1mConsolidate compiler generated dependencies of target bluerov2_interfaces__rosidl_typesupport_fastrtps_cpp[0m
[0.144s] [35m[1mConsolidate compiler generated dependencies of target bluerov2_interfaces__rosidl_typesupport_introspection_cpp[0m
[0.147s] [35m[1mConsolidate compiler generated dependencies of target bluerov2_interfaces__rosidl_typesupport_c[0m
[0.149s] [35m[1mConsolidate compiler generated dependencies of target bluerov2_interfaces__rosidl_typesupport_cpp[0m
[0.158s] [35m[1mConsolidate compiler generated dependencies of target bluerov2_interfaces__rosidl_typesupport_fastrtps_c[0m
[0.164s] [ 23%] Built target bluerov2_interfaces__rosidl_typesupport_introspection_c
[0.169s] [ 34%] Built target bluerov2_interfaces__rosidl_typesupport_c
[0.172s] [ 44%] Built target bluerov2_interfaces__rosidl_typesupport_introspection_cpp
[0.172s] [ 55%] Built target bluerov2_interfaces__rosidl_typesupport_fastrtps_cpp
[0.174s] [ 65%] Built target bluerov2_interfaces__rosidl_typesupport_cpp
[0.184s] [ 76%] Built target bluerov2_interfaces__rosidl_typesupport_fastrtps_c
[0.216s] [ 76%] Built target bluerov2_interfaces
[0.252s] [ 78%] Built target bluerov2_interfaces__py
[0.276s] [35m[1mConsolidate compiler generated dependencies of target bluerov2_interfaces__rosidl_generator_py[0m
[0.310s] [ 87%] Built target bluerov2_interfaces__rosidl_generator_py
[0.326s] [35m[1mConsolidate compiler generated dependencies of target bluerov2_interfaces__rosidl_typesupport_fastrtps_c__pyext[0m
[0.328s] [35m[1mConsolidate compiler generated dependencies of target bluerov2_interfaces__rosidl_typesupport_introspection_c__pyext[0m
[0.329s] [35m[1mConsolidate compiler generated dependencies of target bluerov2_interfaces__rosidl_typesupport_c__pyext[0m
[0.349s] [100%] Built target bluerov2_interfaces__rosidl_typesupport_c__pyext
[0.349s] [100%] Built target bluerov2_interfaces__rosidl_typesupport_introspection_c__pyext
[0.349s] [100%] Built target bluerov2_interfaces__rosidl_typesupport_fastrtps_c__pyext
[0.555s] running egg_info
[0.556s] writing bluerov2_interfaces.egg-info/PKG-INFO
[0.557s] writing dependency_links to bluerov2_interfaces.egg-info/dependency_links.txt
[0.557s] writing top-level names to bluerov2_interfaces.egg-info/top_level.txt
[0.560s] reading manifest file 'bluerov2_interfaces.egg-info/SOURCES.txt'
[0.560s] writing manifest file 'bluerov2_interfaces.egg-info/SOURCES.txt'
[0.604s] [100%] Built target ament_cmake_python_build_bluerov2_interfaces_egg
[0.621s] Invoked command in '/home/akshat/ROS-Humble-BlueRov2-Driver/build/bluerov2_interfaces' returned '0': CMAKE_PREFIX_PATH=${CMAKE_PREFIX_PATH}:/home/akshat/ROS-Humble-BlueRov2-Driver/install/tritech_micron:/home/akshat/ROS-Humble-BlueRov2-Driver/install/bluerov2_controller:/home/akshat/my_ros2_ws/install/ur_custom_control:/home/akshat/simulation_ws/install/py_trees_ros_viewer:/home/akshat/simulation_ws/install/blue_localization:/home/akshat/simulation_ws/install/angler_utils:/home/akshat/simulation_ws/install/angler_planning:/home/akshat/simulation_ws/install/angler_mux:/home/akshat/simulation_ws/install/angler_kinematics:/home/akshat/simulation_ws/install/angler_control:/home/akshat/simulation_ws/install/angler_behaviors:/home/akshat/tele_ws/install/ros_tcp_endpoint:/home/akshat/tele_ws/install/bluerov_grasp:/home/akshat/tele_ws/install/autonomous_rov:/home/akshat/Documents/GitHub/SJO038/turtlebot3_ws/install/turtlebot3_teleop:/home/akshat/Documents/GitHub/SJO038/turtlebot3_ws/install/turtlebot3_example:/opt/ros/humble /usr/bin/cmake --build /home/akshat/ROS-Humble-BlueRov2-Driver/build/bluerov2_interfaces -- -j16 -l16
[0.780s] Invoking command in '/home/akshat/ROS-Humble-BlueRov2-Driver/build/bluerov2_interfaces': CMAKE_PREFIX_PATH=${CMAKE_PREFIX_PATH}:/home/akshat/ROS-Humble-BlueRov2-Driver/install/tritech_micron:/home/akshat/ROS-Humble-BlueRov2-Driver/install/bluerov2_controller:/home/akshat/my_ros2_ws/install/ur_custom_control:/home/akshat/simulation_ws/install/py_trees_ros_viewer:/home/akshat/simulation_ws/install/blue_localization:/home/akshat/simulation_ws/install/angler_utils:/home/akshat/simulation_ws/install/angler_planning:/home/akshat/simulation_ws/install/angler_mux:/home/akshat/simulation_ws/install/angler_kinematics:/home/akshat/simulation_ws/install/angler_control:/home/akshat/simulation_ws/install/angler_behaviors:/home/akshat/tele_ws/install/ros_tcp_endpoint:/home/akshat/tele_ws/install/bluerov_grasp:/home/akshat/tele_ws/install/autonomous_rov:/home/akshat/Documents/GitHub/SJO038/turtlebot3_ws/install/turtlebot3_teleop:/home/akshat/Documents/GitHub/SJO038/turtlebot3_ws/install/turtlebot3_example:/opt/ros/humble /usr/bin/cmake --install /home/akshat/ROS-Humble-BlueRov2-Driver/build/bluerov2_interfaces
[0.791s] -- Install configuration: ""
[0.791s] -- Up-to-date: /home/akshat/ROS-Humble-BlueRov2-Driver/install/bluerov2_interfaces/share/ament_index/resource_index/rosidl_interfaces/bluerov2_interfaces
[0.791s] -- Up-to-date: /home/akshat/ROS-Humble-BlueRov2-Driver/install/bluerov2_interfaces/include/bluerov2_interfaces/bluerov2_interfaces
[0.791s] -- Up-to-date: /home/akshat/ROS-Humble-BlueRov2-Driver/install/bluerov2_interfaces/include/bluerov2_interfaces/bluerov2_interfaces/msg
[0.791s] -- Up-to-date: /home/akshat/ROS-Humble-BlueRov2-Driver/install/bluerov2_interfaces/include/bluerov2_interfaces/bluerov2_interfaces/msg/rosidl_generator_c__visibility_control.h
[0.791s] -- Up-to-date: /home/akshat/ROS-Humble-BlueRov2-Driver/install/bluerov2_interfaces/include/bluerov2_interfaces/bluerov2_interfaces/msg/pid.h
[0.792s] -- Up-to-date: /home/akshat/ROS-Humble-BlueRov2-Driver/install/bluerov2_interfaces/include/bluerov2_interfaces/bluerov2_interfaces/msg/detail
[0.792s] -- Up-to-date: /home/akshat/ROS-Humble-BlueRov2-Driver/install/bluerov2_interfaces/include/bluerov2_interfaces/bluerov2_interfaces/msg/detail/bar30__struct.h
[0.792s] -- Up-to-date: /home/akshat/ROS-Humble-BlueRov2-Driver/install/bluerov2_interfaces/include/bluerov2_interfaces/bluerov2_interfaces/msg/detail/pid__struct.h
[0.792s] -- Up-to-date: /home/akshat/ROS-Humble-BlueRov2-Driver/install/bluerov2_interfaces/include/bluerov2_interfaces/bluerov2_interfaces/msg/detail/bar30__functions.c
[0.792s] -- Up-to-date: /home/akshat/ROS-Humble-BlueRov2-Driver/install/bluerov2_interfaces/include/bluerov2_interfaces/bluerov2_interfaces/msg/detail/attitude__functions.h
[0.792s] -- Up-to-date: /home/akshat/ROS-Humble-BlueRov2-Driver/install/bluerov2_interfaces/include/bluerov2_interfaces/bluerov2_interfaces/msg/detail/attitude__struct.h
[0.792s] -- Up-to-date: /home/akshat/ROS-Humble-BlueRov2-Driver/install/bluerov2_interfaces/include/bluerov2_interfaces/bluerov2_interfaces/msg/detail/pid__functions.h
[0.792s] -- Up-to-date: /home/akshat/ROS-Humble-BlueRov2-Driver/install/bluerov2_interfaces/include/bluerov2_interfaces/bluerov2_interfaces/msg/detail/pid__functions.c
[0.792s] -- Up-to-date: /home/akshat/ROS-Humble-BlueRov2-Driver/install/bluerov2_interfaces/include/bluerov2_interfaces/bluerov2_interfaces/msg/detail/bar30__functions.h
[0.792s] -- Up-to-date: /home/akshat/ROS-Humble-BlueRov2-Driver/install/bluerov2_interfaces/include/bluerov2_interfaces/bluerov2_interfaces/msg/detail/pid__type_support.h
[0.792s] -- Up-to-date: /home/akshat/ROS-Humble-BlueRov2-Driver/install/bluerov2_interfaces/include/bluerov2_interfaces/bluerov2_interfaces/msg/detail/attitude__type_support.h
[0.792s] -- Up-to-date: /home/akshat/ROS-Humble-BlueRov2-Driver/install/bluerov2_interfaces/include/bluerov2_interfaces/bluerov2_interfaces/msg/detail/attitude__functions.c
[0.792s] -- Up-to-date: /home/akshat/ROS-Humble-BlueRov2-Driver/install/bluerov2_interfaces/include/bluerov2_interfaces/bluerov2_interfaces/msg/detail/bar30__type_support.h
[0.792s] -- Up-to-date: /home/akshat/ROS-Humble-BlueRov2-Driver/install/bluerov2_interfaces/include/bluerov2_interfaces/bluerov2_interfaces/msg/bar30.h
[0.793s] -- Up-to-date: /home/akshat/ROS-Humble-BlueRov2-Driver/install/bluerov2_interfaces/include/bluerov2_interfaces/bluerov2_interfaces/msg/attitude.h
[0.793s] -- Up-to-date: /home/akshat/ROS-Humble-BlueRov2-Driver/install/bluerov2_interfaces/share/bluerov2_interfaces/environment/library_path.sh
[0.793s] -- Up-to-date: /home/akshat/ROS-Humble-BlueRov2-Driver/install/bluerov2_interfaces/share/bluerov2_interfaces/environment/library_path.dsv
[0.793s] -- Up-to-date: /home/akshat/ROS-Humble-BlueRov2-Driver/install/bluerov2_interfaces/lib/libbluerov2_interfaces__rosidl_generator_c.so
[0.793s] -- Up-to-date: /home/akshat/ROS-Humble-BlueRov2-Driver/install/bluerov2_interfaces/include/bluerov2_interfaces/bluerov2_interfaces
[0.793s] -- Up-to-date: /home/akshat/ROS-Humble-BlueRov2-Driver/install/bluerov2_interfaces/include/bluerov2_interfaces/bluerov2_interfaces/msg
[0.793s] -- Up-to-date: /home/akshat/ROS-Humble-BlueRov2-Driver/install/bluerov2_interfaces/include/bluerov2_interfaces/bluerov2_interfaces/msg/rosidl_typesupport_fastrtps_c__visibility_control.h
[0.793s] -- Up-to-date: /home/akshat/ROS-Humble-BlueRov2-Driver/install/bluerov2_interfaces/include/bluerov2_interfaces/bluerov2_interfaces/msg/detail
[0.793s] -- Up-to-date: /home/akshat/ROS-Humble-BlueRov2-Driver/install/bluerov2_interfaces/include/bluerov2_interfaces/bluerov2_interfaces/msg/detail/bar30__rosidl_typesupport_fastrtps_c.h
[0.793s] -- Up-to-date: /home/akshat/ROS-Humble-BlueRov2-Driver/install/bluerov2_interfaces/include/bluerov2_interfaces/bluerov2_interfaces/msg/detail/attitude__rosidl_typesupport_fastrtps_c.h
[0.793s] -- Up-to-date: /home/akshat/ROS-Humble-BlueRov2-Driver/install/bluerov2_interfaces/include/bluerov2_interfaces/bluerov2_interfaces/msg/detail/pid__rosidl_typesupport_fastrtps_c.h
[0.793s] -- Up-to-date: /home/akshat/ROS-Humble-BlueRov2-Driver/install/bluerov2_interfaces/lib/libbluerov2_interfaces__rosidl_typesupport_fastrtps_c.so
[0.793s] -- Up-to-date: /home/akshat/ROS-Humble-BlueRov2-Driver/install/bluerov2_interfaces/include/bluerov2_interfaces/bluerov2_interfaces
[0.793s] -- Up-to-date: /home/akshat/ROS-Humble-BlueRov2-Driver/install/bluerov2_interfaces/include/bluerov2_interfaces/bluerov2_interfaces/msg
[0.793s] -- Up-to-date: /home/akshat/ROS-Humble-BlueRov2-Driver/install/bluerov2_interfaces/include/bluerov2_interfaces/bluerov2_interfaces/msg/detail
[0.793s] -- Up-to-date: /home/akshat/ROS-Humble-BlueRov2-Driver/install/bluerov2_interfaces/include/bluerov2_interfaces/bluerov2_interfaces/msg/detail/attitude__rosidl_typesupport_introspection_c.h
[0.793s] -- Up-to-date: /home/akshat/ROS-Humble-BlueRov2-Driver/install/bluerov2_interfaces/include/bluerov2_interfaces/bluerov2_interfaces/msg/detail/bar30__type_support.c
[0.794s] -- Up-to-date: /home/akshat/ROS-Humble-BlueRov2-Driver/install/bluerov2_interfaces/include/bluerov2_interfaces/bluerov2_interfaces/msg/detail/attitude__type_support.c
[0.794s] -- Up-to-date: /home/akshat/ROS-Humble-BlueRov2-Driver/install/bluerov2_interfaces/include/bluerov2_interfaces/bluerov2_interfaces/msg/detail/bar30__rosidl_typesupport_introspection_c.h
[0.794s] -- Up-to-date: /home/akshat/ROS-Humble-BlueRov2-Driver/install/bluerov2_interfaces/include/bluerov2_interfaces/bluerov2_interfaces/msg/detail/pid__rosidl_typesupport_introspection_c.h
[0.794s] -- Up-to-date: /home/akshat/ROS-Humble-BlueRov2-Driver/install/bluerov2_interfaces/include/bluerov2_interfaces/bluerov2_interfaces/msg/detail/pid__type_support.c
[0.794s] -- Up-to-date: /home/akshat/ROS-Humble-BlueRov2-Driver/install/bluerov2_interfaces/include/bluerov2_interfaces/bluerov2_interfaces/msg/rosidl_typesupport_introspection_c__visibility_control.h
[0.794s] -- Up-to-date: /home/akshat/ROS-Humble-BlueRov2-Driver/install/bluerov2_interfaces/lib/libbluerov2_interfaces__rosidl_typesupport_introspection_c.so
[0.794s] -- Up-to-date: /home/akshat/ROS-Humble-BlueRov2-Driver/install/bluerov2_interfaces/lib/libbluerov2_interfaces__rosidl_typesupport_c.so
[0.794s] -- Up-to-date: /home/akshat/ROS-Humble-BlueRov2-Driver/install/bluerov2_interfaces/include/bluerov2_interfaces/bluerov2_interfaces
[0.794s] -- Up-to-date: /home/akshat/ROS-Humble-BlueRov2-Driver/install/bluerov2_interfaces/include/bluerov2_interfaces/bluerov2_interfaces/msg
[0.794s] -- Up-to-date: /home/akshat/ROS-Humble-BlueRov2-Driver/install/bluerov2_interfaces/include/bluerov2_interfaces/bluerov2_interfaces/msg/pid.hpp
[0.794s] -- Up-to-date: /home/akshat/ROS-Humble-BlueRov2-Driver/install/bluerov2_interfaces/include/bluerov2_interfaces/bluerov2_interfaces/msg/attitude.hpp
[0.794s] -- Up-to-date: /home/akshat/ROS-Humble-BlueRov2-Driver/install/bluerov2_interfaces/include/bluerov2_interfaces/bluerov2_interfaces/msg/detail
[0.795s] -- Up-to-date: /home/akshat/ROS-Humble-BlueRov2-Driver/install/bluerov2_interfaces/include/bluerov2_interfaces/bluerov2_interfaces/msg/detail/pid__traits.hpp
[0.795s] -- Up-to-date: /home/akshat/ROS-Humble-BlueRov2-Driver/install/bluerov2_interfaces/include/bluerov2_interfaces/bluerov2_interfaces/msg/detail/attitude__builder.hpp
[0.795s] -- Up-to-date: /home/akshat/ROS-Humble-BlueRov2-Driver/install/bluerov2_interfaces/include/bluerov2_interfaces/bluerov2_interfaces/msg/detail/bar30__struct.hpp
[0.795s] -- Up-to-date: /home/akshat/ROS-Humble-BlueRov2-Driver/install/bluerov2_interfaces/include/bluerov2_interfaces/bluerov2_interfaces/msg/detail/bar30__traits.hpp
[0.795s] -- Up-to-date: /home/akshat/ROS-Humble-BlueRov2-Driver/install/bluerov2_interfaces/include/bluerov2_interfaces/bluerov2_interfaces/msg/detail/attitude__struct.hpp
[0.795s] -- Up-to-date: /home/akshat/ROS-Humble-BlueRov2-Driver/install/bluerov2_interfaces/include/bluerov2_interfaces/bluerov2_interfaces/msg/detail/pid__struct.hpp
[0.795s] -- Up-to-date: /home/akshat/ROS-Humble-BlueRov2-Driver/install/bluerov2_interfaces/include/bluerov2_interfaces/bluerov2_interfaces/msg/detail/bar30__builder.hpp
[0.795s] -- Up-to-date: /home/akshat/ROS-Humble-BlueRov2-Driver/install/bluerov2_interfaces/include/bluerov2_interfaces/bluerov2_interfaces/msg/detail/attitude__traits.hpp
[0.795s] -- Up-to-date: /home/akshat/ROS-Humble-BlueRov2-Driver/install/bluerov2_interfaces/include/bluerov2_interfaces/bluerov2_interfaces/msg/detail/pid__builder.hpp
[0.795s] -- Up-to-date: /home/akshat/ROS-Humble-BlueRov2-Driver/install/bluerov2_interfaces/include/bluerov2_interfaces/bluerov2_interfaces/msg/bar30.hpp
[0.795s] -- Up-to-date: /home/akshat/ROS-Humble-BlueRov2-Driver/install/bluerov2_interfaces/include/bluerov2_interfaces/bluerov2_interfaces
[0.795s] -- Up-to-date: /home/akshat/ROS-Humble-BlueRov2-Driver/install/bluerov2_interfaces/include/bluerov2_interfaces/bluerov2_interfaces/msg
[0.795s] -- Up-to-date: /home/akshat/ROS-Humble-BlueRov2-Driver/install/bluerov2_interfaces/include/bluerov2_interfaces/bluerov2_interfaces/msg/rosidl_typesupport_fastrtps_cpp__visibility_control.h
[0.795s] -- Up-to-date: /home/akshat/ROS-Humble-BlueRov2-Driver/install/bluerov2_interfaces/include/bluerov2_interfaces/bluerov2_interfaces/msg/detail
[0.795s] -- Up-to-date: /home/akshat/ROS-Humble-BlueRov2-Driver/install/bluerov2_interfaces/include/bluerov2_interfaces/bluerov2_interfaces/msg/detail/bar30__rosidl_typesupport_fastrtps_cpp.hpp
[0.795s] -- Up-to-date: /home/akshat/ROS-Humble-BlueRov2-Driver/install/bluerov2_interfaces/include/bluerov2_interfaces/bluerov2_interfaces/msg/detail/attitude__rosidl_typesupport_fastrtps_cpp.hpp
[0.795s] -- Up-to-date: /home/akshat/ROS-Humble-BlueRov2-Driver/install/bluerov2_interfaces/include/bluerov2_interfaces/bluerov2_interfaces/msg/detail/dds_fastrtps
[0.796s] -- Up-to-date: /home/akshat/ROS-Humble-BlueRov2-Driver/install/bluerov2_interfaces/include/bluerov2_interfaces/bluerov2_interfaces/msg/detail/pid__rosidl_typesupport_fastrtps_cpp.hpp
[0.796s] -- Up-to-date: /home/akshat/ROS-Humble-BlueRov2-Driver/install/bluerov2_interfaces/lib/libbluerov2_interfaces__rosidl_typesupport_fastrtps_cpp.so
[0.796s] -- Up-to-date: /home/akshat/ROS-Humble-BlueRov2-Driver/install/bluerov2_interfaces/include/bluerov2_interfaces/bluerov2_interfaces
[0.796s] -- Up-to-date: /home/akshat/ROS-Humble-BlueRov2-Driver/install/bluerov2_interfaces/include/bluerov2_interfaces/bluerov2_interfaces/msg
[0.796s] -- Up-to-date: /home/akshat/ROS-Humble-BlueRov2-Driver/install/bluerov2_interfaces/include/bluerov2_interfaces/bluerov2_interfaces/msg/detail
[0.796s] -- Up-to-date: /home/akshat/ROS-Humble-BlueRov2-Driver/install/bluerov2_interfaces/include/bluerov2_interfaces/bluerov2_interfaces/msg/detail/attitude__type_support.cpp
[0.796s] -- Up-to-date: /home/akshat/ROS-Humble-BlueRov2-Driver/install/bluerov2_interfaces/include/bluerov2_interfaces/bluerov2_interfaces/msg/detail/bar30__type_support.cpp
[0.796s] -- Up-to-date: /home/akshat/ROS-Humble-BlueRov2-Driver/install/bluerov2_interfaces/include/bluerov2_interfaces/bluerov2_interfaces/msg/detail/pid__type_support.cpp
[0.796s] -- Up-to-date: /home/akshat/ROS-Humble-BlueRov2-Driver/install/bluerov2_interfaces/include/bluerov2_interfaces/bluerov2_interfaces/msg/detail/pid__rosidl_typesupport_introspection_cpp.hpp
[0.796s] -- Up-to-date: /home/akshat/ROS-Humble-BlueRov2-Driver/install/bluerov2_interfaces/include/bluerov2_interfaces/bluerov2_interfaces/msg/detail/bar30__rosidl_typesupport_introspection_cpp.hpp
[0.796s] -- Up-to-date: /home/akshat/ROS-Humble-BlueRov2-Driver/install/bluerov2_interfaces/include/bluerov2_interfaces/bluerov2_interfaces/msg/detail/attitude__rosidl_typesupport_introspection_cpp.hpp
[0.796s] -- Up-to-date: /home/akshat/ROS-Humble-BlueRov2-Driver/install/bluerov2_interfaces/lib/libbluerov2_interfaces__rosidl_typesupport_introspection_cpp.so
[0.797s] -- Up-to-date: /home/akshat/ROS-Humble-BlueRov2-Driver/install/bluerov2_interfaces/lib/libbluerov2_interfaces__rosidl_typesupport_cpp.so
[0.797s] -- Up-to-date: /home/akshat/ROS-Humble-BlueRov2-Driver/install/bluerov2_interfaces/share/bluerov2_interfaces/environment/pythonpath.sh
[0.797s] -- Up-to-date: /home/akshat/ROS-Humble-BlueRov2-Driver/install/bluerov2_interfaces/share/bluerov2_interfaces/environment/pythonpath.dsv
[0.797s] -- Up-to-date: /home/akshat/ROS-Humble-BlueRov2-Driver/install/bluerov2_interfaces/local/lib/python3.10/dist-packages/bluerov2_interfaces-0.0.0-py3.10.egg-info
[0.797s] -- Installing: /home/akshat/ROS-Humble-BlueRov2-Driver/install/bluerov2_interfaces/local/lib/python3.10/dist-packages/bluerov2_interfaces-0.0.0-py3.10.egg-info/dependency_links.txt
[0.797s] -- Installing: /home/akshat/ROS-Humble-BlueRov2-Driver/install/bluerov2_interfaces/local/lib/python3.10/dist-packages/bluerov2_interfaces-0.0.0-py3.10.egg-info/SOURCES.txt
[0.797s] -- Installing: /home/akshat/ROS-Humble-BlueRov2-Driver/install/bluerov2_interfaces/local/lib/python3.10/dist-packages/bluerov2_interfaces-0.0.0-py3.10.egg-info/top_level.txt
[0.797s] -- Installing: /home/akshat/ROS-Humble-BlueRov2-Driver/install/bluerov2_interfaces/local/lib/python3.10/dist-packages/bluerov2_interfaces-0.0.0-py3.10.egg-info/PKG-INFO
[0.798s] -- Up-to-date: /home/akshat/ROS-Humble-BlueRov2-Driver/install/bluerov2_interfaces/local/lib/python3.10/dist-packages/bluerov2_interfaces
[0.798s] -- Up-to-date: /home/akshat/ROS-Humble-BlueRov2-Driver/install/bluerov2_interfaces/local/lib/python3.10/dist-packages/bluerov2_interfaces/msg
[0.798s] -- Up-to-date: /home/akshat/ROS-Humble-BlueRov2-Driver/install/bluerov2_interfaces/local/lib/python3.10/dist-packages/bluerov2_interfaces/msg/_pid.py
[0.798s] -- Up-to-date: /home/akshat/ROS-Humble-BlueRov2-Driver/install/bluerov2_interfaces/local/lib/python3.10/dist-packages/bluerov2_interfaces/msg/__init__.py
[0.798s] -- Up-to-date: /home/akshat/ROS-Humble-BlueRov2-Driver/install/bluerov2_interfaces/local/lib/python3.10/dist-packages/bluerov2_interfaces/msg/_attitude_s.c
[0.798s] -- Up-to-date: /home/akshat/ROS-Humble-BlueRov2-Driver/install/bluerov2_interfaces/local/lib/python3.10/dist-packages/bluerov2_interfaces/msg/_bar30_s.c
[0.798s] -- Up-to-date: /home/akshat/ROS-Humble-BlueRov2-Driver/install/bluerov2_interfaces/local/lib/python3.10/dist-packages/bluerov2_interfaces/msg/_attitude.py
[0.798s] -- Up-to-date: /home/akshat/ROS-Humble-BlueRov2-Driver/install/bluerov2_interfaces/local/lib/python3.10/dist-packages/bluerov2_interfaces/msg/_bar30.py
[0.798s] -- Up-to-date: /home/akshat/ROS-Humble-BlueRov2-Driver/install/bluerov2_interfaces/local/lib/python3.10/dist-packages/bluerov2_interfaces/msg/_pid_s.c
[0.798s] -- Up-to-date: /home/akshat/ROS-Humble-BlueRov2-Driver/install/bluerov2_interfaces/local/lib/python3.10/dist-packages/bluerov2_interfaces/_bluerov2_interfaces_s.ep.rosidl_typesupport_fastrtps_c.c
[0.798s] -- Up-to-date: /home/akshat/ROS-Humble-BlueRov2-Driver/install/bluerov2_interfaces/local/lib/python3.10/dist-packages/bluerov2_interfaces/_bluerov2_interfaces_s.ep.rosidl_typesupport_c.c
[0.798s] -- Up-to-date: /home/akshat/ROS-Humble-BlueRov2-Driver/install/bluerov2_interfaces/local/lib/python3.10/dist-packages/bluerov2_interfaces/bluerov2_interfaces_s__rosidl_typesupport_introspection_c.cpython-310-x86_64-linux-gnu.so
[0.798s] -- Up-to-date: /home/akshat/ROS-Humble-BlueRov2-Driver/install/bluerov2_interfaces/local/lib/python3.10/dist-packages/bluerov2_interfaces/__init__.py
[0.799s] -- Up-to-date: /home/akshat/ROS-Humble-BlueRov2-Driver/install/bluerov2_interfaces/local/lib/python3.10/dist-packages/bluerov2_interfaces/bluerov2_interfaces_s__rosidl_typesupport_fastrtps_c.cpython-310-x86_64-linux-gnu.so
[0.799s] -- Up-to-date: /home/akshat/ROS-Humble-BlueRov2-Driver/install/bluerov2_interfaces/local/lib/python3.10/dist-packages/bluerov2_interfaces/libbluerov2_interfaces__rosidl_generator_py.so
[0.799s] -- Up-to-date: /home/akshat/ROS-Humble-BlueRov2-Driver/install/bluerov2_interfaces/local/lib/python3.10/dist-packages/bluerov2_interfaces/_bluerov2_interfaces_s.ep.rosidl_typesupport_introspection_c.c
[0.799s] -- Up-to-date: /home/akshat/ROS-Humble-BlueRov2-Driver/install/bluerov2_interfaces/local/lib/python3.10/dist-packages/bluerov2_interfaces/bluerov2_interfaces_s__rosidl_typesupport_c.cpython-310-x86_64-linux-gnu.so
[0.846s] Listing '/home/akshat/ROS-Humble-BlueRov2-Driver/install/bluerov2_interfaces/local/lib/python3.10/dist-packages/bluerov2_interfaces'...
[0.846s] Listing '/home/akshat/ROS-Humble-BlueRov2-Driver/install/bluerov2_interfaces/local/lib/python3.10/dist-packages/bluerov2_interfaces/msg'...
[0.851s] -- Up-to-date: /home/akshat/ROS-Humble-BlueRov2-Driver/install/bluerov2_interfaces/local/lib/python3.10/dist-packages/bluerov2_interfaces/bluerov2_interfaces_s__rosidl_typesupport_fastrtps_c.cpython-310-x86_64-linux-gnu.so
[0.851s] -- Up-to-date: /home/akshat/ROS-Humble-BlueRov2-Driver/install/bluerov2_interfaces/local/lib/python3.10/dist-packages/bluerov2_interfaces/bluerov2_interfaces_s__rosidl_typesupport_introspection_c.cpython-310-x86_64-linux-gnu.so
[0.851s] -- Up-to-date: /home/akshat/ROS-Humble-BlueRov2-Driver/install/bluerov2_interfaces/local/lib/python3.10/dist-packages/bluerov2_interfaces/bluerov2_interfaces_s__rosidl_typesupport_c.cpython-310-x86_64-linux-gnu.so
[0.852s] -- Up-to-date: /home/akshat/ROS-Humble-BlueRov2-Driver/install/bluerov2_interfaces/lib/libbluerov2_interfaces__rosidl_generator_py.so
[0.852s] -- Up-to-date: /home/akshat/ROS-Humble-BlueRov2-Driver/install/bluerov2_interfaces/share/bluerov2_interfaces/msg/Bar30.idl
[0.852s] -- Up-to-date: /home/akshat/ROS-Humble-BlueRov2-Driver/install/bluerov2_interfaces/share/bluerov2_interfaces/msg/Attitude.idl
[0.852s] -- Up-to-date: /home/akshat/ROS-Humble-BlueRov2-Driver/install/bluerov2_interfaces/share/bluerov2_interfaces/msg/PID.idl
[0.852s] -- Up-to-date: /home/akshat/ROS-Humble-BlueRov2-Driver/install/bluerov2_interfaces/share/bluerov2_interfaces/msg/Bar30.msg
[0.853s] -- Up-to-date: /home/akshat/ROS-Humble-BlueRov2-Driver/install/bluerov2_interfaces/share/bluerov2_interfaces/msg/Attitude.msg
[0.853s] -- Up-to-date: /home/akshat/ROS-Humble-BlueRov2-Driver/install/bluerov2_interfaces/share/bluerov2_interfaces/msg/PID.msg
[0.853s] -- Up-to-date: /home/akshat/ROS-Humble-BlueRov2-Driver/install/bluerov2_interfaces/share/ament_index/resource_index/package_run_dependencies/bluerov2_interfaces
[0.853s] -- Up-to-date: /home/akshat/ROS-Humble-BlueRov2-Driver/install/bluerov2_interfaces/share/ament_index/resource_index/parent_prefix_path/bluerov2_interfaces
[0.853s] -- Up-to-date: /home/akshat/ROS-Humble-BlueRov2-Driver/install/bluerov2_interfaces/share/bluerov2_interfaces/environment/ament_prefix_path.sh
[0.853s] -- Up-to-date: /home/akshat/ROS-Humble-BlueRov2-Driver/install/bluerov2_interfaces/share/bluerov2_interfaces/environment/ament_prefix_path.dsv
[0.853s] -- Up-to-date: /home/akshat/ROS-Humble-BlueRov2-Driver/install/bluerov2_interfaces/share/bluerov2_interfaces/environment/path.sh
[0.853s] -- Up-to-date: /home/akshat/ROS-Humble-BlueRov2-Driver/install/bluerov2_interfaces/share/bluerov2_interfaces/environment/path.dsv
[0.853s] -- Up-to-date: /home/akshat/ROS-Humble-BlueRov2-Driver/install/bluerov2_interfaces/share/bluerov2_interfaces/local_setup.bash
[0.853s] -- Up-to-date: /home/akshat/ROS-Humble-BlueRov2-Driver/install/bluerov2_interfaces/share/bluerov2_interfaces/local_setup.sh
[0.853s] -- Up-to-date: /home/akshat/ROS-Humble-BlueRov2-Driver/install/bluerov2_interfaces/share/bluerov2_interfaces/local_setup.zsh
[0.853s] -- Up-to-date: /home/akshat/ROS-Humble-BlueRov2-Driver/install/bluerov2_interfaces/share/bluerov2_interfaces/local_setup.dsv
[0.853s] -- Installing: /home/akshat/ROS-Humble-BlueRov2-Driver/install/bluerov2_interfaces/share/bluerov2_interfaces/package.dsv
[0.853s] -- Up-to-date: /home/akshat/ROS-Humble-BlueRov2-Driver/install/bluerov2_interfaces/share/ament_index/resource_index/packages/bluerov2_interfaces
[0.853s] -- Up-to-date: /home/akshat/ROS-Humble-BlueRov2-Driver/install/bluerov2_interfaces/share/bluerov2_interfaces/cmake/export_bluerov2_interfaces__rosidl_generator_cExport.cmake
[0.853s] -- Up-to-date: /home/akshat/ROS-Humble-BlueRov2-Driver/install/bluerov2_interfaces/share/bluerov2_interfaces/cmake/export_bluerov2_interfaces__rosidl_generator_cExport-noconfig.cmake
[0.854s] -- Up-to-date: /home/akshat/ROS-Humble-BlueRov2-Driver/install/bluerov2_interfaces/share/bluerov2_interfaces/cmake/export_bluerov2_interfaces__rosidl_typesupport_fastrtps_cExport.cmake
[0.854s] -- Up-to-date: /home/akshat/ROS-Humble-BlueRov2-Driver/install/bluerov2_interfaces/share/bluerov2_interfaces/cmake/export_bluerov2_interfaces__rosidl_typesupport_fastrtps_cExport-noconfig.cmake
[0.854s] -- Up-to-date: /home/akshat/ROS-Humble-BlueRov2-Driver/install/bluerov2_interfaces/share/bluerov2_interfaces/cmake/bluerov2_interfaces__rosidl_typesupport_introspection_cExport.cmake
[0.854s] -- Up-to-date: /home/akshat/ROS-Humble-BlueRov2-Driver/install/bluerov2_interfaces/share/bluerov2_interfaces/cmake/bluerov2_interfaces__rosidl_typesupport_introspection_cExport-noconfig.cmake
[0.854s] -- Up-to-date: /home/akshat/ROS-Humble-BlueRov2-Driver/install/bluerov2_interfaces/share/bluerov2_interfaces/cmake/bluerov2_interfaces__rosidl_typesupport_cExport.cmake
[0.854s] -- Up-to-date: /home/akshat/ROS-Humble-BlueRov2-Driver/install/bluerov2_interfaces/share/bluerov2_interfaces/cmake/bluerov2_interfaces__rosidl_typesupport_cExport-noconfig.cmake
[0.854s] -- Up-to-date: /home/akshat/ROS-Humble-BlueRov2-Driver/install/bluerov2_interfaces/share/bluerov2_interfaces/cmake/export_bluerov2_interfaces__rosidl_generator_cppExport.cmake
[0.854s] -- Up-to-date: /home/akshat/ROS-Humble-BlueRov2-Driver/install/bluerov2_interfaces/share/bluerov2_interfaces/cmake/export_bluerov2_interfaces__rosidl_typesupport_fastrtps_cppExport.cmake
[0.855s] -- Up-to-date: /home/akshat/ROS-Humble-BlueRov2-Driver/install/bluerov2_interfaces/share/bluerov2_interfaces/cmake/export_bluerov2_interfaces__rosidl_typesupport_fastrtps_cppExport-noconfig.cmake
[0.855s] -- Up-to-date: /home/akshat/ROS-Humble-BlueRov2-Driver/install/bluerov2_interfaces/share/bluerov2_interfaces/cmake/bluerov2_interfaces__rosidl_typesupport_introspection_cppExport.cmake
[0.855s] -- Up-to-date: /home/akshat/ROS-Humble-BlueRov2-Driver/install/bluerov2_interfaces/share/bluerov2_interfaces/cmake/bluerov2_interfaces__rosidl_typesupport_introspection_cppExport-noconfig.cmake
[0.855s] -- Up-to-date: /home/akshat/ROS-Humble-BlueRov2-Driver/install/bluerov2_interfaces/share/bluerov2_interfaces/cmake/bluerov2_interfaces__rosidl_typesupport_cppExport.cmake
[0.855s] -- Up-to-date: /home/akshat/ROS-Humble-BlueRov2-Driver/install/bluerov2_interfaces/share/bluerov2_interfaces/cmake/bluerov2_interfaces__rosidl_typesupport_cppExport-noconfig.cmake
[0.855s] -- Up-to-date: /home/akshat/ROS-Humble-BlueRov2-Driver/install/bluerov2_interfaces/share/bluerov2_interfaces/cmake/export_bluerov2_interfaces__rosidl_generator_pyExport.cmake
[0.855s] -- Up-to-date: /home/akshat/ROS-Humble-BlueRov2-Driver/install/bluerov2_interfaces/share/bluerov2_interfaces/cmake/export_bluerov2_interfaces__rosidl_generator_pyExport-noconfig.cmake
[0.855s] -- Up-to-date: /home/akshat/ROS-Humble-BlueRov2-Driver/install/bluerov2_interfaces/share/bluerov2_interfaces/cmake/rosidl_cmake-extras.cmake
[0.855s] -- Up-to-date: /home/akshat/ROS-Humble-BlueRov2-Driver/install/bluerov2_interfaces/share/bluerov2_interfaces/cmake/ament_cmake_export_include_directories-extras.cmake
[0.855s] -- Up-to-date: /home/akshat/ROS-Humble-BlueRov2-Driver/install/bluerov2_interfaces/share/bluerov2_interfaces/cmake/ament_cmake_export_libraries-extras.cmake
[0.856s] -- Up-to-date: /home/akshat/ROS-Humble-BlueRov2-Driver/install/bluerov2_interfaces/share/bluerov2_interfaces/cmake/ament_cmake_export_targets-extras.cmake
[0.856s] -- Up-to-date: /home/akshat/ROS-Humble-BlueRov2-Driver/install/bluerov2_interfaces/share/bluerov2_interfaces/cmake/rosidl_cmake_export_typesupport_targets-extras.cmake
[0.856s] -- Up-to-date: /home/akshat/ROS-Humble-BlueRov2-Driver/install/bluerov2_interfaces/share/bluerov2_interfaces/cmake/ament_cmake_export_dependencies-extras.cmake
[0.856s] -- Up-to-date: /home/akshat/ROS-Humble-BlueRov2-Driver/install/bluerov2_interfaces/share/bluerov2_interfaces/cmake/rosidl_cmake_export_typesupport_libraries-extras.cmake
[0.856s] -- Up-to-date: /home/akshat/ROS-Humble-BlueRov2-Driver/install/bluerov2_interfaces/share/bluerov2_interfaces/cmake/bluerov2_interfacesConfig.cmake
[0.856s] -- Up-to-date: /home/akshat/ROS-Humble-BlueRov2-Driver/install/bluerov2_interfaces/share/bluerov2_interfaces/cmake/bluerov2_interfacesConfig-version.cmake
[0.856s] -- Up-to-date: /home/akshat/ROS-Humble-BlueRov2-Driver/install/bluerov2_interfaces/share/bluerov2_interfaces/package.xml
[0.860s] Invoked command in '/home/akshat/ROS-Humble-BlueRov2-Driver/build/bluerov2_interfaces' returned '0': CMAKE_PREFIX_PATH=${CMAKE_PREFIX_PATH}:/home/akshat/ROS-Humble-BlueRov2-Driver/install/tritech_micron:/home/akshat/ROS-Humble-BlueRov2-Driver/install/bluerov2_controller:/home/akshat/my_ros2_ws/install/ur_custom_control:/home/akshat/simulation_ws/install/py_trees_ros_viewer:/home/akshat/simulation_ws/install/blue_localization:/home/akshat/simulation_ws/install/angler_utils:/home/akshat/simulation_ws/install/angler_planning:/home/akshat/simulation_ws/install/angler_mux:/home/akshat/simulation_ws/install/angler_kinematics:/home/akshat/simulation_ws/install/angler_control:/home/akshat/simulation_ws/install/angler_behaviors:/home/akshat/tele_ws/install/ros_tcp_endpoint:/home/akshat/tele_ws/install/bluerov_grasp:/home/akshat/tele_ws/install/autonomous_rov:/home/akshat/Documents/GitHub/SJO038/turtlebot3_ws/install/turtlebot3_teleop:/home/akshat/Documents/GitHub/SJO038/turtlebot3_ws/install/turtlebot3_example:/opt/ros/humble /usr/bin/cmake --install /home/akshat/ROS-Humble-BlueRov2-Driver/build/bluerov2_interfaces
