[0.645s] Invoking command in '/home/akshat/ROS-Humble-BlueRov2-Driver/src/bluerov2_controller': AMENT_PREFIX_PATH=/home/akshat/ROS-Humble-BlueRov2-Driver/install/bluerov2_interfaces:${AMENT_PREFIX_PATH} CMAKE_PREFIX_PATH=/home/akshat/ROS-Humble-BlueRov2-Driver/install/bluerov2_interfaces:${CMAKE_PREFIX_PATH} LD_LIBRARY_PATH=/home/akshat/ROS-Humble-BlueRov2-Driver/install/bluerov2_interfaces/lib:${LD_LIBRARY_PATH} PYTHONPATH=/home/akshat/ROS-Humble-BlueRov2-Driver/build/bluerov2_controller/prefix_override:/usr/lib/python3/dist-packages/colcon_core/task/python/colcon_distutils_commands:/home/akshat/ROS-Humble-BlueRov2-Driver/install/bluerov2_controller/lib/python3.10/site-packages:/home/akshat/ROS-Humble-BlueRov2-Driver/install/bluerov2_interfaces/local/lib/python3.10/dist-packages:${PYTHONPATH} /usr/bin/python3 -W ignore:setup.py install is deprecated setup.py egg_info --egg-base ../../build/bluerov2_controller build --build-base /home/akshat/ROS-Humble-BlueRov2-Driver/build/bluerov2_controller/build install --record /home/akshat/ROS-Humble-BlueRov2-Driver/build/bluerov2_controller/install.log --single-version-externally-managed install_data
[0.861s] running egg_info
[0.862s] creating ../../build/bluerov2_controller/bluerov2_controller.egg-info
[0.862s] writing ../../build/bluerov2_controller/bluerov2_controller.egg-info/PKG-INFO
[0.862s] writing dependency_links to ../../build/bluerov2_controller/bluerov2_controller.egg-info/dependency_links.txt
[0.862s] writing entry points to ../../build/bluerov2_controller/bluerov2_controller.egg-info/entry_points.txt
[0.862s] writing requirements to ../../build/bluerov2_controller/bluerov2_controller.egg-info/requires.txt
[0.862s] writing top-level names to ../../build/bluerov2_controller/bluerov2_controller.egg-info/top_level.txt
[0.862s] writing manifest file '../../build/bluerov2_controller/bluerov2_controller.egg-info/SOURCES.txt'
[0.863s] reading manifest file '../../build/bluerov2_controller/bluerov2_controller.egg-info/SOURCES.txt'
[0.864s] writing manifest file '../../build/bluerov2_controller/bluerov2_controller.egg-info/SOURCES.txt'
[0.864s] running build
[0.864s] running build_py
[0.864s] creating /home/akshat/ROS-Humble-BlueRov2-Driver/build/bluerov2_controller/build
[0.864s] creating /home/akshat/ROS-Humble-BlueRov2-Driver/build/bluerov2_controller/build/lib
[0.865s] creating /home/akshat/ROS-Humble-BlueRov2-Driver/build/bluerov2_controller/build/lib/bluerov2_controller
[0.865s] copying bluerov2_controller/roll_controller.py -> /home/akshat/ROS-Humble-BlueRov2-Driver/build/bluerov2_controller/build/lib/bluerov2_controller
[0.865s] copying bluerov2_controller/pid.py -> /home/akshat/ROS-Humble-BlueRov2-Driver/build/bluerov2_controller/build/lib/bluerov2_controller
[0.865s] copying bluerov2_controller/depth_controller.py -> /home/akshat/ROS-Humble-BlueRov2-Driver/build/bluerov2_controller/build/lib/bluerov2_controller
[0.865s] copying bluerov2_controller/yaw_controller.py -> /home/akshat/ROS-Humble-BlueRov2-Driver/build/bluerov2_controller/build/lib/bluerov2_controller
[0.865s] copying bluerov2_controller/__init__.py -> /home/akshat/ROS-Humble-BlueRov2-Driver/build/bluerov2_controller/build/lib/bluerov2_controller
[0.865s] copying bluerov2_controller/video.py -> /home/akshat/ROS-Humble-BlueRov2-Driver/build/bluerov2_controller/build/lib/bluerov2_controller
[0.865s] copying bluerov2_controller/controller.py -> /home/akshat/ROS-Humble-BlueRov2-Driver/build/bluerov2_controller/build/lib/bluerov2_controller
[0.865s] copying bluerov2_controller/pitch_controller.py -> /home/akshat/ROS-Humble-BlueRov2-Driver/build/bluerov2_controller/build/lib/bluerov2_controller
[0.865s] copying bluerov2_controller/input_controller.py -> /home/akshat/ROS-Humble-BlueRov2-Driver/build/bluerov2_controller/build/lib/bluerov2_controller
[0.865s] running install
[0.866s] running install_lib
[0.866s] creating /home/akshat/ROS-Humble-BlueRov2-Driver/install/bluerov2_controller/lib/python3.10/site-packages/bluerov2_controller
[0.866s] copying /home/akshat/ROS-Humble-BlueRov2-Driver/build/bluerov2_controller/build/lib/bluerov2_controller/roll_controller.py -> /home/akshat/ROS-Humble-BlueRov2-Driver/install/bluerov2_controller/lib/python3.10/site-packages/bluerov2_controller
[0.866s] copying /home/akshat/ROS-Humble-BlueRov2-Driver/build/bluerov2_controller/build/lib/bluerov2_controller/pid.py -> /home/akshat/ROS-Humble-BlueRov2-Driver/install/bluerov2_controller/lib/python3.10/site-packages/bluerov2_controller
[0.866s] copying /home/akshat/ROS-Humble-BlueRov2-Driver/build/bluerov2_controller/build/lib/bluerov2_controller/depth_controller.py -> /home/akshat/ROS-Humble-BlueRov2-Driver/install/bluerov2_controller/lib/python3.10/site-packages/bluerov2_controller
[0.866s] copying /home/akshat/ROS-Humble-BlueRov2-Driver/build/bluerov2_controller/build/lib/bluerov2_controller/yaw_controller.py -> /home/akshat/ROS-Humble-BlueRov2-Driver/install/bluerov2_controller/lib/python3.10/site-packages/bluerov2_controller
[0.867s] copying /home/akshat/ROS-Humble-BlueRov2-Driver/build/bluerov2_controller/build/lib/bluerov2_controller/__init__.py -> /home/akshat/ROS-Humble-BlueRov2-Driver/install/bluerov2_controller/lib/python3.10/site-packages/bluerov2_controller
[0.867s] copying /home/akshat/ROS-Humble-BlueRov2-Driver/build/bluerov2_controller/build/lib/bluerov2_controller/video.py -> /home/akshat/ROS-Humble-BlueRov2-Driver/install/bluerov2_controller/lib/python3.10/site-packages/bluerov2_controller
[0.867s] copying /home/akshat/ROS-Humble-BlueRov2-Driver/build/bluerov2_controller/build/lib/bluerov2_controller/controller.py -> /home/akshat/ROS-Humble-BlueRov2-Driver/install/bluerov2_controller/lib/python3.10/site-packages/bluerov2_controller
[0.867s] copying /home/akshat/ROS-Humble-BlueRov2-Driver/build/bluerov2_controller/build/lib/bluerov2_controller/pitch_controller.py -> /home/akshat/ROS-Humble-BlueRov2-Driver/install/bluerov2_controller/lib/python3.10/site-packages/bluerov2_controller
[0.867s] copying /home/akshat/ROS-Humble-BlueRov2-Driver/build/bluerov2_controller/build/lib/bluerov2_controller/input_controller.py -> /home/akshat/ROS-Humble-BlueRov2-Driver/install/bluerov2_controller/lib/python3.10/site-packages/bluerov2_controller
[0.867s] byte-compiling /home/akshat/ROS-Humble-BlueRov2-Driver/install/bluerov2_controller/lib/python3.10/site-packages/bluerov2_controller/roll_controller.py to roll_controller.cpython-310.pyc
[0.868s] byte-compiling /home/akshat/ROS-Humble-BlueRov2-Driver/install/bluerov2_controller/lib/python3.10/site-packages/bluerov2_controller/pid.py to pid.cpython-310.pyc
[0.868s] byte-compiling /home/akshat/ROS-Humble-BlueRov2-Driver/install/bluerov2_controller/lib/python3.10/site-packages/bluerov2_controller/depth_controller.py to depth_controller.cpython-310.pyc
[0.869s] byte-compiling /home/akshat/ROS-Humble-BlueRov2-Driver/install/bluerov2_controller/lib/python3.10/site-packages/bluerov2_controller/yaw_controller.py to yaw_controller.cpython-310.pyc
[0.870s] byte-compiling /home/akshat/ROS-Humble-BlueRov2-Driver/install/bluerov2_controller/lib/python3.10/site-packages/bluerov2_controller/__init__.py to __init__.cpython-310.pyc
[0.870s] byte-compiling /home/akshat/ROS-Humble-BlueRov2-Driver/install/bluerov2_controller/lib/python3.10/site-packages/bluerov2_controller/video.py to video.cpython-310.pyc
[0.871s] byte-compiling /home/akshat/ROS-Humble-BlueRov2-Driver/install/bluerov2_controller/lib/python3.10/site-packages/bluerov2_controller/controller.py to controller.cpython-310.pyc
[0.872s] byte-compiling /home/akshat/ROS-Humble-BlueRov2-Driver/install/bluerov2_controller/lib/python3.10/site-packages/bluerov2_controller/pitch_controller.py to pitch_controller.cpython-310.pyc
[0.872s] byte-compiling /home/akshat/ROS-Humble-BlueRov2-Driver/install/bluerov2_controller/lib/python3.10/site-packages/bluerov2_controller/input_controller.py to input_controller.cpython-310.pyc
[0.873s] running install_data
[0.873s] copying resource/bluerov2_controller -> /home/akshat/ROS-Humble-BlueRov2-Driver/install/bluerov2_controller/share/ament_index/resource_index/packages
[0.873s] copying package.xml -> /home/akshat/ROS-Humble-BlueRov2-Driver/install/bluerov2_controller/share/bluerov2_controller
[0.873s] running install_egg_info
[0.875s] Copying ../../build/bluerov2_controller/bluerov2_controller.egg-info to /home/akshat/ROS-Humble-BlueRov2-Driver/install/bluerov2_controller/lib/python3.10/site-packages/bluerov2_controller-0.0.0-py3.10.egg-info
[0.875s] running install_scripts
[0.890s] Installing controller script to /home/akshat/ROS-Humble-BlueRov2-Driver/install/bluerov2_controller/lib/bluerov2_controller
[0.891s] Installing depth_controller script to /home/akshat/ROS-Humble-BlueRov2-Driver/install/bluerov2_controller/lib/bluerov2_controller
[0.891s] Installing input_controller script to /home/akshat/ROS-Humble-BlueRov2-Driver/install/bluerov2_controller/lib/bluerov2_controller
[0.891s] Installing pitch_controller script to /home/akshat/ROS-Humble-BlueRov2-Driver/install/bluerov2_controller/lib/bluerov2_controller
[0.891s] Installing roll_controller script to /home/akshat/ROS-Humble-BlueRov2-Driver/install/bluerov2_controller/lib/bluerov2_controller
[0.891s] Installing video script to /home/akshat/ROS-Humble-BlueRov2-Driver/install/bluerov2_controller/lib/bluerov2_controller
[0.891s] Installing yaw_controller script to /home/akshat/ROS-Humble-BlueRov2-Driver/install/bluerov2_controller/lib/bluerov2_controller
[0.891s] writing list of installed files to '/home/akshat/ROS-Humble-BlueRov2-Driver/build/bluerov2_controller/install.log'
[0.909s] Invoked command in '/home/akshat/ROS-Humble-BlueRov2-Driver/src/bluerov2_controller' returned '0': AMENT_PREFIX_PATH=/home/akshat/ROS-Humble-BlueRov2-Driver/install/bluerov2_interfaces:${AMENT_PREFIX_PATH} CMAKE_PREFIX_PATH=/home/akshat/ROS-Humble-BlueRov2-Driver/install/bluerov2_interfaces:${CMAKE_PREFIX_PATH} LD_LIBRARY_PATH=/home/akshat/ROS-Humble-BlueRov2-Driver/install/bluerov2_interfaces/lib:${LD_LIBRARY_PATH} PYTHONPATH=/home/akshat/ROS-Humble-BlueRov2-Driver/build/bluerov2_controller/prefix_override:/usr/lib/python3/dist-packages/colcon_core/task/python/colcon_distutils_commands:/home/akshat/ROS-Humble-BlueRov2-Driver/install/bluerov2_controller/lib/python3.10/site-packages:/home/akshat/ROS-Humble-BlueRov2-Driver/install/bluerov2_interfaces/local/lib/python3.10/dist-packages:${PYTHONPATH} /usr/bin/python3 -W ignore:setup.py install is deprecated setup.py egg_info --egg-base ../../build/bluerov2_controller build --build-base /home/akshat/ROS-Humble-BlueRov2-Driver/build/bluerov2_controller/build install --record /home/akshat/ROS-Humble-BlueRov2-Driver/build/bluerov2_controller/install.log --single-version-externally-managed install_data
